filename,statement,error,error_stack_trace
sql/bronze_scope/sql-reference-functions/Semi-structured_and_structured_data/as_time.slt,"WITH as_time_example AS (
  SELECT TO_VARIANT(TO_TIME('12:34:56')) AS time1
)
SELECT TO_TIME(time1) AS time_value
  FROM as_time_example","000301 (02000): Error during planning: Failed to coerce arguments to satisfy a call to 'to_time' function: coercion from [Time64(Nanosecond)] to the signature OneOf([String(1), String(2), Exact([Timestamp(Nanosecond, None)]), Exact([Timestamp(Microsecond, None)]), Exact([Timestamp(Millisecond, None)]), Exact([Timestamp(Second, None)])]) failed No function matches the given name and argument types 'to_time(Time64(Nanosecond))'. You might need to add explicit type casts.
	Candidate functions:
	to_time(String(1))
	to_time(String(2))
	to_time(Timestamp(Nanosecond, None))
	to_time(Timestamp(Microsecond, None))
	to_time(Timestamp(Millisecond, None))
	to_time(Timestamp(Second, None))","0: 00000000-0000-0000-0000-077edd0c35da: Query execution error: DataFusion error: This feature is not implemented: Function 'localtime' is not implemented yet. Details: https://docs.snowflake.com/en/sql-reference/functions/localtime, at crates/core-executor/src/service.rs:589:60
1: DataFusion error: This feature is not implemented: Function 'localtime' is not implemented yet. Details: https://docs.snowflake.com/en/sql-reference/functions/localtime, at crates/core-executor/src/query.rs:303:44
2: NotImplemented(""Function 'localtime' is not implemented yet. Details: https://docs.snowflake.com/en/sql-reference/functions/localtime"")"
sql/bronze_scope/sql-reference-functions/String_&_binary/length.slt,"WITH binary_demo_table AS (
  SELECT 'hello' AS v,
         TO_BINARY(HEX_ENCODE('hello'), 'HEX') AS b_hex,
         TO_BINARY(BASE64_ENCODE('hello'), 'BASE64') AS b_base64,
         TO_BINARY('hello', 'UTF-8') AS b_utf8
)
SELECT v, LENGTH(v),
       TO_VARCHAR(b_hex, 'HEX') AS b_hex, LENGTH(b_hex),
       TO_VARCHAR(b_base64, 'BASE64') AS b_base64, LENGTH(b_base64),
       TO_VARCHAR(b_utf8, 'UTF-8') AS b_utf8, LENGTH(b_utf8)
FROM binary_demo_table",000301 (02000): SQL compilation error: unsupported feature: Function 'base64_encode' is not implemented yet. Details: https://docs.snowflake.com/en/sql-reference/functions/base64_encode,
sql/bronze_scope/sql-reference-functions/Context/localtime.slt,SELECT LOCALTIME(),000301 (02000): SQL compilation error: unsupported feature: Function 'localtime' is not implemented yet. Details: https://docs.snowflake.com/en/sql-reference/functions/localtime,
sql/bronze_scope/sql-reference-functions/Data_generation/uniform.slt,"SELECT UNIFORM(1, 10, RANDOM()) FROM TABLE(GENERATOR(ROWCOUNT => 5))",000301 (02000): SQL compilation error: unsupported feature: Function 'uniform' is not implemented yet. Details: https://docs.snowflake.com/en/sql-reference/functions/uniform,
sql/bronze_scope/sql-reference-functions/Semi-structured_and_structured_data/array_sort.slt,"SELECT ARRAY_INSERT(ARRAY_INSERT(ARRAY_CONSTRUCT(), 3, 2), 6, 1) arr, ARRAY_SORT(arr)",000506 (02000): Position 3 is out of bounds for array of length 0,"0: 00000000-0000-0000-0000-077edd0c32b5: Query execution error: DataFusion error: This feature is not implemented: Function 'uniform' is not implemented yet. Details: https://docs.snowflake.com/en/sql-reference/functions/uniform, at crates/core-executor/src/service.rs:589:60
1: DataFusion error: This feature is not implemented: Function 'uniform' is not implemented yet. Details: https://docs.snowflake.com/en/sql-reference/functions/uniform, at crates/core-executor/src/query.rs:303:44
2: NotImplemented(""Function 'uniform' is not implemented yet. Details: https://docs.snowflake.com/en/sql-reference/functions/uniform"")"
sql/bronze_scope/sql-reference-functions/Data_generation/uniform.slt,"SELECT UNIFORM(0::FLOAT, 1::FLOAT, RANDOM()) FROM TABLE(GENERATOR(ROWCOUNT => 5))",000301 (02000): SQL compilation error: unsupported feature: Function 'uniform' is not implemented yet. Details: https://docs.snowflake.com/en/sql-reference/functions/uniform,"0: 00000000-0000-0000-0000-077edd0c31e5: Query execution error: DataFusion error: Arrow error: Invalid argument error: Invalid float value, at crates/core-executor/src/service.rs:589:60
1: DataFusion error: Arrow error: Invalid argument error: Invalid float value, at crates/core-executor/src/query.rs:2205:22
2: ArrowError(InvalidArgumentError(""Invalid float value""), Some(""""))"
sql/bronze_scope/sql-reference-functions/Semi-structured_and_structured_data/array_sort.slt,"SELECT ARRAY_SORT([1, 1, 1, 1, 1, 1, 1, 1, 1, 1, 1, 1, 1, 1, 1, 1, 1e0::REAL]) AS array_of_different_numeric_types",000601 (02000): Arrow error: Invalid argument error: Invalid float value,
sql/bronze_scope/sql-reference-functions/Date_&_time/timestamp_from_parts.slt,"select timestamp_tz_from_parts(2013, 4, 5, 12, 00, 00, 0, 'America/Los_Angeles')","000301 (02000): Internal error: Function 'timestamp_from_parts' returned value of type 'Timestamp(Nanosecond, None)' while the following type was promised at planning time and expected: 'Timestamp(Nanosecond, Some(""America/Los_Angeles""))'.
This issue was likely caused by a bug in DataFusion's code. Please help us to resolve this by filing a bug report in our issue tracker: https://github.com/apache/datafusion/issues",
sql/bronze_scope/sql-reference-functions/Data_generation/uniform.slt,"SELECT UNIFORM(1, 10, 1234) FROM TABLE(GENERATOR(ROWCOUNT => 5))",000301 (02000): SQL compilation error: unsupported feature: Function 'uniform' is not implemented yet. Details: https://docs.snowflake.com/en/sql-reference/functions/uniform,
sql/bronze_scope/sql-reference-functions/Window/conditional_true_event.slt,"WITH table1 AS (
  SELECT * FROM VALUES
    ('Alberta',    0, 10),
    ('Alberta',    0, 10),
    ('Alberta',   13, 10),
    ('Alberta',   13, 11),
    ('Alberta',   14, 11),
    ('Alberta',   15, 12),
    ('Alberta', NULL, NULL),
    ('Manitoba',   30, 30)
  AS t(province, o_col, o2_col)
)
SELECT province, o_col,
      CONDITIONAL_CHANGE_EVENT(o_col)
        OVER (PARTITION BY province ORDER BY o_col)
          AS change_event,
      CONDITIONAL_TRUE_EVENT(o_col)
        OVER (PARTITION BY province ORDER BY o_col)
          AS true_event
    FROM table1
    ORDER BY province, o_col",000301 (02000): SQL compilation error: unsupported feature: Function 'conditional_change_event' is not implemented yet. Details: https://docs.snowflake.com/en/sql-reference/functions/conditional_change_event,
sql/bronze_scope/sql-reference-functions/Numeric/square.slt,"WITH TEMP_VALUES AS (
    SELECT column1 FROM VALUES
    (0.0),
    (1.0),
    (-2.0),
    (3.15),
    (NULL)
    AS TEMP_VALUES(column1)
)
SELECT column1, square(column1)
FROM TEMP_VALUES;",000301 (02000): SQL compilation error: unsupported feature: Function 'square' is not implemented yet. Details: https://docs.snowflake.com/en/sql-reference/functions/square,
sql/bronze_scope/sql-reference-functions/Window/conditional_true_event.slt,"WITH borrowers AS (
  SELECT * FROM VALUES
    ('Geoffrey Flake', '2018-01-01'::DATE,    0.0,    0.0),
    ('Geoffrey Flake', '2018-02-01'::DATE, 1000.0,    0.0),
    ('Geoffrey Flake', '2018-03-01'::DATE, 2000.0, 1000.0),
    ('Geoffrey Flake', '2018-04-01'::DATE,    0.0,    0.0),
    ('Geoffrey Flake', '2018-05-01'::DATE, 1000.0,    0.0),
    ('Geoffrey Flake', '2018-06-01'::DATE, 2000.0, 1000.0),
    ('Geoffrey Flake', '2018-07-01'::DATE,    0.0,    0.0),
    ('Geoffrey Flake', '2018-08-01'::DATE,    0.0,    0.0),
    ('Cy Dismal', '2018-01-01'::DATE,    0.0,    0.0),
    ('Cy Dismal', '2018-02-01'::DATE,    0.0,    0.0),
    ('Cy Dismal', '2018-03-01'::DATE, 1000.0,    0.0),
    ('Cy Dismal', '2018-04-01'::DATE, 2000.0, 1000.0),
    ('Cy Dismal', '2018-05-01'::DATE, 3000.0, 2000.0),
    ('Cy Dismal', '2018-06-01'::DATE, 4000.0, 3000.0),
    ('Cy Dismal', '2018-07-01'::DATE, 5000.0, 4000.0),
    ('Cy Dismal', '2018-08-01'::DATE, 6000.0, 5000.0),
    ('Leslie Safer', '2018-01-01'::DATE,    0.0,    0.0),
    ('Leslie Safer', '2018-02-01'::DATE,    0.0,    0.0),
    ('Leslie Safer', '2018-03-01'::DATE, 1000.0, 1000.0),
    ('Leslie Safer', '2018-04-01'::DATE, 2000.0, 1000.0),
    ('Leslie Safer', '2018-05-01'::DATE, 2000.0, 1000.0),
    ('Leslie Safer', '2018-06-01'::DATE, 2000.0, 1000.0),
    ('Leslie Safer', '2018-07-01'::DATE, 2000.0, 1000.0),
    ('Leslie Safer', '2018-08-01'::DATE, 2000.0, 1000.0),
    ('Ida Idyll', '2018-01-01'::DATE,    0.0,    0.0),
    ('Ida Idyll', '2018-02-01'::DATE,    0.0,    0.0),
    ('Ida Idyll', '2018-03-01'::DATE,    0.0,    0.0),
    ('Ida Idyll', '2018-04-01'::DATE,    0.0,    0.0),
    ('Ida Idyll', '2018-05-01'::DATE,    0.0,    0.0),
    ('Ida Idyll', '2018-06-01'::DATE,    0.0,    0.0),
    ('Ida Idyll', '2018-07-01'::DATE,    0.0,    0.0),
    ('Ida Idyll', '2018-08-01'::DATE,    0.0,    0.0)
  AS t(name, status_date, late_balance, thirty_day_late_balance)
)
SELECT name, status_date, late_balance AS ""OVERDUE"",
        thirty_day_late_balance AS ""30 DAYS OVERDUE"",
        CONDITIONAL_CHANGE_EVENT(thirty_day_late_balance)
          OVER (PARTITION BY name ORDER BY status_date) AS change_event_cnt,
        CONDITIONAL_TRUE_EVENT(thirty_day_late_balance)
          OVER (PARTITION BY name ORDER BY status_date) AS true_cnt
    FROM borrowers
    ORDER BY name, status_date",000301 (02000): SQL compilation error: unsupported feature: Function 'conditional_change_event' is not implemented yet. Details: https://docs.snowflake.com/en/sql-reference/functions/conditional_change_event,
sql/bronze_scope/sql-reference-functions/Window/conditional_true_event.slt,"WITH tbl AS (
  SELECT * FROM VALUES
    (100,1,1,70,'seventy'),
    (100,2,2,30,'thirty'),
    (100,3,3,40,'fourty'),
    (100,4,NULL,90,'ninety'),
    (100,5,5,50,'fifty'),
    (100,6,6,30,'thirty'),
    (200,7,7,40,'fourty'),
    (200,8,NULL,NULL,'n_u_l_l'),
    (200,9,NULL,NULL,'n_u_l_l'),
    (200,10,10,20,'twenty'),
    (200,11,NULL,90,'ninety'),
    (300,12,12,30,'thirty'),
    (400,13,NULL,20,'twenty')
  AS t(p, o, i, r, s)
)
SELECT p, o, CONDITIONAL_TRUE_EVENT(LAG(O) OVER (PARTITION BY P ORDER BY O) >1) OVER (PARTITION BY P ORDER BY O) FROM tbl ORDER BY p, o;","000301 (02000): SQL compilation error: unsupported feature: Physical plan does not support logical expression WindowFunction(WindowFunction { fun: WindowUDF(WindowUDF { inner: WindowShift { signature: Signature { type_signature: OneOf([Any(1), Any(2), Any(3)]), volatility: Immutable }, kind: Lag } }), params: WindowFunctionParams { args: [Column(Column { relation: Some(Bare { table: ""tbl"" }), name: ""o"" })], partition_by: [Column(Column { relation: Some(Bare { table: ""tbl"" }), name: ""p"" })], order_by: [Sort { expr: Column(Column { relation: Some(Bare { table: ""tbl"" }), name: ""o"" }), asc: true, nulls_first: false }], window_frame: WindowFrame { units: Range, start_bound: Preceding(Int64(NULL)), end_bound: CurrentRow, is_causal: false }, filter: None, null_treatment: None, distinct: false } })","0: 00000000-0000-0000-0000-077edd0c2928: Query execution error: DataFusion error: SQL error: ParserError(""Expected: [EXTERNAL] TABLE or [MATERIALIZED] VIEW or FUNCTION after CREATE OR REPLACE, found: SCHEMA at Line: 1, Column: 19""), at crates/core-executor/src/service.rs:589:60
1: DataFusion error: SQL error: ParserError(""Expected: [EXTERNAL] TABLE or [MATERIALIZED] VIEW or FUNCTION after CREATE OR REPLACE, found: SCHEMA at Line: 1, Column: 19""), at crates/core-executor/src/query.rs:303:44
2: SQL(ParserError(""Expected: [EXTERNAL] TABLE or [MATERIALIZED] VIEW or FUNCTION after CREATE OR REPLACE, found: SCHEMA at Line: 1, Column: 19""), None)"
sql/bronze_scope/sql-reference-functions/Metadata/get_ddl.slt,CREATE OR REPLACE SCHEMA BOOKS_SCHEMA;,"000301 (02000): SQL error: ParserError(""Expected: [EXTERNAL] TABLE or [MATERIALIZED] VIEW or FUNCTION after CREATE OR REPLACE, found: SCHEMA at Line: 1, Column: 19"")",
sql/bronze_scope/sql-reference-functions/Metadata/get_ddl.slt,"SELECT GET_DDL('SCHEMA', 'books_schema')",000301 (02000): SQL compilation error: unsupported feature: Function 'get_ddl' is not implemented yet. Details: https://docs.snowflake.com/en/sql-reference/functions/get_ddl,
sql/bronze_scope/sql-reference-functions/Metadata/get_ddl.slt,"CREATE OR REPLACE WAREHOUSE my_wh
  WAREHOUSE_SIZE=LARGE
  INITIALLY_SUSPENDED=TRUE;","000301 (02000): SQL error: ParserError(""Expected: [EXTERNAL] TABLE or [MATERIALIZED] VIEW or FUNCTION after CREATE OR REPLACE, found: WAREHOUSE at Line: 1, Column: 19"")",
sql/bronze_scope/sql-reference-functions/Numeric/sign.slt,"SELECT SIGN(5), SIGN(-1.35e-10), SIGN(0)",000301 (02000): SQL compilation error: unsupported feature: Function 'sign' is not implemented yet. Details: https://docs.snowflake.com/en/sql-reference/functions/sign,
sql/bronze_scope/sql-reference-functions/Metadata/get_ddl.slt,"SELECT REPLACE(REPLACE(REPLACE(GET_DDL('WAREHOUSE', 'my_wh'), '\\n', ' '), '\\t', ' '), '\\r', '');",000301 (02000): SQL compilation error: unsupported feature: Function 'get_ddl' is not implemented yet. Details: https://docs.snowflake.com/en/sql-reference/functions/get_ddl,
sql/bronze_scope/sql-reference-functions/Metadata/get_ddl.slt,"CREATE OR REPLACE HYBRID TABLE ht_weather
 (id INT PRIMARY KEY,
  start_time TIMESTAMP,
  precip NUMBER(3,2),
  city VARCHAR(20),
  county VARCHAR(20));","000301 (02000): SQL error: ParserError(""Expected: [EXTERNAL] TABLE or [MATERIALIZED] VIEW or FUNCTION after CREATE OR REPLACE, found: HYBRID at Line: 1, Column: 19"")",
sql/bronze_scope/sql-reference-functions/Numeric/width_bucket.slt,"WITH home_sales AS (
    SELECT * FROM VALUES
    ('2013-08-01'::DATE, 290000.00),
    ('2014-02-01'::DATE, 320000.00),
    ('2015-04-01'::DATE, 399999.99),
    ('2016-04-01'::DATE, 400000.00),
    ('2017-04-01'::DATE, 470000.00),
    ('2018-04-01'::DATE, 510000.00)
    AS home_sales(sale_date, price)
)
SELECT 
    sale_date, 
    price,
    WIDTH_BUCKET(price, 200000, 600000, 4) AS ""SALES GROUP""
  FROM home_sales
  ORDER BY sale_date",000301 (02000): SQL compilation error: unsupported feature: Function 'width_bucket' is not implemented yet. Details: https://docs.snowflake.com/en/sql-reference/functions/width_bucket,
sql/bronze_scope/sql-reference-functions/Metadata/get_ddl.slt,"SELECT REPLACE(REPLACE(REPLACE(GET_DDL('TABLE','ht_weather'), '\\n', ' '), '\\t', ' '), '\\r', '')",000301 (02000): SQL compilation error: unsupported feature: Function 'get_ddl' is not implemented yet. Details: https://docs.snowflake.com/en/sql-reference/functions/get_ddl,
sql/bronze_scope/sql-reference-functions/Table/result_scan.slt,SELECT * FROM TABLE(RESULT_SCAN(LAST_QUERY_ID())) WHERE value > 1;,002003 (42000): SQL compilation error: column 'value' not found,
sql/bronze_scope/sql-reference-functions/Window/ratio_to_report.slt,"WITH store_profit AS (
    SELECT * FROM VALUES
    (1, 'Ontario', 300::NUMERIC(11, 2)),
    (2, 'Saskatchewan', 250::NUMERIC(11, 2)),
    (3, 'Ontario', 450::NUMERIC(11, 2)),
    (4, 'Ontario', NULL::NUMERIC(11, 2))
    AS store_profit(store_ID, province, profit)
)
SELECT 
    store_ID, profit, 
    100 * RATIO_TO_REPORT(profit) OVER () AS percent_profit
FROM store_profit
ORDER BY store_ID",000301 (02000): SQL compilation error: unsupported feature: Function 'ratio_to_report' is not implemented yet. Details: https://docs.snowflake.com/en/sql-reference/functions/ratio_to_report,
sql/bronze_scope/sql-reference-functions/Window/ratio_to_report.slt,"WITH store_profit AS (
    SELECT * FROM VALUES
    (1, 'Ontario', 300::NUMERIC(11, 2)),
    (2, 'Saskatchewan', 250::NUMERIC(11, 2)),
    (3, 'Ontario', 450::NUMERIC(11, 2)),
    (4, 'Ontario', NULL::NUMERIC(11, 2))
    AS store_profit(store_ID, province, profit)
)
SELECT 
    province, store_ID, profit, 
    100 * RATIO_TO_REPORT(profit) OVER (PARTITION BY province) AS percent_profit
FROM store_profit
ORDER BY province, store_ID",000301 (02000): SQL compilation error: unsupported feature: Function 'ratio_to_report' is not implemented yet. Details: https://docs.snowflake.com/en/sql-reference/functions/ratio_to_report,
sql/bronze_scope/sql-reference-functions/String_&_binary/uuid_string.slt,SELECT UUID_STRING(),000301 (02000): SQL compilation error: unsupported feature: Function 'uuid_string' is not implemented yet. Details: https://docs.snowflake.com/en/sql-reference/functions/uuid_string,
sql/bronze_scope/sql-reference-functions/String_&_binary/uuid_string.slt,"SELECT UUID_STRING('fe971b24-9572-4005-b22f-351e9c09274d','foo')",000301 (02000): SQL compilation error: unsupported feature: Function 'uuid_string' is not implemented yet. Details: https://docs.snowflake.com/en/sql-reference/functions/uuid_string,
sql/bronze_scope/sql-reference-commands/Query_syntax/where.slt,"SELECT d.department_name, p.project_name, e.employee_name
    FROM  departments d, projects p, employees e
    WHERE
            p.department_id = d.department_id
        AND
            e.project_id = p.project_id(+)
    ORDER BY d.department_id, p.project_id, e.employee_id;","000301 (02000): SQL compilation error: unsupported feature: Unsupported ast node in sqltorel: OuterJoin(CompoundIdentifier([Ident { value: ""p"", quote_style: None, span: Span(Location(1,171)..Location(1,172)) }, Ident { value: ""project_id"", quote_style: None, span: Span(Location(1,173)..Location(1,183)) }]))",
sql/bronze_scope/sql-reference-functions/String_&_binary/uuid_string.slt,"WITH uuid_insert_test AS (
    SELECT UUID_STRING() AS random_uuid, 'test1' AS test
    UNION ALL
    SELECT UUID_STRING(), 'test2'
    UNION ALL
    SELECT UUID_STRING(), 'test3'
    UNION ALL
    SELECT UUID_STRING(), 'test4'
    UNION ALL
    SELECT UUID_STRING(), 'test5'
)
SELECT * FROM uuid_insert_test;",000301 (02000): SQL compilation error: unsupported feature: Function 'uuid_string' is not implemented yet. Details: https://docs.snowflake.com/en/sql-reference/functions/uuid_string,
sql/bronze_scope/sql-reference-commands/Query_syntax/where.slt,"SELECT d.department_name, p.project_name, e.employee_name
    FROM  departments d, projects p, employees e
    WHERE
            p.department_id(+) = d.department_id
        AND
            e.project_id(+) = p.project_id
    ORDER BY d.department_id, p.project_id, e.employee_id;","000301 (02000): SQL compilation error: unsupported feature: Unsupported ast node in sqltorel: OuterJoin(CompoundIdentifier([Ident { value: ""p"", quote_style: None, span: Span(Location(1,118)..Location(1,119)) }, Ident { value: ""department_id"", quote_style: None, span: Span(Location(1,120)..Location(1,133)) }]))",
sql/bronze_scope/sql-reference-functions/Semi-structured_and_structured_data/as_integer.slt,"WITH as_integer_example AS (
  SELECT TO_VARIANT(15) AS integer1
)
SELECT AS_INTEGER(integer1) AS integer_value
  FROM as_integer_example",000301 (02000): SQL compilation error: unsupported feature: Function 'as_integer' is not implemented yet. Details: https://docs.snowflake.com/en/sql-reference/functions/as_integer,
sql/bronze_scope/sql-reference-functions/Semi-structured_and_structured_data/object_agg.slt,"WITH raw_data(g, k, val) AS (
  SELECT * FROM VALUES
    (0, 'name', 'Joe'),
    (0, 'age', '21'),
    (1, 'name', 'Sue'),
    (1, 'zip', '94401')
),
objectagg_example AS (
  SELECT
    g,
    k,
    val::VARIANT AS v
  FROM
    raw_data
)
SELECT
  OBJECT_AGG(k, v) AS aggregated_object
FROM
  objectagg_example
GROUP BY
  g
ORDER BY
  g DESC;",000502 (02000): Failed to serialize value to JSON: expected value at line 1 column 1,
sql/bronze_scope/sql-reference-functions/Semi-structured_and_structured_data/object_agg.slt,"WITH raw_data(g, k, val) AS (
  SELECT * FROM VALUES
    (0, 'name', 'Joe'),
    (0, 'age', '21'),
    (1, 'name', 'Sue'),
    (1, 'zip', '94401')
),
objectagg_example AS (
  SELECT
    g,
    k,
    val::VARIANT AS v
  FROM
    raw_data
),
aggregated_objects AS (
  SELECT
    g,
    OBJECT_AGG(k, v) AS o
  FROM
    objectagg_example
  GROUP BY
    g
)
SELECT
  DENSE_RANK() OVER (ORDER BY g DESC) AS seq,
  f.key,
  f.value
FROM
  aggregated_objects,
  LATERAL FLATTEN(input => o) AS f
ORDER BY
  seq,
  f.key;","000301 (02000): Schema error: No field named k. Valid fields are column1, column2, column3.",
sql/bronze_scope/sql-reference-commands/Query_syntax/where.slt,"SELECT * FROM wh_test
WHERE SUM(a) > 0;",000301 (02000): Error during planning: Aggregate functions are not allowed in the WHERE clause. Consider using HAVING instead,
sql/bronze_scope/sql-reference-functions/Semi-structured_and_structured_data/is_binary.slt,"WITH varbin AS (
  SELECT TO_VARIANT(TO_BINARY('snow', 'utf-8')) AS v
)
SELECT v AS hex_encoded_binary_value
FROM varbin
WHERE IS_BINARY(v)",000301 (02000): SQL compilation error: unsupported feature: Function 'is_binary' is not implemented yet. Details: https://docs.snowflake.com/en/sql-reference/functions/is_binary,
sql/bronze_scope/sql-reference-functions/Semi-structured_and_structured_data/is_char-varchar.slt,"WITH multiple_types AS (
  SELECT
    TO_VARIANT(TO_ARRAY('Example')) AS array1,
    TO_VARIANT(ARRAY_CONSTRUCT('Array-like', 'example')) AS array2,
    TO_VARIANT(TRUE) AS boolean1,
    TO_VARIANT('X') AS varchar1,
    TO_VARIANT('I am a real character') AS varchar2,
    TO_VARIANT(1.23::DECIMAL(6, 3)) AS decimal1,
    TO_VARIANT(3.21::DOUBLE) AS double1,
    TO_VARIANT(15) AS integer1,
    TO_VARIANT(TO_OBJECT(PARSE_JSON('{""Tree"": ""Pine""}'))) AS object1
)
SELECT IS_VARCHAR(varchar1),
       IS_VARCHAR(boolean1)
  FROM multiple_types",002003 (42000): SQL compilation error: Failed to parse JSON string: expected value at line 1 column 1,
sql/bronze_scope/sql-reference-functions/Semi-structured_and_structured_data/to_json.slt,"WITH jdemo1 AS (
  SELECT PARSE_JSON('{""food"":""bard""}') AS v
)
SELECT v, v:food, TO_JSON(v) FROM jdemo1",000301 (02000): SQL compilation error: unsupported feature: Function 'to_json' is not implemented yet. Details: https://docs.snowflake.com/en/sql-reference/functions/to_json,
sql/bronze_scope/sql-reference-functions/String_&_binary/lpad.slt,"WITH raw_strings(v) AS (
  SELECT * FROM VALUES
    ('Hi'),
    ('-123.00'),
    ('Twelve Dollars')
),
padding_example AS (
  SELECT
    v,
    TO_BINARY(HEX_ENCODE(v), 'HEX') AS b
  FROM
    raw_strings
)
SELECT
  b,
  LPAD(b, 10, TO_BINARY(HEX_ENCODE(' '))) AS pad_with_blank,
  LPAD(b, 10, TO_BINARY(HEX_ENCODE('$'))) AS pad_with_dollar_sign
FROM
  padding_example
ORDER BY
  b;","252005: Failed to convert: field b: BINARY::2d3132332e3030, Error: Non-base16 digit found",
sql/bronze_scope/sql-reference-functions/Semi-structured_and_structured_data/to_json.slt,"SELECT TO_JSON(NULL), TO_JSON('null'::VARIANT),
       PARSE_JSON(NULL), PARSE_JSON('null')",000301 (02000): SQL compilation error: unsupported feature: Function 'to_json' is not implemented yet. Details: https://docs.snowflake.com/en/sql-reference/functions/to_json,
sql/bronze_scope/sql-reference-functions/Semi-structured_and_structured_data/to_json.slt,"WITH jdemo2 AS (
  SELECT '{""PI"":3.14}' AS varchar1, PARSE_JSON('{""PI"":3.14}') AS variant1
)
SELECT varchar1,
       PARSE_JSON(varchar1),
       variant1,
       TO_JSON(variant1),
       PARSE_JSON(varchar1) = variant1,
       TO_JSON(variant1) = varchar1
  FROM jdemo2",000301 (02000): SQL compilation error: unsupported feature: Function 'to_json' is not implemented yet. Details: https://docs.snowflake.com/en/sql-reference/functions/to_json,
sql/bronze_scope/sql-reference-functions/Semi-structured_and_structured_data/to_json.slt,"SELECT TO_JSON(PARSE_JSON('{""b"":1,""a"":2}')),
       TO_JSON(PARSE_JSON('{""b"":1,""a"":2}')) = '{""b"":1,""a"":2}',
       TO_JSON(PARSE_JSON('{""b"":1,""a"":2}')) = '{""a"":2,""b"":1}'",000301 (02000): SQL compilation error: unsupported feature: Function 'to_json' is not implemented yet. Details: https://docs.snowflake.com/en/sql-reference/functions/to_json,
sql/bronze_scope/sql-reference-functions/Semi-structured_and_structured_data/array_position.slt,"SELECT ARRAY_POSITION(ARRAY_CONSTRUCT('hello', 'hi'), 'hello'::variant)",000506 (02000): expected value at line 1 column 1,
sql/bronze_scope/sql-reference-functions/Semi-structured_and_structured_data/array_position.slt,"SELECT ARRAY_POSITION(ARRAY_CONSTRUCT('hello', 'hi'), 'hi'::variant)",000506 (02000): expected value at line 1 column 1,
sql/bronze_scope/sql-reference-functions/Semi-structured_and_structured_data/array_position.slt,"SELECT ARRAY_POSITION(ARRAY_CONSTRUCT('hola', 'bonjour'), 'hello'::variant)",000506 (02000): expected value at line 1 column 1,
sql/bronze_scope/sql-reference-functions/Semi-structured_and_structured_data/as_date.slt,"WITH as_date_example AS (
  SELECT TO_VARIANT(TO_DATE('2024-10-10')) AS date1
)
SELECT AS_DATE(date1) date_value
  FROM as_date_example",000301 (02000): SQL compilation error: unsupported feature: Function 'as_date' is not implemented yet. Details: https://docs.snowflake.com/en/sql-reference/functions/as_date,
sql/bronze_scope/sql-reference-commands/General_DML/insert.slt,"INSERT INTO t1 (v) VALUES
   (3),
   ('d');",,
sql/bronze_scope/sql-reference-functions/Conditional_expression/decode.slt,"WITH d AS (
  SELECT * FROM VALUES
    (1),
    (2),
    (NULL),
    (4)
  AS t(column1)
)
SELECT
  column1,
  DECODE(
    column1,
    1, 'one',
    2, 'two',
    NULL, '-NULL-',
    'other'
  ) AS decode_result
FROM
  d;","000301 (02000): Error during planning: Execution error: Function 'decode' user-defined coercion failed with ""Error during planning: decode expects to get 2 arguments, but got 8"" No function matches the given name and argument types 'decode(Int64, Int64, Utf8, Int64, Utf8, Null, Utf8, Utf8)'. You might need to add explicit type casts.
	Candidate functions:
	decode(UserDefined)",
sql/bronze_scope/sql-reference-functions/Conditional_expression/decode.slt,"WITH d AS (
    SELECT * FROM VALUES
    (1),
    (2),
    (NULL),
    (4)
 AS t(column1))
SELECT column1, decode(column1,
                       1, 'one',
                       2, 'two',
                       NULL, '-NULL-',
                       'other'
                       ) AS decode_result
    FROM d","000301 (02000): Error during planning: Execution error: Function 'decode' user-defined coercion failed with ""Error during planning: decode expects to get 2 arguments, but got 8"" No function matches the given name and argument types 'decode(Int64, Int64, Utf8, Int64, Utf8, Null, Utf8, Utf8)'. You might need to add explicit type casts.
	Candidate functions:
	decode(UserDefined)",
sql/bronze_scope/sql-reference-functions/String_&_binary/unicode.slt,"SELECT column1, UNICODE(column1), CHAR(UNICODE(column1))
FROM values('a'), ('\\u2744'), ('cde'), (''), (null)",000301 (02000): SQL compilation error: unsupported feature: Function 'unicode' is not implemented yet. Details: https://docs.snowflake.com/en/sql-reference/functions/unicode,"0: 00000000-0000-0000-0000-077edd0bfd91: Query execution error: DataFusion error: This feature is not implemented: Function 'sha2_binary' is not implemented yet. Details: https://docs.snowflake.com/en/sql-reference/functions/sha2_binary, at crates/core-executor/src/service.rs:589:60
1: DataFusion error: This feature is not implemented: Function 'sha2_binary' is not implemented yet. Details: https://docs.snowflake.com/en/sql-reference/functions/sha2_binary, at crates/core-executor/src/query.rs:303:44
2: NotImplemented(""Function 'sha2_binary' is not implemented yet. Details: https://docs.snowflake.com/en/sql-reference/functions/sha2_binary"")"
sql/bronze_scope/sql-reference-functions/Encryption/encrypt_raw.slt,"WITH binary_table AS (
    SELECT
        SHA2_BINARY('NotSecretEnough', 256) AS encryption_key,
        SUBSTR(TO_BINARY(HEX_ENCODE('AlsoNotSecretEnough'), 'HEX'), 0, 12) AS initialization_vector,
        TO_BINARY(HEX_ENCODE('Bonjour'), 'HEX') AS binary_column,
        TO_BINARY(HEX_ENCODE('additional data'), 'HEX') AS aad_column,
        ENCRYPT_RAW(TO_BINARY(HEX_ENCODE('Bonjour'), 'HEX'),
            SHA2_BINARY('NotSecretEnough', 256),
            SUBSTR(TO_BINARY(HEX_ENCODE('AlsoNotSecretEnough'), 'HEX'), 0, 12),
            TO_BINARY(HEX_ENCODE('additional data'), 'HEX'),
            'AES-GCM') AS encrypted_binary_column
)
SELECT 'Bonjour' as original_value,
       binary_column,
       hex_decode_string(to_varchar(binary_column)) as decoded,
       encrypted_binary_column,
       decrypt_raw(as_binary(get(encrypted_binary_column, 'ciphertext')),
                  encryption_key,
                  as_binary(get(encrypted_binary_column, 'iv')),
                  aad_column,
                  'AES-GCM',
                  as_binary(get(encrypted_binary_column, 'tag')))
           as decrypted,
       hex_decode_string(to_varchar(decrypt_raw(as_binary(get(encrypted_binary_column, 'ciphertext')),
                  encryption_key,
                  as_binary(get(encrypted_binary_column, 'iv')),
                  aad_column,
                  'AES-GCM',
                  as_binary(get(encrypted_binary_column, 'tag')))
                  ))
           as decrypted_and_decoded
    FROM binary_table",000301 (02000): SQL compilation error: unsupported feature: Function 'sha2_binary' is not implemented yet. Details: https://docs.snowflake.com/en/sql-reference/functions/sha2_binary,
sql/bronze_scope/sql-reference-functions/Encryption/encrypt_raw.slt,"WITH
    binary_table AS (
        SELECT
            SHA2_BINARY('NotSecretEnough', 256) AS encryption_key,
            SUBSTR(TO_BINARY(HEX_ENCODE('AlsoNotSecretEnough'), 'HEX'), 0, 12) AS initialization_vector,
            TO_BINARY(HEX_ENCODE('Bonjour'), 'HEX') AS binary_column,
            TO_BINARY(HEX_ENCODE('additional data'), 'HEX') AS aad_column,
            ENCRYPT_RAW(TO_BINARY(HEX_ENCODE('Bonjour'), 'HEX'),
                SHA2_BINARY('NotSecretEnough', 256),
                SUBSTR(TO_BINARY(HEX_ENCODE('AlsoNotSecretEnough'), 'HEX'), 0, 12),
                TO_BINARY(HEX_ENCODE('additional data'), 'HEX'),
                'AES-GCM') AS encrypted_binary_column
    ),
    decrypted_but_not_decoded as (
        SELECT decrypt_raw(as_binary(get(encrypted_binary_column, 'ciphertext')),
                      encryption_key,
                      as_binary(get(encrypted_binary_column, 'iv')),
                      aad_column,
                      'AES-GCM',
                      as_binary(get(encrypted_binary_column, 'tag')))
        FROM binary_table
    )
SELECT 'Bonjour' as original_value,
       binary_column,
       hex_decode_string(to_varchar(binary_column)) as decoded,
       encrypted_binary_column,
       (SELECT * FROM decrypted_but_not_decoded) as decrypted_but_not_decoded,
       hex_decode_string(to_varchar((SELECT * FROM decrypted_but_not_decoded)))
           as decrypted_and_decoded
    FROM binary_table",000301 (02000): SQL compilation error: unsupported feature: Function 'sha2_binary' is not implemented yet. Details: https://docs.snowflake.com/en/sql-reference/functions/sha2_binary,
sql/bronze_scope/sql-reference-functions/Date_&_time/date_trunc.slt,"WITH test_date_trunc AS (
  SELECT * FROM VALUES
  ('2024-05-09'::DATE, '08:50:48'::TIME, '2024-05-09 08:50:57.891 -0700'::TIMESTAMP)
  AS V(mydate, mytime, mytimestamp)
)
SELECT mytime AS ""TIME"",
       DATE_TRUNC('minute', mytime) AS ""TRUNCATED TO MINUTE""
  FROM test_date_trunc","000301 (02000): Error during planning: Failed to coerce arguments to satisfy a call to 'date_trunc' function: coercion from [Utf8, Time64(Nanosecond)] to the signature OneOf([Exact([Utf8, Timestamp(Nanosecond, None)]), Exact([Utf8View, Timestamp(Nanosecond, None)]), Exact([Utf8, Timestamp(Nanosecond, Some(""+TZ""))]), Exact([Utf8View, Timestamp(Nanosecond, Some(""+TZ""))]), Exact([Utf8, Timestamp(Microsecond, None)]), Exact([Utf8View, Timestamp(Microsecond, None)]), Exact([Utf8, Timestamp(Microsecond, Some(""+TZ""))]), Exact([Utf8View, Timestamp(Microsecond, Some(""+TZ""))]), Exact([Utf8, Timestamp(Millisecond, None)]), Exact([Utf8View, Timestamp(Millisecond, None)]), Exact([Utf8, Timestamp(Millisecond, Some(""+TZ""))]), Exact([Utf8View, Timestamp(Millisecond, Some(""+TZ""))]), Exact([Utf8, Timestamp(Second, None)]), Exact([Utf8View, Timestamp(Second, None)]), Exact([Utf8, Timestamp(Second, Some(""+TZ""))]), Exact([Utf8View, Timestamp(Second, Some(""+TZ""))])]) failed No function matches the given name and argument types 'date_trunc(Utf8, Time64(Nanosecond))'. You might need to add explicit type casts.
	Candidate functions:
	date_trunc(Utf8, Timestamp(Nanosecond, None))
	date_trunc(Utf8View, Timestamp(Nanosecond, None))
	date_trunc(Utf8, Timestamp(Nanosecond, Some(""+TZ"")))
	date_trunc(Utf8View, Timestamp(Nanosecond, Some(""+TZ"")))
	date_trunc(Utf8, Timestamp(Microsecond, None))
	date_trunc(Utf8View, Timestamp(Microsecond, None))
	date_trunc(Utf8, Timestamp(Microsecond, Some(""+TZ"")))
	date_trunc(Utf8View, Timestamp(Microsecond, Some(""+TZ"")))
	date_trunc(Utf8, Timestamp(Millisecond, None))
	date_trunc(Utf8View, Timestamp(Millisecond, None))
	date_trunc(Utf8, Timestamp(Millisecond, Some(""+TZ"")))
	date_trunc(Utf8View, Timestamp(Millisecond, Some(""+TZ"")))
	date_trunc(Utf8, Timestamp(Second, None))
	date_trunc(Utf8View, Timestamp(Second, None))
	date_trunc(Utf8, Timestamp(Second, Some(""+TZ"")))
	date_trunc(Utf8View, Timestamp(Second, Some(""+TZ"")))",
sql/bronze_scope/sql-reference-functions/String_&_binary/bit_length.slt,"WITH bl AS (
    SELECT * FROM VALUES
        ('abc', NULL),
        ('\\u0394', X'A1B2')
    AS bl(v, b)
)
SELECT v, b, BIT_LENGTH(v), BIT_LENGTH(b) FROM bl ORDER BY v","000301 (02000): Error during planning: Internal error: Expect TypeSignatureClass::Native(LogicalType(Native(String), String)) but received NativeType::Binary, DataType: Binary.
This issue was likely caused by a bug in DataFusion's code. Please help us to resolve this by filing a bug report in our issue tracker: https://github.com/apache/datafusion/issues No function matches the given name and argument types 'bit_length(Binary)'. You might need to add explicit type casts.
	Candidate functions:
	bit_length(Coercion(TypeSignatureClass::Native(LogicalType(Native(String), String))))",
sql/bronze_scope/sql-reference-functions/Context/localtimestamp.slt,SELECT LOCALTIMESTAMP(),000301 (02000): SQL compilation error: unsupported feature: Function 'localtimestamp' is not implemented yet. Details: https://docs.snowflake.com/en/sql-reference/functions/localtimestamp,"0: 00000000-0000-0000-0000-077edd0bf66d: Query execution error: DataFusion error: Error during planning: Failed to coerce arguments to satisfy a call to 'right' function: coercion from [Utf8, Decimal128(20, 0)] to the signature OneOf([Exact([Utf8View, Int64]), Exact([Utf8, Int64]), Exact([LargeUtf8, Int64])]) failed No function matches the given name and argument types 'right(Utf8, Decimal128(20, 0))'. You might need to add explicit type casts.
	Candidate functions:
	right(Utf8View, Int64)
	right(Utf8, Int64)
	right(LargeUtf8, Int64), at crates/core-executor/src/service.rs:589:60
1: DataFusion error: Error during planning: Failed to coerce arguments to satisfy a call to 'right' function: coercion from [Utf8, Decimal128(20, 0)] to the signature OneOf([Exact([Utf8View, Int64]), Exact([Utf8, Int64]), Exact([LargeUtf8, Int64])]) failed No function matches the given name and argument types 'right(Utf8, Decimal128(20, 0))'. You might need to add explicit type casts.
	Candidate functions:
	right(Utf8View, Int64)
	right(Utf8, Int64)
	right(LargeUtf8, Int64), at crates/core-executor/src/query.rs:2162:14
2: Plan(""Failed to coerce arguments to satisfy a call to 'right' function: coercion from [Utf8, Decimal128(20, 0)] to the signature OneOf([Exact([Utf8View, Int64]), Exact([Utf8, Int64]), Exact([LargeUtf8, Int64])]) failed No function matches the given name and argument types 'right(Utf8, Decimal128(20, 0))'. You might need to add explicit type casts.\\n\\tCandidate functions:\\n\\tright(Utf8View, Int64)\\n\\tright(Utf8, Int64)\\n\\tright(LargeUtf8, Int64)"")"
sql/bronze_scope/sql-reference-functions/String_&_binary/right.slt,"WITH customer_contact_example AS (
  SELECT * FROM VALUES
    (1, 'some_text@example.com', '800-555-0100', '20210320'),
    (2, 'some_other_text@example.org', '800-555-0101', '20240509'),
    (3, 'some_different_text@example.net', '800-555-0102', '20191017')
  AS t(cust_id, cust_email, cust_phone, activation_date)
)
SELECT cust_id,
       cust_email,
       RIGHT(cust_email, LENGTH(cust_email) - (POSITION('@' IN cust_email))) AS domain
  FROM customer_contact_example","000301 (02000): Error during planning: Failed to coerce arguments to satisfy a call to 'right' function: coercion from [Utf8, Decimal128(20, 0)] to the signature OneOf([Exact([Utf8View, Int64]), Exact([Utf8, Int64]), Exact([LargeUtf8, Int64])]) failed No function matches the given name and argument types 'right(Utf8, Decimal128(20, 0))'. You might need to add explicit type casts.
	Candidate functions:
	right(Utf8View, Int64)
	right(Utf8, Int64)
	right(LargeUtf8, Int64)",
sql/bronze_scope/sql-reference-commands/General_DML/insert.slt,"INSERT OVERWRITE INTO sf_employees
  SELECT * FROM employees
  WHERE city = 'San Francisco';",000301 (02000): SQL compilation error: unsupported feature: Overwrite not implemented for MemoryTable yet,
sql/bronze_scope/sql-reference-functions/String_&_binary/startswith.slt,"WITH strings_test(s) AS (SELECT * FROM
  VALUES
    ('test'),
    ('testing'),
    ('best'),
    ('rest'),
    ('tempt'),
    ('stat'),
    (null)
)
SELECT * FROM strings_test WHERE startswith(s, 'te')",000301 (02000): SQL compilation error: unsupported feature: Function 'startswith' is not implemented yet. Details: https://docs.snowflake.com/en/sql-reference/functions/startswith,
sql/bronze_scope/sql-reference-functions/Aggregate/count_if.slt,"WITH basic_example(i_col, j_col) AS (
    SELECT * FROM VALUES
        (11, 101), (11, 102), (11, NULL), (12, 101), (NULL, 101), (NULL, 102)
)
SELECT COUNT_IF(TRUE) FROM basic_example;",000301 (02000): SQL compilation error: unsupported feature: Function 'count_if' is not implemented yet. Details: https://docs.snowflake.com/en/sql-reference/functions/count_if,
sql/bronze_scope/sql-reference-functions/Aggregate/count_if.slt,"WITH basic_example(i_col, j_col) AS (
    SELECT * FROM VALUES
        (11, 101), (11, 102), (11, NULL), (12, 101), (NULL, 101), (NULL, 102)
)
SELECT COUNT_IF(j_col > i_col) FROM basic_example;",000301 (02000): SQL compilation error: unsupported feature: Function 'count_if' is not implemented yet. Details: https://docs.snowflake.com/en/sql-reference/functions/count_if,
sql/bronze_scope/sql-reference-functions/Date_&_time/to_timestamp.slt,"SELECT 0::TIMESTAMP_NTZ, PARSE_JSON(0)::TIMESTAMP_NTZ, PARSE_JSON(0)::INT::TIMESTAMP_NTZ","000301 (02000): Error during planning: Projections require unique expression names but the expression ""to_timestamp_ntz(parse_json(Int64(0)))"" at position 1 and ""to_timestamp_ntz(CAST(parse_json(Int64(0)) AS Int64))"" at position 2 have the same name. Consider aliasing (""AS"") one of them.",
sql/bronze_scope/sql-reference-functions/Date_&_time/to_timestamp.slt,"SELECT TO_TIMESTAMP_NTZ(0), TO_TIMESTAMP_NTZ(PARSE_JSON(0)), TO_TIMESTAMP_NTZ(PARSE_JSON(0)::INT)","000301 (02000): Error during planning: Projections require unique expression names but the expression ""to_timestamp_ntz(parse_json(Int64(0)))"" at position 1 and ""to_timestamp_ntz(CAST(parse_json(Int64(0)) AS Int64))"" at position 2 have the same name. Consider aliasing (""AS"") one of them.",
sql/bronze_scope/sql-reference-functions/Aggregate/count_if.slt,"WITH basic_example(i_col, j_col) AS (
    SELECT * FROM VALUES
        (11, 101), (11, 102), (11, NULL), (12, 101), (NULL, 101), (NULL, 102)
)
SELECT COUNT_IF(i_col IS NOT NULL AND j_col IS NOT NULL) FROM basic_example;",000301 (02000): SQL compilation error: unsupported feature: Function 'count_if' is not implemented yet. Details: https://docs.snowflake.com/en/sql-reference/functions/count_if,
sql/bronze_scope/sql-reference-commands/General_DML/insert.slt,INSERT INTO ins_types VALUES ('not an integer');,"000601 (02000): Arrow error: Cast error: Cannot cast string 'not an integer' to value of Decimal128(38, 10) type",
sql/bronze_scope/sql-reference-functions/Semi-structured_and_structured_data/as_real.slt,"SELECT n, AS_REAL(v), TYPEOF(v)
  FROM (
    SELECT column1 AS n, PARSE_JSON(column2) AS v
      FROM VALUES (1, 'null'),
                  (2, null),
                  (3, 'true'),
                  (4, '-17'),
                  (5, '123.12'),
                  (6, '1.912e2'),
                  (7, '""Om ara pa ca na dhih""  '),
                  (8, '[-1, 12, 289, 2188, false,]'),
                  (9, '{ ""x"" : ""abc"", ""y"" : false, ""z"": 10} ')
         AS vals
  ) AS vartab
  ORDER BY n",000301 (02000): SQL compilation error: unsupported feature: Function 'as_real' is not implemented yet. Details: https://docs.snowflake.com/en/sql-reference/functions/as_double-real,
sql/bronze_scope/sql-reference-functions/Semi-structured_and_structured_data/as_real.slt,"SELECT AVG(AS_REAL(v)) FROM (
    SELECT PARSE_JSON(column2) AS v
      FROM VALUES (1, 'null'),
                  (2, null),
                  (3, 'true'),
                  (4, '-17'),
                  (5, '123.12'),
                  (6, '1.912e2'),
                  (7, '""Om ara pa ca na dhih""  '),
                  (8, '[-1, 12, 289, 2188, false,]'),
                  (9, '{ ""x"" : ""abc"", ""y"" : false, ""z"": 10} ')
         AS vals
  ) AS vartab",000301 (02000): SQL compilation error: unsupported feature: Function 'as_real' is not implemented yet. Details: https://docs.snowflake.com/en/sql-reference/functions/as_double-real,
sql/bronze_scope/sql-reference-functions/String_&_binary/sha1.slt,SELECT sha1('Snowflake'),000301 (02000): SQL compilation error: unsupported feature: Function 'sha1' is not implemented yet. Details: https://docs.snowflake.com/en/sql-reference/functions/sha1,
sql/bronze_scope/sql-reference-functions/String_&_binary/sha1.slt,"SELECT 'AbCd0', SHA1('AbCd0'), SHA1_HEX('AbCd0')",000301 (02000): SQL compilation error: unsupported feature: Function 'sha1' is not implemented yet. Details: https://docs.snowflake.com/en/sql-reference/functions/sha1,
sql/bronze_scope/data-types/datetime.slt,"CREATE OR REPLACE TABLE test_time (
    id INTEGER,
    event_time TIME(3)
);","000301 (02000): SQL compilation error: unsupported feature: Unsupported SQL type Time(Some(3), None)",
sql/bronze_scope/data-types/datetime.slt,"INSERT INTO test_time VALUES 
    (1, '12:34:56.789'),
    (2, '00:00:00.000'),
    (3, '23:59:59.999'),
    (4, '12:00:00'),      -- No fractional seconds
    (5, TIME('15:30:45.123')),
    (6, NULL);",000301 (02000): Error during planning: table 'embucket.public.test_time' not found,
sql/bronze_scope/data-types/datetime.slt,"SELECT id, event_time FROM test_time ORDER BY id;",002003 (42000): SQL compilation error: table 'embucket.public.test_time' not found,
sql/bronze_scope/sql-reference-functions/Aggregate/sum.slt,"WITH sum_example(k, d, s1, s2) AS (
  SELECT * FROM VALUES
    (1, 1.1, '1.1', 'one'),
    (1, 10, '10', 'ten'),
    (2, 2.2, '2.2', 'two'),
    (2, NULL, NULL, 'null'),
    (3, NULL, NULL, 'null'),
    (NULL, 9, '9.9', 'nine')
)
-- This line is now reachable and will cause the expected error
SELECT SUM(CAST(s2 AS DECIMAL(10,5))) FROM sum_example;","000601 (02000): Arrow error: Cast error: Cannot cast string 'one' to value of Decimal128(38, 10) type",
sql/bronze_scope/data-types/number.slt,"INSERT INTO test_number_int VALUES 
    (1, 12345678901234567890123456789012345678),
    (2, -12345678901234567890123456789012345678),
    (3, 0),
    (4, 1),
    (5, -1),
    (6, NULL);","010001 (02000): Threaded Job error: Panic: Number less than minimum value that can be represented.:    0: snafu::backtrace_impl::<impl snafu::GenerateImplicitData for std::backtrace::Backtrace>::generate
             at /home/runner/.cargo/registry/src/index.crates.io-1949cf8c6b5b557f/snafu-0.8.9/src/backtrace_impl_std.rs:5:9
   1: snafu::GenerateImplicitData::generate_with_source
             at /home/runner/.cargo/registry/src/index.crates.io-1949cf8c6b5b557f/snafu-0.8.9/src/lib.rs:1361:9
   2: <core_executor::error::JobSnafu as snafu::IntoError<core_executor::error::Error>>::into_error
             at ./crates/core-executor/src/error.rs:17:10
   3: <core::result::Result<T,E> as snafu::ResultExt<T,E>>::context
             at /home/runner/.cargo/registry/src/index.crates.io-1949cf8c6b5b557f/snafu-0.8.9/src/lib.rs:902:39
   4: core_executor::query::UserQuery::execute_logical_plan::{{closure}}
             at ./crates/core-executor/src/query.rs:2212:14
   5: core_executor::query::UserQuery::execute_with_custom_plan::{{closure}}::{{closure}}::{{closure}}
             at ./crates/core-executor/src/query.rs:2293:41
   6: core_executor::query::UserQuery::execute_with_custom_plan::{{closure}}::{{closure}}
             at ./crates/core-executor/src/query.rs:2256:5
   7: core_executor::query::UserQuery::execute_with_custom_plan::{{closure}}
             at ./crates/core-executor/src/query.rs:2256:5
   8: <core::pin::Pin<P> as core::future::future::Future>::poll
             at /rustc/1159e78c4747b02ef996e55082b704c09b970588/library/core/src/future/future.rs:133:9
   9: core_executor::query::UserQuery::execute::{{closure}}::{{closure}}::{{closure}}
             at ./crates/core-executor/src/query.rs:423:81
  10: core_executor::query::UserQuery::execute::{{closure}}::{{closure}}
             at ./crates/core-executor/src/query.rs:291:5
  11: core_executor::query::UserQuery::execute::{{closure}}
             at ./crates/core-executor/src/query.rs:291:5
  12: <tokio::time::timeout::Timeout<T> as core::future::future::Future>::poll
             at /home/runner/.cargo/registry/src/index.crates.io-1949cf8c6b5b557f/tokio-1.47.1/src/time/timeout.rs:202:42
  13: <core_executor::service::CoreExecutionService as core_executor::service::ExecutionService>::submit_query::{{closure}}::{{closure}}::{{closure}}::{{closure}}::{{closure}}
             at /home/runner/.cargo/registry/src/index.crates.io-1949cf8c6b5b557f/tokio-1.47.1/src/macros/select.rs:708:49
  14: <core::future::poll_fn::PollFn<F> as core::future::future::Future>::poll
             at /rustc/1159e78c4747b02ef996e55082b704c09b970588/library/core/src/future/poll_fn.rs:151:9
  15: <core_executor::service::CoreExecutionService as core_executor::service::ExecutionService>::submit_query::{{closure}}::{{closure}}::{{closure}}::{{closure}}
             at ./crates/core-executor/src/service.rs:582:39
  16: <tracing::instrument::Instrumented<T> as core::future::future::Future>::poll
             at /home/runner/.cargo/registry/src/index.crates.io-1949cf8c6b5b557f/tracing-0.1.41/src/instrument.rs:321:15
  17: <core::pin::Pin<P> as core::future::future::Future>::poll
             at /rustc/1159e78c4747b02ef996e55082b704c09b970588/library/core/src/future/future.rs:133:9
  18: tokio::runtime::task::core::Core<T,S>::poll::{{closure}}
             at /home/runner/.cargo/registry/src/index.crates.io-1949cf8c6b5b557f/tokio-1.47.1/src/runtime/task/core.rs:365:24
  19: tokio::loom::std::unsafe_cell::UnsafeCell<T>::with_mut
             at /home/runner/.cargo/registry/src/index.crates.io-1949cf8c6b5b557f/tokio-1.47.1/src/loom/std/unsafe_cell.rs:16:9
  20: tokio::runtime::task::core::Core<T,S>::poll
             at /home/runner/.cargo/registry/src/index.crates.io-1949cf8c6b5b557f/tokio-1.47.1/src/runtime/task/core.rs:354:30
  21: tokio::runtime::task::harness::poll_future::{{closure}}
             at /home/runner/.cargo/registry/src/index.crates.io-1949cf8c6b5b557f/tokio-1.47.1/src/runtime/task/harness.rs:535:30
  22: <core::panic::unwind_safe::AssertUnwindSafe<F> as core::ops::function::FnOnce<()>>::call_once
             at /rustc/1159e78c4747b02ef996e55082b704c09b970588/library/core/src/panic/unwind_safe.rs:272:9
  23: std::panicking::catch_unwind::do_call
             at /rustc/1159e78c4747b02ef996e55082b704c09b970588/library/std/src/panicking.rs:589:40
  24: __rust_try
  25: std::panicking::catch_unwind
             at /rustc/1159e78c4747b02ef996e55082b704c09b970588/library/std/src/panicking.rs:552:19
  26: std::panic::catch_unwind
             at /rustc/1159e78c4747b02ef996e55082b704c09b970588/library/std/src/panic.rs:359:14
  27: tokio::runtime::task::harness::poll_future
             at /home/runner/.cargo/registry/src/index.crates.io-1949cf8c6b5b557f/tokio-1.47.1/src/runtime/task/harness.rs:523:18
  28: tokio::runtime::task::harness::Harness<T,S>::poll_inner
             at /home/runner/.cargo/registry/src/index.crates.io-1949cf8c6b5b557f/tokio-1.47.1/src/runtime/task/harness.rs:210:27
  29: tokio::runtime::task::harness::Harness<T,S>::poll
             at /home/runner/.cargo/registry/src/index.crates.io-1949cf8c6b5b557f/tokio-1.47.1/src/runtime/task/harness.rs:155:20
  30: tokio::runtime::task::raw::poll
             at /home/runner/.cargo/registry/src/index.crates.io-1949cf8c6b5b557f/tokio-1.47.1/src/runtime/task/raw.rs:325:13
  31: tokio::runtime::task::raw::RawTask::poll
             at /home/runner/.cargo/registry/src/index.crates.io-1949cf8c6b5b557f/tokio-1.47.1/src/runtime/task/raw.rs:255:18
  32: tokio::runtime::task::LocalNotified<S>::run
             at /home/runner/.cargo/registry/src/index.crates.io-1949cf8c6b5b557f/tokio-1.47.1/src/runtime/task/mod.rs:509:13
  33: tokio::runtime::scheduler::multi_thread::worker::Context::run_task::{{closure}}
             at /home/runner/.cargo/registry/src/index.crates.io-1949cf8c6b5b557f/tokio-1.47.1/src/runtime/scheduler/multi_thread/worker.rs:600:18
  34: tokio::task::coop::with_budget
             at /home/runner/.cargo/registry/src/index.crates.io-1949cf8c6b5b557f/tokio-1.47.1/src/task/coop/mod.rs:167:5
  35: tokio::task::coop::budget
             at /home/runner/.cargo/registry/src/index.crates.io-1949cf8c6b5b557f/tokio-1.47.1/src/task/coop/mod.rs:133:5
  36: tokio::runtime::scheduler::multi_thread::worker::Context::run_task
             at /home/runner/.cargo/registry/src/index.crates.io-1949cf8c6b5b557f/tokio-1.47.1/src/runtime/scheduler/multi_thread/worker.rs:591:9
  37: tokio::runtime::scheduler::multi_thread::worker::Context::run
             at /home/runner/.cargo/registry/src/index.crates.io-1949cf8c6b5b557f/tokio-1.47.1/src/runtime/scheduler/multi_thread/worker.rs:539:29
  38: tokio::runtime::scheduler::multi_thread::worker::run::{{closure}}::{{closure}}
             at /home/runner/.cargo/registry/src/index.crates.io-1949cf8c6b5b557f/tokio-1.47.1/src/runtime/scheduler/multi_thread/worker.rs:504:24
  39: tokio::runtime::context::scoped::Scoped<T>::set
             at /home/runner/.cargo/registry/src/index.crates.io-1949cf8c6b5b557f/tokio-1.47.1/src/runtime/context/scoped.rs:40:9
  40: tokio::runtime::context::set_scheduler::{{closure}}
             at /home/runner/.cargo/registry/src/index.crates.io-1949cf8c6b5b557f/tokio-1.47.1/src/runtime/context.rs:176:38
  41: std::thread::local::LocalKey<T>::try_with
             at /rustc/1159e78c4747b02ef996e55082b704c09b970588/library/std/src/thread/local.rs:315:12
  42: std::thread::local::LocalKey<T>::with
             at /rustc/1159e78c4747b02ef996e55082b704c09b970588/library/std/src/thread/local.rs:279:20
  43: tokio::runtime::context::set_scheduler
             at /home/runner/.cargo/registry/src/index.crates.io-1949cf8c6b5b557f/tokio-1.47.1/src/runtime/context.rs:176:17
  44: tokio::runtime::scheduler::multi_thread::worker::run::{{closure}}
             at /home/runner/.cargo/registry/src/index.crates.io-1949cf8c6b5b557f/tokio-1.47.1/src/runtime/scheduler/multi_thread/worker.rs:499:9
  45: tokio::runtime::context::runtime::enter_runtime
             at /home/runner/.cargo/registry/src/index.crates.io-1949cf8c6b5b557f/tokio-1.47.1/src/runtime/context/runtime.rs:65:16
  46: tokio::runtime::scheduler::multi_thread::worker::run
             at /home/runner/.cargo/registry/src/index.crates.io-1949cf8c6b5b557f/tokio-1.47.1/src/runtime/scheduler/multi_thread/worker.rs:491:5
  47: tokio::runtime::scheduler::multi_thread::worker::Launch::launch::{{closure}}
             at /home/runner/.cargo/registry/src/index.crates.io-1949cf8c6b5b557f/tokio-1.47.1/src/runtime/scheduler/multi_thread/worker.rs:457:45
  48: <tokio::runtime::blocking::task::BlockingTask<T> as core::future::future::Future>::poll
             at /home/runner/.cargo/registry/src/index.crates.io-1949cf8c6b5b557f/tokio-1.47.1/src/runtime/blocking/task.rs:42:21
  49: tokio::runtime::task::core::Core<T,S>::poll::{{closure}}
             at /home/runner/.cargo/registry/src/index.crates.io-1949cf8c6b5b557f/tokio-1.47.1/src/runtime/task/core.rs:365:24
  50: tokio::loom::std::unsafe_cell::UnsafeCell<T>::with_mut
             at /home/runner/.cargo/registry/src/index.crates.io-1949cf8c6b5b557f/tokio-1.47.1/src/loom/std/unsafe_cell.rs:16:9
  51: tokio::runtime::task::core::Core<T,S>::poll
             at /home/runner/.cargo/registry/src/index.crates.io-1949cf8c6b5b557f/tokio-1.47.1/src/runtime/task/core.rs:354:30
  52: tokio::runtime::task::harness::poll_future::{{closure}}
             at /home/runner/.cargo/registry/src/index.crates.io-1949cf8c6b5b557f/tokio-1.47.1/src/runtime/task/harness.rs:535:30
  53: <core::panic::unwind_safe::AssertUnwindSafe<F> as core::ops::function::FnOnce<()>>::call_once
             at /rustc/1159e78c4747b02ef996e55082b704c09b970588/library/core/src/panic/unwind_safe.rs:272:9
  54: std::panicking::catch_unwind::do_call
             at /rustc/1159e78c4747b02ef996e55082b704c09b970588/library/std/src/panicking.rs:589:40
  55: __rust_try
  56: std::panicking::catch_unwind
             at /rustc/1159e78c4747b02ef996e55082b704c09b970588/library/std/src/panicking.rs:552:19
  57: std::panic::catch_unwind
             at /rustc/1159e78c4747b02ef996e55082b704c09b970588/library/std/src/panic.rs:359:14
  58: tokio::runtime::task::harness::poll_future
             at /home/runner/.cargo/registry/src/index.crates.io-1949cf8c6b5b557f/tokio-1.47.1/src/runtime/task/harness.rs:523:18
  59: tokio::runtime::task::harness::Harness<T,S>::poll_inner
             at /home/runner/.cargo/registry/src/index.crates.io-1949cf8c6b5b557f/tokio-1.47.1/src/runtime/task/harness.rs:210:27
  60: tokio::runtime::task::harness::Harness<T,S>::poll
             at /home/runner/.cargo/registry/src/index.crates.io-1949cf8c6b5b557f/tokio-1.47.1/src/runtime/task/harness.rs:155:20
  61: tokio::runtime::task::raw::poll
             at /home/runner/.cargo/registry/src/index.crates.io-1949cf8c6b5b557f/tokio-1.47.1/src/runtime/task/raw.rs:325:13
  62: tokio::runtime::task::raw::RawTask::poll
             at /home/runner/.cargo/registry/src/index.crates.io-1949cf8c6b5b557f/tokio-1.47.1/src/runtime/task/raw.rs:255:18
  63: tokio::runtime::task::UnownedTask<S>::run
             at /home/runner/.cargo/registry/src/index.crates.io-1949cf8c6b5b557f/tokio-1.47.1/src/runtime/task/mod.rs:546:13
  64: tokio::runtime::blocking::pool::Task::run
             at /home/runner/.cargo/registry/src/index.crates.io-1949cf8c6b5b557f/tokio-1.47.1/src/runtime/blocking/pool.rs:161:19
  65: tokio::runtime::blocking::pool::Inner::run
             at /home/runner/.cargo/registry/src/index.crates.io-1949cf8c6b5b557f/tokio-1.47.1/src/runtime/blocking/pool.rs:516:22
  66: tokio::runtime::blocking::pool::Spawner::spawn_thread::{{closure}}
             at /home/runner/.cargo/registry/src/index.crates.io-1949cf8c6b5b557f/tokio-1.47.1/src/runtime/blocking/pool.rs:474:47
  67: std::sys::backtrace::__rust_begin_short_backtrace
             at /rustc/1159e78c4747b02ef996e55082b704c09b970588/library/std/src/sys/backtrace.rs:158:18
  68: std::thread::Builder::spawn_unchecked_::{{closure}}::{{closure}}
             at /rustc/1159e78c4747b02ef996e55082b704c09b970588/library/std/src/thread/mod.rs:559:17
  69: <core::panic::unwind_safe::AssertUnwindSafe<F> as core::ops::function::FnOnce<()>>::call_once
             at /rustc/1159e78c4747b02ef996e55082b704c09b970588/library/core/src/panic/unwind_safe.rs:272:9
  70: std::panicking::catch_unwind::do_call
             at /rustc/1159e78c4747b02ef996e55082b704c09b970588/library/std/src/panicking.rs:589:40
  71: __rust_try
  72: std::panicking::catch_unwind
             at /rustc/1159e78c4747b02ef996e55082b704c09b970588/library/std/src/panicking.rs:552:19
  73: std::panic::catch_unwind
             at /rustc/1159e78c4747b02ef996e55082b704c09b970588/library/std/src/panic.rs:359:14
  74: std::thread::Builder::spawn_unchecked_::{{closure}}
             at /rustc/1159e78c4747b02ef996e55082b704c09b970588/library/std/src/thread/mod.rs:557:30
  75: core::ops::function::FnOnce::call_once{{vtable.shim}}
             at /rustc/1159e78c4747b02ef996e55082b704c09b970588/library/core/src/ops/function.rs:253:5
  76: <alloc::boxed::Box<F,A> as core::ops::function::FnOnce<Args>>::call_once
             at /rustc/1159e78c4747b02ef996e55082b704c09b970588/library/alloc/src/boxed.rs:1971:9
  77: std::sys::pal::unix::thread::Thread::new::thread_start
             at /rustc/1159e78c4747b02ef996e55082b704c09b970588/library/std/src/sys/pal/unix/thread.rs:107:17
  78: <unknown>
  79: <unknown>
",
sql/bronze_scope/sql-reference-commands/Query_syntax/connect-by.slt,"SELECT SYS_CONNECT_BY_PATH(title, ' -> ') AS path, employee_ID, manager_ID, title
  FROM employees
    START WITH title = 'President'
    CONNECT BY manager_ID = PRIOR employee_id
  ORDER BY employee_ID;","002003 (42000): SQL compilation error: error line 1 at position 8
Invalid function 'sys_connect_by_path'",
sql/bronze_scope/data-types/datetime.slt,"SELECT 
    CASE 
        WHEN HOUR(TIME('15:30:45')) = 15 THEN 'PASS'
        ELSE 'FAIL'
    END AS hour_function_test;","000301 (02000): custom_type_coercion
caused by
Error during planning: Failed to coerce arguments to satisfy a call to 'hour' function: coercion from [Time64(Nanosecond)] to the signature OneOf([Coercible([Exact { desired_type: Timestamp }]), Exact([Date32]), Exact([Date64])]) failed No function matches the given name and argument types 'hour(Time64(Nanosecond))'. You might need to add explicit type casts.
	Candidate functions:
	hour(Coercion(TypeSignatureClass::Timestamp))
	hour(Date32)
	hour(Date64)",
sql/bronze_scope/data-types/datetime.slt,"SELECT 
    CASE 
        WHEN MINUTE(TIME('15:30:45')) = 30 THEN 'PASS'
        ELSE 'FAIL'
    END AS minute_function_test;","000301 (02000): custom_type_coercion
caused by
Error during planning: Failed to coerce arguments to satisfy a call to 'minute' function: coercion from [Time64(Nanosecond)] to the signature OneOf([Coercible([Exact { desired_type: Timestamp }]), Exact([Date32]), Exact([Date64])]) failed No function matches the given name and argument types 'minute(Time64(Nanosecond))'. You might need to add explicit type casts.
	Candidate functions:
	minute(Coercion(TypeSignatureClass::Timestamp))
	minute(Date32)
	minute(Date64)",
sql/bronze_scope/sql-reference-functions/String_&_binary/endswith.slt,"WITH strings_test(s) AS (SELECT * FROM
  VALUES
    ('coffee'),
    ('ice tea'),
    ('latte'),
    ('tea'),
    (NULL)
)
SELECT * FROM strings_test WHERE ENDSWITH(s, 'te')",000301 (02000): SQL compilation error: unsupported feature: Function 'endswith' is not implemented yet. Details: https://docs.snowflake.com/en/sql-reference/functions/endswith,
sql/bronze_scope/data-types/datetime.slt,"SELECT 
    CASE 
        WHEN SECOND(TIME('15:30:45')) = 45 THEN 'PASS'
        ELSE 'FAIL'
    END AS second_function_test;","000301 (02000): custom_type_coercion
caused by
Error during planning: Failed to coerce arguments to satisfy a call to 'second' function: coercion from [Time64(Nanosecond)] to the signature OneOf([Coercible([Exact { desired_type: Timestamp }]), Exact([Date32]), Exact([Date64])]) failed No function matches the given name and argument types 'second(Time64(Nanosecond))'. You might need to add explicit type casts.
	Candidate functions:
	second(Coercion(TypeSignatureClass::Timestamp))
	second(Date32)
	second(Date64)",
sql/bronze_scope/sql-reference-functions/String_&_binary/endswith.slt,"SELECT ENDSWITH('n', 'n'),
       ENDSWITH('nn', 'n')",000301 (02000): SQL compilation error: unsupported feature: Function 'endswith' is not implemented yet. Details: https://docs.snowflake.com/en/sql-reference/functions/endswith,
sql/bronze_scope/sql-reference-commands/Query_syntax/top_n.slt,SELECT TOP 50 PERCENT * FROM top_test;,000301 (02000): SQL compilation error: unsupported feature: TOP,
sql/bronze_scope/data-types/number.slt,"CREATE OR REPLACE TABLE test_byteint (
    id INTEGER,
    byte_count BYTEINT
);","000301 (02000): SQL compilation error: unsupported feature: Unsupported SQL type Custom(ObjectName([Identifier(Ident { value: ""BYTEINT"", quote_style: None, span: Span(Location(1,78)..Location(1,85)) })]), [])",
sql/bronze_scope/data-types/number.slt,"INSERT INTO test_byteint VALUES 
    (1, 127),
    (2, -128),
    (3, 0),
    (4, NULL);",000301 (02000): Error during planning: table 'embucket.public.test_byteint' not found,
sql/bronze_scope/data-types/number.slt,"SELECT id, byte_count FROM test_byteint ORDER BY id;",002003 (42000): SQL compilation error: table 'embucket.public.test_byteint' not found,
sql/bronze_scope/sql-reference-functions/Numeric/floor.slt,"WITH test_data AS (
  SELECT * FROM VALUES
    (-975.975, -1),
    (-975.975, 0),
    (-975.975, 2),
    (135.135, -2),
    (135.135, 0),
    (135.135, 1),
    (135.135, 3),
    (135.135, 50),
    (135.135, NULL)
  AS test_floor(n, scale)
)
SELECT n, scale, FLOOR(n, scale)
FROM test_data
ORDER BY n, scale","000301 (02000): Error during planning: Failed to coerce arguments to satisfy a call to 'floor' function: coercion from [Decimal128(6, 3), Int64] to the signature Uniform(1, [Float64, Float32]) failed No function matches the given name and argument types 'floor(Decimal128(6, 3), Int64)'. You might need to add explicit type casts.
	Candidate functions:
	floor(Float64/Float32)",
sql/bronze_scope/sql-reference-functions/Semi-structured_and_structured_data/is_object.slt,"WITH multiple_types AS (
  SELECT
    TO_VARIANT(TO_ARRAY('Example')) AS array1,
    TO_VARIANT(ARRAY_CONSTRUCT('Array-like', 'example')) AS array2,
    TO_VARIANT(TRUE) AS boolean1,
    TO_VARIANT('X') AS varchar1,
    TO_VARIANT('I am a real character') AS varchar2,
    TO_VARIANT(1.23::DECIMAL(6, 3)) AS decimal1,
    TO_VARIANT(3.21::DOUBLE) AS double1,
    TO_VARIANT(15) AS integer1,
    TO_VARIANT(TO_OBJECT(PARSE_JSON('{""Tree"": ""Pine""}'))) AS object1
)
SELECT IS_OBJECT(array1),
       IS_OBJECT(boolean1),
       IS_OBJECT(object1)
  FROM multiple_types","000301 (02000): Error during planning: Function 'is_object' expects NativeType::String but received NativeType::List(LogicalField { name: ""item"", logical_type: LogicalType(Native(String), String), nullable: true }) No function matches the given name and argument types 'is_object(List(Field { name: ""item"", data_type: Utf8, nullable: true, dict_id: 0, dict_is_ordered: false, metadata: {} }))'. You might need to add explicit type casts.
	Candidate functions:
	is_object(String(1))",
sql/bronze_scope/sql-reference-functions/Aggregate/percentile_cont.slt,"with aggr(k, v) as (
    select * from values
        (0,  0::decimal(10,2)),
        (0, 10::decimal(10,2)),
        (0, 20::decimal(10,2)),
        (0, 30::decimal(10,2)),
        (0, 40::decimal(10,2)),
        (1, 10::decimal(10,2)),
        (1, 20::decimal(10,2)),
        (2, 10::decimal(10,2)),
        (2, 20::decimal(10,2)),
        (2, 25::decimal(10,2)),
        (2, 30::decimal(10,2)),
        (3, 60::decimal(10,2)),
        (4, NULL::decimal(10,2))
)
select k, percentile_cont(0.25) within group (order by v) 
  from aggr 
  group by k
  order by k",000503 (02000): Unsupported input type: Null on position 1,
sql/bronze_scope/sql-reference-functions/Conditional_expression/greatest_ignore_nulls.slt,"WITH test_greatest_ignore_nulls AS (
  SELECT * FROM VALUES
    (1, 2, 3, 4.25),
    (2, 4, -1, NULL),
    (3, 6, NULL, -2.75)
  AS t(col_1, col_2, col_3, col_4)
)
SELECT col_1,
       col_2,
       col_3,
       col_4,
       GREATEST_IGNORE_NULLS(col_1, col_2, col_3, col_4) AS greatest_ignore_nulls
FROM test_greatest_ignore_nulls
ORDER BY col_1",000301 (02000): SQL compilation error: unsupported feature: Function 'greatest_ignore_nulls' is not implemented yet. Details: https://docs.snowflake.com/en/sql-reference/functions/greatest_ignore_nulls,
sql/bronze_scope/sql-reference-functions/String_&_binary/space.slt,SELECT SPACE(3),000301 (02000): SQL compilation error: unsupported feature: Function 'space' is not implemented yet. Details: https://docs.snowflake.com/en/sql-reference/functions/space,
sql/bronze_scope/sql-reference-functions/String_&_binary/rpad.slt,"WITH raw_strings(v) AS (
  SELECT * FROM VALUES
    ('Hi'),
    ('-123.00'),
    ('Twelve Dollars')
),
padding_example AS (
  SELECT
    v,
    TO_BINARY(HEX_ENCODE(v), 'HEX') AS b
  FROM
    raw_strings
)
SELECT
  b,
  RPAD(b, 10, TO_BINARY(HEX_ENCODE('_'))) AS pad_with_underscore,
  RPAD(b, 10, TO_BINARY(HEX_ENCODE('$'))) AS pad_with_dollar_sign
FROM
  padding_example
ORDER BY
  b;","252005: Failed to convert: field b: BINARY::2d3132332e3030, Error: Non-base16 digit found",
sql/bronze_scope/sql-reference-functions/Aggregate/covar_pop.slt,"WITH aggr AS (
    SELECT * FROM VALUES
    (1, 10::DECIMAL(10,2), NULL::DECIMAL(10,2)),
    (2, 10::DECIMAL(10,2), 11::DECIMAL(10,2)),
    (2, 20::DECIMAL(10,2), 22::DECIMAL(10,2)),
    (2, 25::DECIMAL(10,2), NULL::DECIMAL(10,2)),
    (2, 30::DECIMAL(10,2), 35::DECIMAL(10,2))
    AS aggr(k, v, v2)
)
SELECT k, COVAR_POP(v, v2) FROM aggr GROUP BY k;",000503 (02000): Unsupported input type: Null on position 1,
sql/bronze_scope/sql-reference-functions/Aggregate/regr_slope.slt,"WITH aggr AS (
    SELECT * FROM VALUES
    (1, 10::DECIMAL(10,2), NULL::DECIMAL(10,2)),
    (2, 10::DECIMAL(10,2), 11::DECIMAL(10,2)),
    (2, 20::DECIMAL(10,2), 22::DECIMAL(10,2)),
    (2, 25::DECIMAL(10,2), NULL::DECIMAL(10,2)),
    (2, 30::DECIMAL(10,2), 35::DECIMAL(10,2))
    AS aggr(k, v, v2)
)
SELECT k, REGR_SLOPE(v, v2) FROM aggr GROUP BY k",000503 (02000): Unsupported input type: Null on position 1,
sql/bronze_scope/sql-reference-functions/String_&_binary/position.slt,"SELECT POSITION('an', 'banana', 1)","000301 (02000): Error during planning: Function 'strpos' expects 2 arguments but received 3 No function matches the given name and argument types 'strpos(Utf8, Utf8, Int64)'. You might need to add explicit type casts.
	Candidate functions:
	strpos(Coercion(TypeSignatureClass::Native(LogicalType(Native(String), String))), Coercion(TypeSignatureClass::Native(LogicalType(Native(String), String))))",
sql/bronze_scope/sql-reference-functions/String_&_binary/collate.slt,"WITH collation1 AS (
    SELECT ''::VARCHAR AS v
)
SELECT v,
       COLLATION(v),
       COLLATE(v, 'es-ci'),
       COLLATION(COLLATE(v, 'es-ci'))
  FROM collation1",000301 (02000): SQL compilation error: unsupported feature: Function 'collation' is not implemented yet. Details: https://docs.snowflake.com/en/sql-reference/functions/collation,
sql/bronze_scope/sql-reference-functions/String_&_binary/position.slt,"SELECT POSITION('an', 'banana', 3)","000301 (02000): Error during planning: Function 'strpos' expects 2 arguments but received 3 No function matches the given name and argument types 'strpos(Utf8, Utf8, Int64)'. You might need to add explicit type casts.
	Candidate functions:
	strpos(Coercion(TypeSignatureClass::Native(LogicalType(Native(String), String))), Coercion(TypeSignatureClass::Native(LogicalType(Native(String), String))))",
sql/bronze_scope/sql-reference-functions/String_&_binary/collate.slt,"WITH collation1 AS (
    SELECT ''::VARCHAR AS v
)
SELECT v,
       v = '' AS ""COMPARISON TO LOWER CASE"",
       v = '' AS ""COMPARISON TO UPPER CASE"",
       COLLATE(v, 'es-ci'),
       COLLATE(v, 'es-ci') = ''
  FROM collation1",000301 (02000): SQL compilation error: unsupported feature: Function 'collate' is not implemented yet. Details: https://docs.snowflake.com/en/sql-reference/functions/collate,
sql/bronze_scope/sql-reference-functions/Hash/hash.slt,SELECT HASH(SEQ8()) FROM TABLE(GENERATOR(rowCount=>10)),000301 (02000): SQL compilation error: unsupported feature: Function 'hash' is not implemented yet. Details: https://docs.snowflake.com/en/sql-reference/functions/hash,
sql/bronze_scope/sql-reference-functions/Hash/hash.slt,"SELECT HASH(10), HASH(10::number(38,0)), HASH(10::number(5,3)), HASH(10::float)",000301 (02000): SQL compilation error: unsupported feature: Function 'hash' is not implemented yet. Details: https://docs.snowflake.com/en/sql-reference/functions/hash,
sql/bronze_scope/sql-reference-functions/Conditional_expression/zeroifnull.slt,"WITH TEMP_TABLE AS (
  SELECT column1 
  FROM VALUES (1), (null), (5), (0), (3.14159)
)
SELECT column1, ZEROIFNULL(column1) 
FROM TEMP_TABLE;",002003 (42000): SQL compilation error: table 'embucket.public.temp_table' not found,
sql/bronze_scope/sql-reference-functions/Hash/hash.slt,"SELECT HASH(10), HASH('10')",000301 (02000): SQL compilation error: unsupported feature: Function 'hash' is not implemented yet. Details: https://docs.snowflake.com/en/sql-reference/functions/hash,
sql/bronze_scope/sql-reference-commands/Query_syntax/pivot.slt,"SELECT empid,
       ""'2023_Q1'"" AS q1,
       ""'2023_Q2'"" AS q2,
       ""'2023_Q3'"" AS q3,
       ""'2023_Q4'"" AS q4
  FROM quarterly_sales
    PIVOT(sum(amount) FOR quarter IN (
      '2023_Q1',
      '2023_Q2',
      '2023_Q3',
      '2023_Q4'))
  ORDER BY empid","000301 (02000): Schema error: No field named ""'2023_Q1'"". Did you mean '2023_Q1'?.",
sql/bronze_scope/sql-reference-functions/Hash/hash.slt,"SELECT HASH(null), HASH(null, null), HASH(null, null, null)",000301 (02000): SQL compilation error: unsupported feature: Function 'hash' is not implemented yet. Details: https://docs.snowflake.com/en/sql-reference/functions/hash,
sql/bronze_scope/sql-reference-functions/String_&_binary/initcap.slt,"SELECT INITCAP('this is the new Frame+work', '') AS initcap_result","000301 (02000): Error during planning: Function 'initcap' expects 1 arguments but received 2 No function matches the given name and argument types 'initcap(Utf8, Utf8)'. You might need to add explicit type casts.
	Candidate functions:
	initcap(Coercion(TypeSignatureClass::Native(LogicalType(Native(String), String))))",
sql/bronze_scope/sql-reference-functions/String_&_binary/initcap.slt,"SELECT INITCAP('iqamqinterestedqinqthisqtopic','q') AS initcap_result","000301 (02000): Error during planning: Function 'initcap' expects 1 arguments but received 2 No function matches the given name and argument types 'initcap(Utf8, Utf8)'. You might need to add explicit type casts.
	Candidate functions:
	initcap(Coercion(TypeSignatureClass::Native(LogicalType(Native(String), String))))",
sql/bronze_scope/sql-reference-functions/String_&_binary/initcap.slt,"SELECT INITCAP('lionfRog potatocLoUD', '') AS initcap_result","000301 (02000): Error during planning: Function 'initcap' expects 1 arguments but received 2 No function matches the given name and argument types 'initcap(Utf8, Utf8)'. You might need to add explicit type casts.
	Candidate functions:
	initcap(Coercion(TypeSignatureClass::Native(LogicalType(Native(String), String))))",
sql/bronze_scope/sql-reference-commands/Query_syntax/pivot.slt,"WITH
  sales_without_discount AS
    (SELECT * EXCLUDE(discount_percent) FROM quarterly_sales)
SELECT *
  FROM sales_without_discount
    PIVOT(SUM(amount) FOR quarter IN (ANY ORDER BY quarter))
  ORDER BY empid",002003 (42000): SQL compilation error: table 'embucket.public.quarterly_sales' not found,"0: 00000000-0000-0000-0000-077edd0ba2d3: Query execution error: DataFusion error: Error during planning: Function 'initcap' expects 1 arguments but received 2 No function matches the given name and argument types 'initcap(Utf8, Utf8)'. You might need to add explicit type casts.
	Candidate functions:
	initcap(Coercion(TypeSignatureClass::Native(LogicalType(Native(String), String)))), at crates/core-executor/src/service.rs:589:60
1: DataFusion error: Error during planning: Function 'initcap' expects 1 arguments but received 2 No function matches the given name and argument types 'initcap(Utf8, Utf8)'. You might need to add explicit type casts.
	Candidate functions:
	initcap(Coercion(TypeSignatureClass::Native(LogicalType(Native(String), String)))), at crates/core-executor/src/query.rs:2162:14
2: Plan(""Function 'initcap' expects 1 arguments but received 2 No function matches the given name and argument types 'initcap(Utf8, Utf8)'. You might need to add explicit type casts.\\n\\tCandidate functions:\\n\\tinitcap(Coercion(TypeSignatureClass::Native(LogicalType(Native(String), String))))"")"
sql/bronze_scope/sql-reference-functions/String_&_binary/initcap.slt,"SELECT INITCAP('apple issweetandballIsROUND', 'a b') AS initcap_result","000301 (02000): Error during planning: Function 'initcap' expects 1 arguments but received 2 No function matches the given name and argument types 'initcap(Utf8, Utf8)'. You might need to add explicit type casts.
	Candidate functions:
	initcap(Coercion(TypeSignatureClass::Native(LogicalType(Native(String), String))))","0: 00000000-0000-0000-0000-077edd0ba20c: Query execution error: DataFusion error: Error during planning: table 'embucket.public.quarterly_sales' not found, at crates/core-executor/src/service.rs:589:60
1: DataFusion error: Error during planning: table 'embucket.public.quarterly_sales' not found, at crates/core-executor/src/query.rs:2162:14
2: Diagnostic(Diagnostic { kind: Error, message: ""table 'embucket.public.quarterly_sales' not found"", span: None, notes: [], helps: [] }, Plan(""table 'embucket.public.quarterly_sales' not found""))"
sql/bronze_scope/sql-reference-commands/Query_syntax/pivot.slt,"WITH
  sales_without_amount AS
    (SELECT * EXCLUDE(amount) FROM quarterly_sales)
SELECT *
  FROM sales_without_amount
    PIVOT(AVG(discount_percent) FOR quarter IN (ANY ORDER BY quarter))
  ORDER BY empid",002003 (42000): SQL compilation error: table 'embucket.public.quarterly_sales' not found,
sql/bronze_scope/sql-reference-commands/Query_syntax/pivot.slt,"SELECT SUM(q1_sales) AS q1_sales_total,
       SUM(q2_sales) AS q2_sales_total,
       SUM(q3_sales) AS q3_sales_total,
       SUM(q4_sales) AS q4_sales_total,
       MAX(q1_discount) AS q1_maximum_discount,
       MAX(q2_discount) AS q2_maximum_discount,
       MAX(q3_discount) AS q3_maximum_discount,
       MAX(q4_discount) AS q4_maximum_discount
  FROM
    (SELECT amount,
            quarter AS quarter_amount,
            quarter AS quarter_discount,
            discount_percent
      FROM quarterly_sales)
  PIVOT (
    SUM(amount)
    FOR quarter_amount IN (
      '2023_Q1',
      '2023_Q2',
      '2023_Q3',
      '2023_Q4'))
  PIVOT (
    MAX(discount_percent)
    FOR quarter_discount IN (
      '2023_Q1',
      '2023_Q2',
      '2023_Q3',
      '2023_Q4'))
  AS pivoted_data (
    q1_sales, q2_sales, q3_sales, q4_sales,
    q1_discount, q2_discount, q3_discount, q4_discount
  )",002003 (42000): SQL compilation error: table 'embucket.public.quarterly_sales' not found,
sql/bronze_scope/sql-reference-commands/Query_operators/operators-query.slt,"SELECT zip FROM sales_office_zip_example
MINUS
SELECT zip FROM customer_zip_example",000301 (02000): SQL compilation error: unsupported feature: MINUS  not implemented,
sql/bronze_scope/sql-reference-functions/String_&_binary/search.slt,"SELECT SEARCH('5.1.33','32')",000301 (02000): SQL compilation error: unsupported feature: Function 'search' is not implemented yet. Details: https://docs.snowflake.com/en/sql-reference/functions/search,
sql/bronze_scope/sql-reference-functions/Metadata/generate_column_description.slt,"WITH simulated_infer_schema AS (
    SELECT 'country' AS COLUMN_NAME, 'VARIANT' AS TYPE, TRUE AS NULLABLE
    UNION ALL
    SELECT 'continent', 'TEXT', TRUE
)
SELECT GENERATE_COLUMN_DESCRIPTION(
    ARRAY_AGG(OBJECT_CONSTRUCT('COLUMN_NAME', COLUMN_NAME, 'TYPE', TYPE, 'NULLABLE', NULLABLE)), 'table'
) AS COLUMNS
FROM simulated_infer_schema;",000301 (02000): SQL compilation error: unsupported feature: Function 'generate_column_description' is not implemented yet. Details: https://docs.snowflake.com/en/sql-reference/functions/generate_column_description,
sql/bronze_scope/sql-reference-commands/Query_operators/operators-query.slt,"SELECT zip FROM customer_zip_example
MINUS
SELECT zip FROM sales_office_zip_example",000301 (02000): SQL compilation error: unsupported feature: MINUS  not implemented,
sql/bronze_scope/sql-reference-functions/Metadata/generate_column_description.slt,"WITH simulated_infer_schema AS (
    SELECT 'country' AS COLUMN_NAME, 'VARIANT' AS TYPE, TRUE AS NULLABLE
    UNION ALL
    SELECT 'continent', 'TEXT', TRUE
)
SELECT GENERATE_COLUMN_DESCRIPTION(
    ARRAY_AGG(OBJECT_CONSTRUCT('COLUMN_NAME', COLUMN_NAME, 'TYPE', TYPE, 'NULLABLE', NULLABLE)), 'external_table'
) AS COLUMNS
FROM simulated_infer_schema;",000301 (02000): SQL compilation error: unsupported feature: Function 'generate_column_description' is not implemented yet. Details: https://docs.snowflake.com/en/sql-reference/functions/generate_column_description,
sql/bronze_scope/sql-reference-functions/String_&_binary/search.slt,"WITH lines AS (
  SELECT * FROM VALUES
    (4,'Henry IV Part 1',1,'1.1.1','KING HENRY IV','So shaken as we are, so wan with care,')
  AS t(line_id, play, speech_num, act_scene_line, character, line)
)
SELECT SEARCH(character, 'king queen'), character
  FROM lines
  WHERE line_id=4",000301 (02000): SQL compilation error: unsupported feature: Function 'search' is not implemented yet. Details: https://docs.snowflake.com/en/sql-reference/functions/search,
sql/bronze_scope/sql-reference-functions/String_&_binary/search.slt,"WITH lines AS (
  SELECT * FROM VALUES
    (100109,'Troilus and Cressida',31,'2.1.53','ACHILLES','Why, how now, Ajax! wherefore do you thus? How now,'),
    (16448,'As You Like It',2,'2.3.6','ADAM','And wherefore are you gentle, strong and valiant?'),
    (24055,'The Comedy of Errors',14,'5.1.41','AEMELIA','Be quiet, people. Wherefore throng you hither?'),
    (99330,'Troilus and Cressida',30,'1.1.102','AENEAS','How now, Prince Troilus! wherefore not afield?'),
    (92454,'The Tempest',150,'2.1.343','ALONSO','Wherefore this ghastly looking?')
  AS t(line_id, play, speech_num, act_scene_line, character, line)
)
SELECT *
  FROM lines
  WHERE SEARCH(line, 'wherefore')
  ORDER BY character LIMIT 5",000301 (02000): SQL compilation error: unsupported feature: Function 'search' is not implemented yet. Details: https://docs.snowflake.com/en/sql-reference/functions/search,
sql/bronze_scope/sql-reference-functions/Metadata/generate_column_description.slt,"WITH simulated_infer_schema AS (
    SELECT 'country' AS COLUMN_NAME, 'VARIANT' AS TYPE, TRUE AS NULLABLE
    UNION ALL
    SELECT 'continent', 'TEXT', TRUE
)
SELECT TRIM(GENERATE_COLUMN_DESCRIPTION(
    ARRAY_AGG(OBJECT_CONSTRUCT('COLUMN_NAME', COLUMN_NAME, 'TYPE', TYPE, 'NULLABLE', NULLABLE)), 'view'
)) AS COLUMNS
FROM simulated_infer_schema;",000301 (02000): SQL compilation error: unsupported feature: Function 'generate_column_description' is not implemented yet. Details: https://docs.snowflake.com/en/sql-reference/functions/generate_column_description,
sql/bronze_scope/sql-reference-functions/String_&_binary/search.slt,"WITH lines AS (
  SELECT * FROM VALUES
    (15742,'All''s Well That Ends Well',114,'5.3.378','KING','Your gentle hands lend us, and take our hearts.'),
    (33522,'Hamlet',1,'2.2.1','KING CLAUDIUS','Welcome, dear Rosencrantz and Guildenstern!'),
    (33556,'Hamlet',5,'2.2.35','KING CLAUDIUS','Thanks, Rosencrantz and gentle Guildenstern.'),
    (4,'Henry IV Part 1',1,'1.1.1','KING HENRY IV','So shaken as we are, so wan with care,'),
    (13,'Henry IV Part 1',1,'1.1.10','KING HENRY IV','Which, like the meteors of a troubled heaven,'),
    (43494,'King John',1,'1.1.1','KING JOHN','Now, say, Chatillon, what would France with us?'),
    (43503,'King John',5,'1.1.10','CHATILLON','To this fair island and the territories,'),
    (49031,'King Lear',1,'1.1.1','KENT','I thought the king had more affected the Duke of'),
    (49040,'King Lear',4,'1.1.10','GLOUCESTER','so often blushed to acknowledge him, that now I am'),
    (78407,'Richard II',1,'1.1.1','KING RICHARD II','Old John of Gaunt, time-honour''d Lancaster,')
  AS t(line_id, play, speech_num, act_scene_line, character, line)
)
SELECT play, character
  FROM lines
  WHERE SEARCH((play, character), 'king')
  ORDER BY play, character LIMIT 10",000301 (02000): SQL compilation error: unsupported feature: Function 'search' is not implemented yet. Details: https://docs.snowflake.com/en/sql-reference/functions/search,
sql/bronze_scope/sql-reference-functions/String_&_binary/search.slt,"WITH lines AS (
  SELECT * FROM VALUES
    (75787,'Pericles',178,'1.0.21','LODOVICO','This king unto him took a fere,'),
    (78407,'Richard II',1,'1.1.1','KING RICHARD II','Old John of Gaunt, time-honour''d Lancaster,'),
    (9526,'Henry VI Part 3',1,'1.1.1','WARWICK','I wonder how the king escaped our hands.'),
    (43494,'King John',1,'1.1.1','KING JOHN','Now, say, Chatillon, what would France with us?'),
    (49031,'King Lear',1,'1.1.1','KENT','I thought the king had more affected the Duke of'),
    (4,'Henry IV Part 1',1,'1.1.1','KING HENRY IV','So shaken as we are, so wan with care,'),
    (13,'Henry IV Part 1',1,'1.1.10','KING HENRY IV','Which, like the meteors of a troubled heaven,'),
    (49040,'King Lear',4,'1.1.10','GLOUCESTER','so often blushed to acknowledge him, that now I am'),
    (28487,'Cymbeline',3,'1.1.10','First Gentleman','Is outward sorrow, though I think the king'),
    (43503,'King John',5,'1.1.10','CHATILLON','To this fair island and the territories,')
  AS t(line_id, play, speech_num, act_scene_line, character, line)
)
SELECT play, character, line, act_scene_line
  FROM lines
  WHERE SEARCH((lines.*), 'king')
  ORDER BY act_scene_line LIMIT 10","000301 (02000): SQL error: ParserError(""Expected: ), found: . at Line: 17, Column: 22"")",
sql/bronze_scope/sql-reference-functions/Semi-structured_and_structured_data/array_slice.slt,"SELECT ARRAY_SLICE(NULL, 2, 3)",000506 (02000): Expected UTF8 string for array,
sql/bronze_scope/sql-reference-functions/String_&_binary/search.slt,"WITH lines AS (
  SELECT * FROM VALUES
    (75787,'Pericles',178,'1.0.21','LODOVICO','This king unto him took a fere,'),
    (9526,'Henry VI Part 3',1,'1.1.1','WARWICK','I wonder how the king escaped our hands.'),
    (49031,'King Lear',1,'1.1.1','KENT','I thought the king had more affected the Duke of'),
    (28487,'Cymbeline',3,'1.1.10','First Gentleman','Is outward sorrow, though I think the king')
  AS t(line_id, play, speech_num, act_scene_line, character, line)
)
SELECT play, character, line, act_scene_line
  FROM lines
  WHERE SEARCH((lines.* ILIKE '%line'), 'king')
  ORDER BY act_scene_line LIMIT 10","000301 (02000): SQL error: ParserError(""Expected: ), found: . at Line: 11, Column: 22"")",
sql/bronze_scope/sql-reference-functions/String_&_binary/search.slt,"WITH lines AS (
  SELECT * FROM VALUES
    (75787,'Pericles',178,'1.0.21','LODOVICO','This king unto him took a fere,'),
    (9526,'Henry VI Part 3',1,'1.1.1','WARWICK','I wonder how the king escaped our hands.'),
    (43494,'King John',1,'1.1.1','KING JOHN','Now, say, Chatillon, what would France with us?'),
    (49031,'King Lear',1,'1.1.1','KENT','I thought the king had more affected the Duke of'),
    (28487,'Cymbeline',3,'1.1.10','First Gentleman','Is outward sorrow, though I think the king'),
    (49040,'King Lear',4,'1.1.10','GLOUCESTER','so often blushed to acknowledge him, that now I am'),
    (43503,'King John',5,'1.1.10','CHATILLON','To this fair island and the territories,')
  AS t(line_id, play, speech_num, act_scene_line, character, line)
)
SELECT play, character, line, act_scene_line
  FROM lines
  WHERE SEARCH((lines.* EXCLUDE character), 'king')
  ORDER BY act_scene_line LIMIT 10","000301 (02000): SQL error: ParserError(""Expected: ), found: . at Line: 14, Column: 22"")",
sql/bronze_scope/sql-reference-functions/String_&_binary/search.slt,"WITH lines AS (
  SELECT * FROM VALUES
    (75787,'Pericles',178,'1.0.21','LODOVICO','This king unto him took a fere,'),
    (43494,'King John',1,'1.1.1','KING JOHN','Now, say, Chatillon, what would France with us?'),
    (49031,'King Lear',1,'1.1.1','KENT','I thought the king had more affected the Duke of'),
    (78407,'Richard II',1,'1.1.1','KING RICHARD II','Old John of Gaunt, time-honour''d Lancaster,'),
    (67000,'A Midsummer Night''s Dream',1,'1.1.1','THESEUS','Now, fair Hippolyta, our nuptial hour'),
    (4,'Henry IV Part 1',1,'1.1.1','KING HENRY IV','So shaken as we are, so wan with care,'),
    (12664,'All''s Well That Ends Well',1,'1.1.1','COUNTESS','In delivering my son from me, I bury a second husband.'),
    (9526,'Henry VI Part 3',1,'1.1.1','WARWICK','I wonder how the king escaped our hands.'),
    (52797,'Love''s Labour''s Lost',1,'1.1.1','FERDINAND','Let fame, that all hunt after in their lives,'),
    (28487,'Cymbeline',3,'1.1.10','First Gentleman','Is outward sorrow, though I think the king')
  AS t(line_id, play, speech_num, act_scene_line, character, line)
)
SELECT SEARCH((*), 'king') result, *
  FROM lines
  ORDER BY act_scene_line LIMIT 10","000301 (02000): SQL error: ParserError(""Expected: an expression, found: * at Line: 15, Column: 16"")",
sql/bronze_scope/sql-reference-commands/Query_operators/operators-query.slt,SELECT * FROM u1 UNION SELECT * FROM u2;,"002003 (42000): SQL compilation error: error line 1 at position 1
UNION queries have different number of columns",
sql/bronze_scope/sql-reference-functions/String_&_binary/octet_length.slt,"SELECT OCTET_LENGTH('abc'), OCTET_LENGTH('\\u0392'), OCTET_LENGTH(X'A1B2')","000301 (02000): Error during planning: Internal error: Expect TypeSignatureClass::Native(LogicalType(Native(String), String)) but received NativeType::Binary, DataType: Binary.
This issue was likely caused by a bug in DataFusion's code. Please help us to resolve this by filing a bug report in our issue tracker: https://github.com/apache/datafusion/issues No function matches the given name and argument types 'octet_length(Binary)'. You might need to add explicit type casts.
	Candidate functions:
	octet_length(Coercion(TypeSignatureClass::Native(LogicalType(Native(String), String))))",
sql/bronze_scope/sql-reference-functions/String_&_binary/search.slt,"WITH lines AS (
  SELECT * FROM VALUES
    (75787,'Pericles',178,'1.0.21','LODOVICO','This king unto him took a fere,'),
    (43494,'King John',1,'1.1.1','KING JOHN','Now, say, Chatillon, what would France with us?'),
    (49031,'King Lear',1,'1.1.1','KENT','I thought the king had more affected the Duke of'),
    (78407,'Richard II',1,'1.1.1','KING RICHARD II','Old John of Gaunt, time-honour''d Lancaster,'),
    (67000,'A Midsummer Night''s Dream',1,'1.1.1','THESEUS','Now, fair Hippolyta, our nuptial hour'),
    (4,'Henry IV Part 1',1,'1.1.1','KING HENRY IV','So shaken as we are, so wan with care,'),
    (12664,'All''s Well That Ends Well',1,'1.1.1','COUNTESS','In delivering my son from me, I bury a second husband.'),
    (9526,'Henry VI Part 3',1,'1.1.1','WARWICK','I wonder how the king escaped our hands.'),
    (52797,'Love''s Labour''s Lost',1,'1.1.1','FERDINAND','Let fame, that all hunt after in their lives,'),
    (28487,'Cymbeline',3,'1.1.10','First Gentleman','Is outward sorrow, though I think the king')
  AS t(line_id, play, speech_num, act_scene_line, character, line)
)
SELECT SEARCH(* ILIKE '%line', 'king') result, play, character, line
  FROM lines
  ORDER BY act_scene_line LIMIT 10","000301 (02000): SQL error: ParserError(""Expected: ), found: ILIKE at Line: 15, Column: 17"")",
sql/bronze_scope/sql-reference-functions/Semi-structured_and_structured_data/transform.slt,"WITH transform_test AS (
  SELECT 1 AS id, ARRAY_CONSTRUCT(1, 2, 3) AS numbers
  UNION ALL
  SELECT 2 AS id, ARRAY_CONSTRUCT(4, 5, 6) AS numbers
)
SELECT id, TRANSFORM(numbers, x -> x * 2) AS doubled_numbers
FROM transform_test
ORDER BY id;",000301 (02000): SQL compilation error: unsupported feature: Function 'transform' is not implemented yet. Details: https://docs.snowflake.com/en/sql-reference/functions/transform,
sql/bronze_scope/sql-reference-functions/String_&_binary/collation.slt,"WITH collation1 AS (
  SELECT ''::VARCHAR COLLATE 'es' AS v
)
SELECT COLLATION(v)
FROM collation1","000301 (02000): SQL error: ParserError(""Expected: ), found: 'es' at Line: 2, Column: 31"")",
sql/bronze_scope/sql-reference-functions/String_&_binary/search.slt,"WITH lines AS (
  SELECT * FROM VALUES
    (75787,'Pericles',178,'1.0.21','LODOVICO','This king unto him took a fere,'),
    (43494,'King John',1,'1.1.1','KING JOHN','Now, say, Chatillon, what would France with us?'),
    (49031,'King Lear',1,'1.1.1','KENT','I thought the king had more affected the Duke of'),
    (78407,'Richard II',1,'1.1.1','KING RICHARD II','Old John of Gaunt, time-honour''d Lancaster,'),
    (67000,'A Midsummer Night''s Dream',1,'1.1.1','THESEUS','Now, fair Hippolyta, our nuptial hour'),
    (4,'Henry IV Part 1',1,'1.1.1','KING HENRY IV','So shaken as we are, so wan with care,'),
    (12664,'All''s Well That Ends Well',1,'1.1.1','COUNTESS','In delivering my son from me, I bury a second husband.'),
    (9526,'Henry VI Part 3',1,'1.1.1','WARWICK','I wonder how the king escaped our hands.'),
    (52797,'Love''s Labour''s Lost',1,'1.1.1','FERDINAND','Let fame, that all hunt after in their lives,'),
    (28487,'Cymbeline',3,'1.1.10','First Gentleman','Is outward sorrow, though I think the king')
  AS t(line_id, play, speech_num, act_scene_line, character, line)
)
SELECT SEARCH(* EXCLUDE (play, line), 'king') result, play, character, line
  FROM lines
  ORDER BY act_scene_line LIMIT 10","000301 (02000): SQL error: ParserError(""Expected: ), found: EXCLUDE at Line: 15, Column: 17"")",
sql/bronze_scope/sql-reference-functions/String_&_binary/search.slt,"WITH t1 AS (
  SELECT * FROM VALUES
    (1,'Mini','Cooper'),
    (2,'Mini','Cooper S'),
    (3,'Mini','Countryman'),
    (4,'Mini','Countryman S')
  AS t(col1, col2, col3)
),
t2 AS (
  SELECT * FROM VALUES
    (1,'Mini','Cooper', 'Convertible'),
    (2,'Mini','Cooper S', 'Convertible'),
    (3,'Mini','Countryman SE','ALL4'),
    (4,'Mini','Countryman S','ALL4')
  AS t(col1, col2, col3, col4)
)
SELECT * FROM t1 JOIN t2 USING(col1)
  WHERE SEARCH((t1.*),'s all4')","000301 (02000): SQL error: ParserError(""Expected: ), found: . at Line: 18, Column: 19"")",
sql/bronze_scope/sql-reference-functions/String_&_binary/charindex.slt,"select charindex('an', 'banana', 1)",000301 (02000): SQL compilation error: unsupported feature: Function 'charindex' is not implemented yet. Details: https://docs.snowflake.com/en/sql-reference/functions/charindex,
sql/bronze_scope/sql-reference-functions/String_&_binary/charindex.slt,"select charindex('an', 'banana', 3)",000301 (02000): SQL compilation error: unsupported feature: Function 'charindex' is not implemented yet. Details: https://docs.snowflake.com/en/sql-reference/functions/charindex,
sql/bronze_scope/sql-reference-functions/String_&_binary/search.slt,"WITH t1 AS (
  SELECT * FROM VALUES
    (1,'Mini','Cooper'),
    (2,'Mini','Cooper S'),
    (3,'Mini','Countryman'),
    (4,'Mini','Countryman S')
  AS t(col1, col2, col3)
),
t2 AS (
  SELECT * FROM VALUES
    (1,'Mini','Cooper', 'Convertible'),
    (2,'Mini','Cooper S', 'Convertible'),
    (3,'Mini','Countryman SE','ALL4'),
    (4,'Mini','Countryman S','ALL4')
  AS t(col1, col2, col3, col4)
)
SELECT * FROM t1 JOIN t2 USING(col1)
  WHERE SEARCH((t2.*),'s all4')","000301 (02000): SQL error: ParserError(""Expected: ), found: . at Line: 18, Column: 19"")",
sql/bronze_scope/sql-reference-functions/String_&_binary/search.slt,"WITH t1 AS (
  SELECT * FROM VALUES
    (1,'Mini','Cooper'),
    (2,'Mini','Cooper S'),
    (3,'Mini','Countryman'),
    (4,'Mini','Countryman S')
  AS t(col1, col2, col3)
),
t2 AS (
  SELECT * FROM VALUES
    (1,'Mini','Cooper', 'Convertible'),
    (2,'Mini','Cooper S', 'Convertible'),
    (3,'Mini','Countryman SE','ALL4'),
    (4,'Mini','Countryman S','ALL4')
  AS t(col1, col2, col3, col4)
)
SELECT *
  FROM (
    SELECT col1, col2, col3 FROM t1
    UNION
    SELECT col1, col2, col3 FROM t2
    ) AS T3
  WHERE SEARCH((T3.*),'s')","000301 (02000): SQL error: ParserError(""Expected: ), found: . at Line: 23, Column: 19"")",
sql/bronze_scope/sql-reference-functions/String_&_binary/charindex.slt,"SELECT CHARINDEX(TO_BINARY('EF', 'HEX'), TO_BINARY('ABCDEF', 'HEX'))",000301 (02000): SQL compilation error: unsupported feature: Function 'charindex' is not implemented yet. Details: https://docs.snowflake.com/en/sql-reference/functions/charindex,
sql/bronze_scope/sql-reference-functions/String_&_binary/charindex.slt,"SELECT CHARINDEX(TO_BINARY('BC', 'HEX'), TO_BINARY('ABCD', 'HEX'))",000301 (02000): SQL compilation error: unsupported feature: Function 'charindex' is not implemented yet. Details: https://docs.snowflake.com/en/sql-reference/functions/charindex,
sql/bronze_scope/sql-reference-functions/String_&_binary/search.slt,"WITH lines AS (
  SELECT * FROM VALUES
    (91998,'The Tempest',108,'1.2.500','FERDINAND','Were I but where ''tis spoken.'),
    (108464,'The Winter''s Tale',106,'1.2.500','CAMILLO','As or by oath remove or counsel shake')
  AS t(line_id, play, speech_num, act_scene_line, character, line)
)
SELECT line_id, act_scene_line FROM lines
  WHERE SEARCH(act_scene_line, '1.2.500', ANALYZER=>'NO_OP_ANALYZER')",000301 (02000): SQL compilation error: unsupported feature: Function 'search' is not implemented yet. Details: https://docs.snowflake.com/en/sql-reference/functions/search,
sql/bronze_scope/sql-reference-functions/String_&_binary/search.slt,"WITH lines AS (
  SELECT * FROM VALUES
    (52797,'Love''s Labour''s Lost',1,'1.1.1','FERDINAND','Let fame, that all hunt after in their lives,')
  AS t(line_id, play, speech_num, act_scene_line, character, line)
)
SELECT DISTINCT(play)
  FROM lines
  WHERE SEARCH(play, 'love''s', ANALYZER=>'UNICODE_ANALYZER')",000301 (02000): SQL compilation error: unsupported feature: Function 'search' is not implemented yet. Details: https://docs.snowflake.com/en/sql-reference/functions/search,
sql/bronze_scope/sql-reference-functions/Conversion/to_decimal.slt,"WITH number_conv AS (
  SELECT column1 as expr FROM VALUES ('12.3456'), ('98.76546')
)
SELECT expr, TO_NUMBER(expr, 10, 9) FROM number_conv",000601 (02000): Arrow error: Invalid argument error: 12345600000 is too large to store in a Decimal128 of precision 10. Max is 9999999999,
sql/bronze_scope/sql-reference-functions/String_&_binary/search.slt,"WITH lines AS (
  SELECT * FROM VALUES
    (108464,'The Winter''s Tale',106,'1.2.500','CAMILLO','As or by oath remove or counsel shake'),
    (67000,'A Midsummer Night''s Dream',1,'1.1.1','THESEUS','Now, fair Hippolyta, our nuptial hour'),
    (52797,'Love''s Labour''s Lost',1,'1.1.1','FERDINAND','Let fame, that all hunt after in their lives,'),
    (12664,'All''s Well That Ends Well',1,'1.1.1','COUNTESS','In delivering my son from me, I bury a second husband.')
  AS t(line_id, play, speech_num, act_scene_line, character, line)
)
SELECT DISTINCT(play) FROM lines WHERE SEARCH(play, 'love''s')",000301 (02000): SQL compilation error: unsupported feature: Function 'search' is not implemented yet. Details: https://docs.snowflake.com/en/sql-reference/functions/search,
sql/bronze_scope/sql-reference-functions/String_&_binary/search.slt,"SELECT SEARCH(line, 5) FROM lines",000301 (02000): SQL compilation error: unsupported feature: Function 'search' is not implemented yet. Details: https://docs.snowflake.com/en/sql-reference/functions/search,
sql/bronze_scope/sql-reference-functions/String_&_binary/search.slt,"SELECT SEARCH(line_id, 'dream') FROM lines",000301 (02000): SQL compilation error: unsupported feature: Function 'search' is not implemented yet. Details: https://docs.snowflake.com/en/sql-reference/functions/search,
sql/bronze_scope/sql-reference-functions/Conversion/to_decimal.slt,"SELECT TO_DECIMAL('ae5', 'XXX')","000601 (02000): Arrow error: Cast error: Cannot cast string 'ae5' to value of Decimal128(38, 10) type","0: 00000000-0000-0000-0000-077edd0b8251: Query execution error: DataFusion error: This feature is not implemented: Function 'search' is not implemented yet. Details: https://docs.snowflake.com/en/sql-reference/functions/search, at crates/core-executor/src/service.rs:589:60
1: DataFusion error: This feature is not implemented: Function 'search' is not implemented yet. Details: https://docs.snowflake.com/en/sql-reference/functions/search, at crates/core-executor/src/query.rs:303:44
2: NotImplemented(""Function 'search' is not implemented yet. Details: https://docs.snowflake.com/en/sql-reference/functions/search"")"
sql/bronze_scope/sql-reference-functions/String_&_binary/search.slt,"WITH lines AS (
  SELECT * FROM VALUES
    (67000,'A Midsummer Night''s Dream',1,'1.1.1','THESEUS','Now, fair Hippolyta, our nuptial hour'),
    (69296,'A Midsummer Night''s Dream',104,'5.1.428','PUCK','And Robin shall restore amends.')
  AS t(line_id, play, speech_num, act_scene_line, character, line)
)
SELECT SEARCH((line_id, play), 'dream') FROM lines
  ORDER BY play LIMIT 5",000301 (02000): SQL compilation error: unsupported feature: Function 'search' is not implemented yet. Details: https://docs.snowflake.com/en/sql-reference/functions/search,
sql/bronze_scope/sql-reference-functions/Conversion/to_decimal.slt,"SELECT TO_DECIMAL('ae5', 'XX')","000601 (02000): Arrow error: Cast error: Cannot cast string 'ae5' to value of Decimal128(38, 10) type",
sql/bronze_scope/sql-reference-functions/String_&_binary/search.slt,"SELECT SEARCH('docs@snowflake.com', 'careers@snowflake.com', '@')",000301 (02000): SQL compilation error: unsupported feature: Function 'search' is not implemented yet. Details: https://docs.snowflake.com/en/sql-reference/functions/search,
sql/bronze_scope/sql-reference-functions/String_&_binary/search.slt,"SELECT SEARCH(play,line,'king', ANALYZER=>'UNICODE_ANALYZER') FROM lines",000301 (02000): SQL compilation error: unsupported feature: Function 'search' is not implemented yet. Details: https://docs.snowflake.com/en/sql-reference/functions/search,
sql/bronze_scope/sql-reference-functions/Semi-structured_and_structured_data/array_distinct.slt,SELECT ARRAY_DISTINCT(NULL),000506 (02000): Expected UTF8 string for array,
sql/bronze_scope/sql-reference-functions/String_&_binary/search.slt,"SELECT SEARCH(line, character) FROM lines",000301 (02000): SQL compilation error: unsupported feature: Function 'search' is not implemented yet. Details: https://docs.snowflake.com/en/sql-reference/functions/search,
sql/bronze_scope/sql-reference-functions/String_&_binary/search.slt,"SELECT SEARCH('king','KING')",000301 (02000): SQL compilation error: unsupported feature: Function 'search' is not implemented yet. Details: https://docs.snowflake.com/en/sql-reference/functions/search,
sql/bronze_scope/sql-reference-functions/Numeric/mod.slt,"SELECT MOD(3, 2) AS mod1, MOD(4.5, 1.2) AS mod2",000301 (02000): SQL compilation error: unsupported feature: Function 'mod' is not implemented yet. Details: https://docs.snowflake.com/en/sql-reference/functions/mod,
sql/bronze_scope/sql-reference-functions/Date_&_time/time_slice.slt,"SELECT '2019-02-28'::DATE AS ""DATE"",
       TIME_SLICE(""DATE"", 4, 'MONTH', 'START') AS ""START OF SLICE"",
       TIME_SLICE(""DATE"", 4, 'MONTH', 'END') AS ""END OF SLICE""",000301 (02000): SQL compilation error: unsupported feature: Function 'time_slice' is not implemented yet. Details: https://docs.snowflake.com/en/sql-reference/functions/time_slice,
sql/bronze_scope/sql-reference-functions/String_&_binary/md5_binary.slt,"WITH binary_demo AS (
  SELECT MD5_BINARY('Snowflake') AS b
)
SELECT TO_VARCHAR(b, 'HEX') AS hex_representation
  FROM binary_demo;",000301 (02000): SQL compilation error: unsupported feature: Function 'md5_binary' is not implemented yet. Details: https://docs.snowflake.com/en/sql-reference/functions/md5_binary,
sql/bronze_scope/sql-reference-functions/Semi-structured_and_structured_data/as_char.slt,SELECT AS_CHAR(TO_VARIANT('X')) AS char_value,000301 (02000): SQL compilation error: unsupported feature: Function 'as_char' is not implemented yet. Details: https://docs.snowflake.com/en/sql-reference/functions/as_char-varchar,
sql/bronze_scope/sql-reference-functions/Date_&_time/time_slice.slt,"SELECT '2019-02-28T01:23:45.678'::TIMESTAMP_NTZ AS ""TIMESTAMP 1"",
       '2019-02-28T12:34:56.789'::TIMESTAMP_NTZ AS ""TIMESTAMP 2"",
       TIME_SLICE(""TIMESTAMP 1"", 8, 'HOUR') AS ""SLICE FOR TIMESTAMP 1"",
       TIME_SLICE(""TIMESTAMP 2"", 8, 'HOUR') AS ""SLICE FOR TIMESTAMP 2""",000301 (02000): SQL compilation error: unsupported feature: Function 'time_slice' is not implemented yet. Details: https://docs.snowflake.com/en/sql-reference/functions/time_slice,
sql/bronze_scope/sql-reference-functions/Conversion/try_cast.slt,SELECT TRY_CAST('05/16' AS TIMESTAMP),000503 (02000): Can't get timestamp,
sql/bronze_scope/sql-reference-functions/Semi-structured_and_structured_data/array_flatten.slt,"SELECT ARRAY_FLATTEN([[1, 2, 3], 4, [5, 6]])",002003 (42000): SQL compilation error: Not an array: 'Input argument to ARRAY_FLATTEN is not an array of arrays',
sql/bronze_scope/sql-reference-functions/Date_&_time/time_slice.slt,"WITH accounts AS (
  SELECT * FROM VALUES
    (1, '2018-07-31'::DATE, 100.00),
    (2, '2018-08-01'::DATE, 200.00),
    (3, '2018-08-25'::DATE, 400.00)
  AS accounts(ID, billing_date, balance_due)
)
SELECT
       TIME_SLICE(billing_date, 2, 'WEEK', 'START') AS ""START OF SLICE"",
       TIME_SLICE(billing_date, 2, 'WEEK', 'END')   AS ""END OF SLICE"",
       COUNT(*) AS ""NUMBER OF LATE BILLS"",
       SUM(balance_due) AS ""SUM OF MONEY OWED""
    FROM accounts
    WHERE balance_due > 0
    GROUP BY ""START OF SLICE"", ""END OF SLICE""",000301 (02000): SQL compilation error: unsupported feature: Function 'time_slice' is not implemented yet. Details: https://docs.snowflake.com/en/sql-reference/functions/time_slice,
sql/bronze_scope/sql-reference-functions/String_&_binary/reverse.slt,"SELECT '2019-05-22'::DATE, REVERSE('2019-05-22'::DATE::VARCHAR) AS reversed",000301 (02000): SQL compilation error: unsupported feature: Unsupported CAST from Date32 to Utf8View,
sql/bronze_scope/data-types/binary.slt,"SELECT id, data FROM test_binary ORDER BY id;","252005: Failed to convert: field data: BINARY::48656c6c6f, Error: Non-base16 digit found",
sql/bronze_scope/data-types/binary.slt,"SELECT id, data FROM test_varbinary ORDER BY id;","252005: Failed to convert: field data: BINARY::48656c6c6f, Error: Non-base16 digit found",
sql/databend/base/09_fuse_engine/09_0036_merge_into_without_distributed_enable.slt,delete from t2 where a = 1;,000301 (02000): SQL compilation error: unsupported feature: Unsupported logical plan: Dml(Delete),
sql/bronze_scope/data-types/binary.slt,"SELECT id, data FROM test_varbinary_limited ORDER BY id;","252005: Failed to convert: field data: BINARY::48656c6c6f, Error: Non-base16 digit found",
sql/bronze_scope/sql-reference-functions/Aggregate/hll.slt,"WITH sequence_demo AS (
  SELECT COLUMN1 AS i FROM VALUES
  (NULL),
  (NULL),
  (NULL)
)
SELECT COUNT(i), COUNT(DISTINCT i), APPROX_COUNT_DISTINCT(i), HLL(i)
FROM sequence_demo",000301 (02000): SQL compilation error: unsupported feature: Function 'approx_count_distinct' is not implemented yet. Details: https://docs.snowflake.com/en/sql-reference/functions/approx_count_distinct,
sql/databend/base/09_fuse_engine/09_0036_merge_into_without_distributed_enable.slt,merge into t1 using (select * from t2 ) as t2 on t1.a = t2.a  when matched then delete;,"010001 (02000): Threaded Job error: Panic: called `Option::unwrap()` on a `None` value:    0: snafu::backtrace_impl::<impl snafu::GenerateImplicitData for std::backtrace::Backtrace>::generate
             at /home/runner/.cargo/registry/src/index.crates.io-1949cf8c6b5b557f/snafu-0.8.9/src/backtrace_impl_std.rs:5:9
   1: snafu::GenerateImplicitData::generate_with_source
             at /home/runner/.cargo/registry/src/index.crates.io-1949cf8c6b5b557f/snafu-0.8.9/src/lib.rs:1361:9
   2: <core_executor::error::JobSnafu as snafu::IntoError<core_executor::error::Error>>::into_error
             at ./crates/core-executor/src/error.rs:17:10
   3: <core::result::Result<T,E> as snafu::ResultExt<T,E>>::context
             at /home/runner/.cargo/registry/src/index.crates.io-1949cf8c6b5b557f/snafu-0.8.9/src/lib.rs:902:39
   4: core_executor::query::UserQuery::execute_logical_plan::{{closure}}
             at ./crates/core-executor/src/query.rs:2212:14
   5: core_executor::query::UserQuery::merge_query::{{closure}}::{{closure}}::{{closure}}
             at ./crates/core-executor/src/query.rs:1503:10
   6: core_executor::query::UserQuery::merge_query::{{closure}}::{{closure}}
             at ./crates/core-executor/src/query.rs:1292:5
   7: core_executor::query::UserQuery::merge_query::{{closure}}
             at ./crates/core-executor/src/query.rs:1292:5
   8: <core::pin::Pin<P> as core::future::future::Future>::poll
             at /rustc/1159e78c4747b02ef996e55082b704c09b970588/library/core/src/future/future.rs:133:9
   9: core_executor::query::UserQuery::execute::{{closure}}::{{closure}}::{{closure}}
             at ./crates/core-executor/src/query.rs:442:82
  10: core_executor::query::UserQuery::execute::{{closure}}::{{closure}}
             at ./crates/core-executor/src/query.rs:291:5
  11: core_executor::query::UserQuery::execute::{{closure}}
             at ./crates/core-executor/src/query.rs:291:5
  12: <tokio::time::timeout::Timeout<T> as core::future::future::Future>::poll
             at /home/runner/.cargo/registry/src/index.crates.io-1949cf8c6b5b557f/tokio-1.47.1/src/time/timeout.rs:202:42
  13: <core_executor::service::CoreExecutionService as core_executor::service::ExecutionService>::submit_query::{{closure}}::{{closure}}::{{closure}}::{{closure}}::{{closure}}
             at /home/runner/.cargo/registry/src/index.crates.io-1949cf8c6b5b557f/tokio-1.47.1/src/macros/select.rs:708:49
  14: <core::future::poll_fn::PollFn<F> as core::future::future::Future>::poll
             at /rustc/1159e78c4747b02ef996e55082b704c09b970588/library/core/src/future/poll_fn.rs:151:9
  15: <core_executor::service::CoreExecutionService as core_executor::service::ExecutionService>::submit_query::{{closure}}::{{closure}}::{{closure}}::{{closure}}
             at ./crates/core-executor/src/service.rs:582:39
  16: <tracing::instrument::Instrumented<T> as core::future::future::Future>::poll
             at /home/runner/.cargo/registry/src/index.crates.io-1949cf8c6b5b557f/tracing-0.1.41/src/instrument.rs:321:15
  17: <core::pin::Pin<P> as core::future::future::Future>::poll
             at /rustc/1159e78c4747b02ef996e55082b704c09b970588/library/core/src/future/future.rs:133:9
  18: tokio::runtime::task::core::Core<T,S>::poll::{{closure}}
             at /home/runner/.cargo/registry/src/index.crates.io-1949cf8c6b5b557f/tokio-1.47.1/src/runtime/task/core.rs:365:24
  19: tokio::loom::std::unsafe_cell::UnsafeCell<T>::with_mut
             at /home/runner/.cargo/registry/src/index.crates.io-1949cf8c6b5b557f/tokio-1.47.1/src/loom/std/unsafe_cell.rs:16:9
  20: tokio::runtime::task::core::Core<T,S>::poll
             at /home/runner/.cargo/registry/src/index.crates.io-1949cf8c6b5b557f/tokio-1.47.1/src/runtime/task/core.rs:354:30
  21: tokio::runtime::task::harness::poll_future::{{closure}}
             at /home/runner/.cargo/registry/src/index.crates.io-1949cf8c6b5b557f/tokio-1.47.1/src/runtime/task/harness.rs:535:30
  22: <core::panic::unwind_safe::AssertUnwindSafe<F> as core::ops::function::FnOnce<()>>::call_once
             at /rustc/1159e78c4747b02ef996e55082b704c09b970588/library/core/src/panic/unwind_safe.rs:272:9
  23: std::panicking::catch_unwind::do_call
             at /rustc/1159e78c4747b02ef996e55082b704c09b970588/library/std/src/panicking.rs:589:40
  24: __rust_try
  25: std::panicking::catch_unwind
             at /rustc/1159e78c4747b02ef996e55082b704c09b970588/library/std/src/panicking.rs:552:19
  26: std::panic::catch_unwind
             at /rustc/1159e78c4747b02ef996e55082b704c09b970588/library/std/src/panic.rs:359:14
  27: tokio::runtime::task::harness::poll_future
             at /home/runner/.cargo/registry/src/index.crates.io-1949cf8c6b5b557f/tokio-1.47.1/src/runtime/task/harness.rs:523:18
  28: tokio::runtime::task::harness::Harness<T,S>::poll_inner
             at /home/runner/.cargo/registry/src/index.crates.io-1949cf8c6b5b557f/tokio-1.47.1/src/runtime/task/harness.rs:210:27
  29: tokio::runtime::task::harness::Harness<T,S>::poll
             at /home/runner/.cargo/registry/src/index.crates.io-1949cf8c6b5b557f/tokio-1.47.1/src/runtime/task/harness.rs:155:20
  30: tokio::runtime::task::raw::poll
             at /home/runner/.cargo/registry/src/index.crates.io-1949cf8c6b5b557f/tokio-1.47.1/src/runtime/task/raw.rs:325:13
  31: tokio::runtime::task::raw::RawTask::poll
             at /home/runner/.cargo/registry/src/index.crates.io-1949cf8c6b5b557f/tokio-1.47.1/src/runtime/task/raw.rs:255:18
  32: tokio::runtime::task::LocalNotified<S>::run
             at /home/runner/.cargo/registry/src/index.crates.io-1949cf8c6b5b557f/tokio-1.47.1/src/runtime/task/mod.rs:509:13
  33: tokio::runtime::scheduler::multi_thread::worker::Context::run_task::{{closure}}
             at /home/runner/.cargo/registry/src/index.crates.io-1949cf8c6b5b557f/tokio-1.47.1/src/runtime/scheduler/multi_thread/worker.rs:600:18
  34: tokio::task::coop::with_budget
             at /home/runner/.cargo/registry/src/index.crates.io-1949cf8c6b5b557f/tokio-1.47.1/src/task/coop/mod.rs:167:5
  35: tokio::task::coop::budget
             at /home/runner/.cargo/registry/src/index.crates.io-1949cf8c6b5b557f/tokio-1.47.1/src/task/coop/mod.rs:133:5
  36: tokio::runtime::scheduler::multi_thread::worker::Context::run_task
             at /home/runner/.cargo/registry/src/index.crates.io-1949cf8c6b5b557f/tokio-1.47.1/src/runtime/scheduler/multi_thread/worker.rs:591:9
  37: tokio::runtime::scheduler::multi_thread::worker::Context::run
             at /home/runner/.cargo/registry/src/index.crates.io-1949cf8c6b5b557f/tokio-1.47.1/src/runtime/scheduler/multi_thread/worker.rs:539:29
  38: tokio::runtime::scheduler::multi_thread::worker::run::{{closure}}::{{closure}}
             at /home/runner/.cargo/registry/src/index.crates.io-1949cf8c6b5b557f/tokio-1.47.1/src/runtime/scheduler/multi_thread/worker.rs:504:24
  39: tokio::runtime::context::scoped::Scoped<T>::set
             at /home/runner/.cargo/registry/src/index.crates.io-1949cf8c6b5b557f/tokio-1.47.1/src/runtime/context/scoped.rs:40:9
  40: tokio::runtime::context::set_scheduler::{{closure}}
             at /home/runner/.cargo/registry/src/index.crates.io-1949cf8c6b5b557f/tokio-1.47.1/src/runtime/context.rs:176:38
  41: std::thread::local::LocalKey<T>::try_with
             at /rustc/1159e78c4747b02ef996e55082b704c09b970588/library/std/src/thread/local.rs:315:12
  42: std::thread::local::LocalKey<T>::with
             at /rustc/1159e78c4747b02ef996e55082b704c09b970588/library/std/src/thread/local.rs:279:20
  43: tokio::runtime::context::set_scheduler
             at /home/runner/.cargo/registry/src/index.crates.io-1949cf8c6b5b557f/tokio-1.47.1/src/runtime/context.rs:176:17
  44: tokio::runtime::scheduler::multi_thread::worker::run::{{closure}}
             at /home/runner/.cargo/registry/src/index.crates.io-1949cf8c6b5b557f/tokio-1.47.1/src/runtime/scheduler/multi_thread/worker.rs:499:9
  45: tokio::runtime::context::runtime::enter_runtime
             at /home/runner/.cargo/registry/src/index.crates.io-1949cf8c6b5b557f/tokio-1.47.1/src/runtime/context/runtime.rs:65:16
  46: tokio::runtime::scheduler::multi_thread::worker::run
             at /home/runner/.cargo/registry/src/index.crates.io-1949cf8c6b5b557f/tokio-1.47.1/src/runtime/scheduler/multi_thread/worker.rs:491:5
  47: tokio::runtime::scheduler::multi_thread::worker::Launch::launch::{{closure}}
             at /home/runner/.cargo/registry/src/index.crates.io-1949cf8c6b5b557f/tokio-1.47.1/src/runtime/scheduler/multi_thread/worker.rs:457:45
  48: <tokio::runtime::blocking::task::BlockingTask<T> as core::future::future::Future>::poll
             at /home/runner/.cargo/registry/src/index.crates.io-1949cf8c6b5b557f/tokio-1.47.1/src/runtime/blocking/task.rs:42:21
  49: tokio::runtime::task::core::Core<T,S>::poll::{{closure}}
             at /home/runner/.cargo/registry/src/index.crates.io-1949cf8c6b5b557f/tokio-1.47.1/src/runtime/task/core.rs:365:24
  50: tokio::loom::std::unsafe_cell::UnsafeCell<T>::with_mut
             at /home/runner/.cargo/registry/src/index.crates.io-1949cf8c6b5b557f/tokio-1.47.1/src/loom/std/unsafe_cell.rs:16:9
  51: tokio::runtime::task::core::Core<T,S>::poll
             at /home/runner/.cargo/registry/src/index.crates.io-1949cf8c6b5b557f/tokio-1.47.1/src/runtime/task/core.rs:354:30
  52: tokio::runtime::task::harness::poll_future::{{closure}}
             at /home/runner/.cargo/registry/src/index.crates.io-1949cf8c6b5b557f/tokio-1.47.1/src/runtime/task/harness.rs:535:30
  53: <core::panic::unwind_safe::AssertUnwindSafe<F> as core::ops::function::FnOnce<()>>::call_once
             at /rustc/1159e78c4747b02ef996e55082b704c09b970588/library/core/src/panic/unwind_safe.rs:272:9
  54: std::panicking::catch_unwind::do_call
             at /rustc/1159e78c4747b02ef996e55082b704c09b970588/library/std/src/panicking.rs:589:40
  55: __rust_try
  56: std::panicking::catch_unwind
             at /rustc/1159e78c4747b02ef996e55082b704c09b970588/library/std/src/panicking.rs:552:19
  57: std::panic::catch_unwind
             at /rustc/1159e78c4747b02ef996e55082b704c09b970588/library/std/src/panic.rs:359:14
  58: tokio::runtime::task::harness::poll_future
             at /home/runner/.cargo/registry/src/index.crates.io-1949cf8c6b5b557f/tokio-1.47.1/src/runtime/task/harness.rs:523:18
  59: tokio::runtime::task::harness::Harness<T,S>::poll_inner
             at /home/runner/.cargo/registry/src/index.crates.io-1949cf8c6b5b557f/tokio-1.47.1/src/runtime/task/harness.rs:210:27
  60: tokio::runtime::task::harness::Harness<T,S>::poll
             at /home/runner/.cargo/registry/src/index.crates.io-1949cf8c6b5b557f/tokio-1.47.1/src/runtime/task/harness.rs:155:20
  61: tokio::runtime::task::raw::poll
             at /home/runner/.cargo/registry/src/index.crates.io-1949cf8c6b5b557f/tokio-1.47.1/src/runtime/task/raw.rs:325:13
  62: tokio::runtime::task::raw::RawTask::poll
             at /home/runner/.cargo/registry/src/index.crates.io-1949cf8c6b5b557f/tokio-1.47.1/src/runtime/task/raw.rs:255:18
  63: tokio::runtime::task::UnownedTask<S>::run
             at /home/runner/.cargo/registry/src/index.crates.io-1949cf8c6b5b557f/tokio-1.47.1/src/runtime/task/mod.rs:546:13
  64: tokio::runtime::blocking::pool::Task::run
             at /home/runner/.cargo/registry/src/index.crates.io-1949cf8c6b5b557f/tokio-1.47.1/src/runtime/blocking/pool.rs:161:19
  65: tokio::runtime::blocking::pool::Inner::run
             at /home/runner/.cargo/registry/src/index.crates.io-1949cf8c6b5b557f/tokio-1.47.1/src/runtime/blocking/pool.rs:516:22
  66: tokio::runtime::blocking::pool::Spawner::spawn_thread::{{closure}}
             at /home/runner/.cargo/registry/src/index.crates.io-1949cf8c6b5b557f/tokio-1.47.1/src/runtime/blocking/pool.rs:474:47
  67: std::sys::backtrace::__rust_begin_short_backtrace
             at /rustc/1159e78c4747b02ef996e55082b704c09b970588/library/std/src/sys/backtrace.rs:158:18
  68: std::thread::Builder::spawn_unchecked_::{{closure}}::{{closure}}
             at /rustc/1159e78c4747b02ef996e55082b704c09b970588/library/std/src/thread/mod.rs:559:17
  69: <core::panic::unwind_safe::AssertUnwindSafe<F> as core::ops::function::FnOnce<()>>::call_once
             at /rustc/1159e78c4747b02ef996e55082b704c09b970588/library/core/src/panic/unwind_safe.rs:272:9
  70: std::panicking::catch_unwind::do_call
             at /rustc/1159e78c4747b02ef996e55082b704c09b970588/library/std/src/panicking.rs:589:40
  71: __rust_try
  72: std::panicking::catch_unwind
             at /rustc/1159e78c4747b02ef996e55082b704c09b970588/library/std/src/panicking.rs:552:19
  73: std::panic::catch_unwind
             at /rustc/1159e78c4747b02ef996e55082b704c09b970588/library/std/src/panic.rs:359:14
  74: std::thread::Builder::spawn_unchecked_::{{closure}}
             at /rustc/1159e78c4747b02ef996e55082b704c09b970588/library/std/src/thread/mod.rs:557:30
  75: core::ops::function::FnOnce::call_once{{vtable.shim}}
             at /rustc/1159e78c4747b02ef996e55082b704c09b970588/library/core/src/ops/function.rs:253:5
  76: <alloc::boxed::Box<F,A> as core::ops::function::FnOnce<Args>>::call_once
             at /rustc/1159e78c4747b02ef996e55082b704c09b970588/library/alloc/src/boxed.rs:1971:9
  77: std::sys::pal::unix::thread::Thread::new::thread_start
             at /rustc/1159e78c4747b02ef996e55082b704c09b970588/library/std/src/sys/pal/unix/thread.rs:107:17
  78: <unknown>
  79: <unknown>
",
sql/bronze_scope/data-types/binary.slt,"SELECT id, original_data, hex_string FROM test_hex_conversion ORDER BY id;","252005: Failed to convert: field original_data: BINARY::48656c6c6f, Error: Non-base16 digit found",
sql/bronze_scope/sql-reference-functions/Aggregate/max_by.slt,"WITH employees(employee_id, department_id, salary) AS (
  SELECT * FROM VALUES
    (1001, 10, 10000),
    (1020, 10, 9000),
    (1030, 10, 8000),
    (900, 20, 15000),
    (2000, 20, NULL),
    (2010, 20, 15000),
    (2020, 20, 8000)
)
SELECT MAX_BY(employee_id, salary) FROM employees;",000301 (02000): SQL compilation error: unsupported feature: Function 'max_by' is not implemented yet. Details: https://docs.snowflake.com/en/sql-reference/functions/max_by,
sql/bronze_scope/sql-reference-functions/Aggregate/max_by.slt,"WITH employees(employee_id, department_id, salary) AS (
  SELECT * FROM VALUES
    (1001, 10, 10000),
    (1020, 10, 9000),
    (1030, 10, 8000),
    (900, 20, 15000),
    (2000, 20, NULL),
    (2010, 20, 15000),
    (2020, 20, 8000)
)
SELECT MAX_BY(employee_id, salary, 3) FROM employees;",000301 (02000): SQL compilation error: unsupported feature: Function 'max_by' is not implemented yet. Details: https://docs.snowflake.com/en/sql-reference/functions/max_by,
sql/bronze_scope/data-types/binary.slt,"SELECT id, binary_data, base64_string FROM test_base64 ORDER BY id;","252005: Failed to convert: field binary_data: BINARY::48656c6c6f, Error: Non-base16 digit found",
sql/bronze_scope/data-types/binary.slt,"SELECT id, data FROM test_binary_null ORDER BY id;","252005: Failed to convert: field data: BINARY::48656c6c6f, Error: Non-base16 digit found",
sql/bronze_scope/sql-reference-commands/Query_syntax/limit.slt,SELECT * FROM lim_test LIMIT 1 OFFSET -1;,"000301 (02000): Optimizer rule 'push_down_limit' failed
caused by
Error during planning: OFFSET must be >=0, '-1' was provided",
sql/bronze_scope/sql-reference-functions/Semi-structured_and_structured_data/filter.slt,"SELECT FILTER(
  [
    {'name':'Pat', 'value': 50},
    {'name':'Terry', 'value': 75},
    {'name':'Dana', 'value': 25}
  ],
  a -> a:value >= 50) AS ""Filter >= 50""",000301 (02000): SQL compilation error: unsupported feature: Function 'filter' is not implemented yet. Details: https://docs.snowflake.com/en/sql-reference/functions/filter,
sql/bronze_scope/sql-reference-functions/Semi-structured_and_structured_data/filter.slt,"SELECT FILTER([1, NULL, 3, 5, NULL], a -> a IS NOT NULL) AS ""Not NULL Elements""",000301 (02000): SQL compilation error: unsupported feature: Function 'filter' is not implemented yet. Details: https://docs.snowflake.com/en/sql-reference/functions/filter,
sql/databend/base/09_fuse_engine/09_0036_merge_into_without_distributed_enable.slt,merge into t1 using (select * from t2 ) as t2 on t1.a = t2.a when matched then delete;,"010001 (02000): Threaded Job error: Panic: called `Option::unwrap()` on a `None` value:    0: snafu::backtrace_impl::<impl snafu::GenerateImplicitData for std::backtrace::Backtrace>::generate
             at /home/runner/.cargo/registry/src/index.crates.io-1949cf8c6b5b557f/snafu-0.8.9/src/backtrace_impl_std.rs:5:9
   1: snafu::GenerateImplicitData::generate_with_source
             at /home/runner/.cargo/registry/src/index.crates.io-1949cf8c6b5b557f/snafu-0.8.9/src/lib.rs:1361:9
   2: <core_executor::error::JobSnafu as snafu::IntoError<core_executor::error::Error>>::into_error
             at ./crates/core-executor/src/error.rs:17:10
   3: <core::result::Result<T,E> as snafu::ResultExt<T,E>>::context
             at /home/runner/.cargo/registry/src/index.crates.io-1949cf8c6b5b557f/snafu-0.8.9/src/lib.rs:902:39
   4: core_executor::query::UserQuery::execute_logical_plan::{{closure}}
             at ./crates/core-executor/src/query.rs:2212:14
   5: core_executor::query::UserQuery::merge_query::{{closure}}::{{closure}}::{{closure}}
             at ./crates/core-executor/src/query.rs:1503:10
   6: core_executor::query::UserQuery::merge_query::{{closure}}::{{closure}}
             at ./crates/core-executor/src/query.rs:1292:5
   7: core_executor::query::UserQuery::merge_query::{{closure}}
             at ./crates/core-executor/src/query.rs:1292:5
   8: <core::pin::Pin<P> as core::future::future::Future>::poll
             at /rustc/1159e78c4747b02ef996e55082b704c09b970588/library/core/src/future/future.rs:133:9
   9: core_executor::query::UserQuery::execute::{{closure}}::{{closure}}::{{closure}}
             at ./crates/core-executor/src/query.rs:442:82
  10: core_executor::query::UserQuery::execute::{{closure}}::{{closure}}
             at ./crates/core-executor/src/query.rs:291:5
  11: core_executor::query::UserQuery::execute::{{closure}}
             at ./crates/core-executor/src/query.rs:291:5
  12: <tokio::time::timeout::Timeout<T> as core::future::future::Future>::poll
             at /home/runner/.cargo/registry/src/index.crates.io-1949cf8c6b5b557f/tokio-1.47.1/src/time/timeout.rs:202:42
  13: <core_executor::service::CoreExecutionService as core_executor::service::ExecutionService>::submit_query::{{closure}}::{{closure}}::{{closure}}::{{closure}}::{{closure}}
             at /home/runner/.cargo/registry/src/index.crates.io-1949cf8c6b5b557f/tokio-1.47.1/src/macros/select.rs:708:49
  14: <core::future::poll_fn::PollFn<F> as core::future::future::Future>::poll
             at /rustc/1159e78c4747b02ef996e55082b704c09b970588/library/core/src/future/poll_fn.rs:151:9
  15: <core_executor::service::CoreExecutionService as core_executor::service::ExecutionService>::submit_query::{{closure}}::{{closure}}::{{closure}}::{{closure}}
             at ./crates/core-executor/src/service.rs:582:39
  16: <tracing::instrument::Instrumented<T> as core::future::future::Future>::poll
             at /home/runner/.cargo/registry/src/index.crates.io-1949cf8c6b5b557f/tracing-0.1.41/src/instrument.rs:321:15
  17: <core::pin::Pin<P> as core::future::future::Future>::poll
             at /rustc/1159e78c4747b02ef996e55082b704c09b970588/library/core/src/future/future.rs:133:9
  18: tokio::runtime::task::core::Core<T,S>::poll::{{closure}}
             at /home/runner/.cargo/registry/src/index.crates.io-1949cf8c6b5b557f/tokio-1.47.1/src/runtime/task/core.rs:365:24
  19: tokio::loom::std::unsafe_cell::UnsafeCell<T>::with_mut
             at /home/runner/.cargo/registry/src/index.crates.io-1949cf8c6b5b557f/tokio-1.47.1/src/loom/std/unsafe_cell.rs:16:9
  20: tokio::runtime::task::core::Core<T,S>::poll
             at /home/runner/.cargo/registry/src/index.crates.io-1949cf8c6b5b557f/tokio-1.47.1/src/runtime/task/core.rs:354:30
  21: tokio::runtime::task::harness::poll_future::{{closure}}
             at /home/runner/.cargo/registry/src/index.crates.io-1949cf8c6b5b557f/tokio-1.47.1/src/runtime/task/harness.rs:535:30
  22: <core::panic::unwind_safe::AssertUnwindSafe<F> as core::ops::function::FnOnce<()>>::call_once
             at /rustc/1159e78c4747b02ef996e55082b704c09b970588/library/core/src/panic/unwind_safe.rs:272:9
  23: std::panicking::catch_unwind::do_call
             at /rustc/1159e78c4747b02ef996e55082b704c09b970588/library/std/src/panicking.rs:589:40
  24: __rust_try
  25: std::panicking::catch_unwind
             at /rustc/1159e78c4747b02ef996e55082b704c09b970588/library/std/src/panicking.rs:552:19
  26: std::panic::catch_unwind
             at /rustc/1159e78c4747b02ef996e55082b704c09b970588/library/std/src/panic.rs:359:14
  27: tokio::runtime::task::harness::poll_future
             at /home/runner/.cargo/registry/src/index.crates.io-1949cf8c6b5b557f/tokio-1.47.1/src/runtime/task/harness.rs:523:18
  28: tokio::runtime::task::harness::Harness<T,S>::poll_inner
             at /home/runner/.cargo/registry/src/index.crates.io-1949cf8c6b5b557f/tokio-1.47.1/src/runtime/task/harness.rs:210:27
  29: tokio::runtime::task::harness::Harness<T,S>::poll
             at /home/runner/.cargo/registry/src/index.crates.io-1949cf8c6b5b557f/tokio-1.47.1/src/runtime/task/harness.rs:155:20
  30: tokio::runtime::task::raw::poll
             at /home/runner/.cargo/registry/src/index.crates.io-1949cf8c6b5b557f/tokio-1.47.1/src/runtime/task/raw.rs:325:13
  31: tokio::runtime::task::raw::RawTask::poll
             at /home/runner/.cargo/registry/src/index.crates.io-1949cf8c6b5b557f/tokio-1.47.1/src/runtime/task/raw.rs:255:18
  32: tokio::runtime::task::LocalNotified<S>::run
             at /home/runner/.cargo/registry/src/index.crates.io-1949cf8c6b5b557f/tokio-1.47.1/src/runtime/task/mod.rs:509:13
  33: tokio::runtime::scheduler::multi_thread::worker::Context::run_task::{{closure}}
             at /home/runner/.cargo/registry/src/index.crates.io-1949cf8c6b5b557f/tokio-1.47.1/src/runtime/scheduler/multi_thread/worker.rs:600:18
  34: tokio::task::coop::with_budget
             at /home/runner/.cargo/registry/src/index.crates.io-1949cf8c6b5b557f/tokio-1.47.1/src/task/coop/mod.rs:167:5
  35: tokio::task::coop::budget
             at /home/runner/.cargo/registry/src/index.crates.io-1949cf8c6b5b557f/tokio-1.47.1/src/task/coop/mod.rs:133:5
  36: tokio::runtime::scheduler::multi_thread::worker::Context::run_task
             at /home/runner/.cargo/registry/src/index.crates.io-1949cf8c6b5b557f/tokio-1.47.1/src/runtime/scheduler/multi_thread/worker.rs:591:9
  37: tokio::runtime::scheduler::multi_thread::worker::Context::run
             at /home/runner/.cargo/registry/src/index.crates.io-1949cf8c6b5b557f/tokio-1.47.1/src/runtime/scheduler/multi_thread/worker.rs:539:29
  38: tokio::runtime::scheduler::multi_thread::worker::run::{{closure}}::{{closure}}
             at /home/runner/.cargo/registry/src/index.crates.io-1949cf8c6b5b557f/tokio-1.47.1/src/runtime/scheduler/multi_thread/worker.rs:504:24
  39: tokio::runtime::context::scoped::Scoped<T>::set
             at /home/runner/.cargo/registry/src/index.crates.io-1949cf8c6b5b557f/tokio-1.47.1/src/runtime/context/scoped.rs:40:9
  40: tokio::runtime::context::set_scheduler::{{closure}}
             at /home/runner/.cargo/registry/src/index.crates.io-1949cf8c6b5b557f/tokio-1.47.1/src/runtime/context.rs:176:38
  41: std::thread::local::LocalKey<T>::try_with
             at /rustc/1159e78c4747b02ef996e55082b704c09b970588/library/std/src/thread/local.rs:315:12
  42: std::thread::local::LocalKey<T>::with
             at /rustc/1159e78c4747b02ef996e55082b704c09b970588/library/std/src/thread/local.rs:279:20
  43: tokio::runtime::context::set_scheduler
             at /home/runner/.cargo/registry/src/index.crates.io-1949cf8c6b5b557f/tokio-1.47.1/src/runtime/context.rs:176:17
  44: tokio::runtime::scheduler::multi_thread::worker::run::{{closure}}
             at /home/runner/.cargo/registry/src/index.crates.io-1949cf8c6b5b557f/tokio-1.47.1/src/runtime/scheduler/multi_thread/worker.rs:499:9
  45: tokio::runtime::context::runtime::enter_runtime
             at /home/runner/.cargo/registry/src/index.crates.io-1949cf8c6b5b557f/tokio-1.47.1/src/runtime/context/runtime.rs:65:16
  46: tokio::runtime::scheduler::multi_thread::worker::run
             at /home/runner/.cargo/registry/src/index.crates.io-1949cf8c6b5b557f/tokio-1.47.1/src/runtime/scheduler/multi_thread/worker.rs:491:5
  47: tokio::runtime::scheduler::multi_thread::worker::Launch::launch::{{closure}}
             at /home/runner/.cargo/registry/src/index.crates.io-1949cf8c6b5b557f/tokio-1.47.1/src/runtime/scheduler/multi_thread/worker.rs:457:45
  48: <tokio::runtime::blocking::task::BlockingTask<T> as core::future::future::Future>::poll
             at /home/runner/.cargo/registry/src/index.crates.io-1949cf8c6b5b557f/tokio-1.47.1/src/runtime/blocking/task.rs:42:21
  49: tokio::runtime::task::core::Core<T,S>::poll::{{closure}}
             at /home/runner/.cargo/registry/src/index.crates.io-1949cf8c6b5b557f/tokio-1.47.1/src/runtime/task/core.rs:365:24
  50: tokio::loom::std::unsafe_cell::UnsafeCell<T>::with_mut
             at /home/runner/.cargo/registry/src/index.crates.io-1949cf8c6b5b557f/tokio-1.47.1/src/loom/std/unsafe_cell.rs:16:9
  51: tokio::runtime::task::core::Core<T,S>::poll
             at /home/runner/.cargo/registry/src/index.crates.io-1949cf8c6b5b557f/tokio-1.47.1/src/runtime/task/core.rs:354:30
  52: tokio::runtime::task::harness::poll_future::{{closure}}
             at /home/runner/.cargo/registry/src/index.crates.io-1949cf8c6b5b557f/tokio-1.47.1/src/runtime/task/harness.rs:535:30
  53: <core::panic::unwind_safe::AssertUnwindSafe<F> as core::ops::function::FnOnce<()>>::call_once
             at /rustc/1159e78c4747b02ef996e55082b704c09b970588/library/core/src/panic/unwind_safe.rs:272:9
  54: std::panicking::catch_unwind::do_call
             at /rustc/1159e78c4747b02ef996e55082b704c09b970588/library/std/src/panicking.rs:589:40
  55: __rust_try
  56: std::panicking::catch_unwind
             at /rustc/1159e78c4747b02ef996e55082b704c09b970588/library/std/src/panicking.rs:552:19
  57: std::panic::catch_unwind
             at /rustc/1159e78c4747b02ef996e55082b704c09b970588/library/std/src/panic.rs:359:14
  58: tokio::runtime::task::harness::poll_future
             at /home/runner/.cargo/registry/src/index.crates.io-1949cf8c6b5b557f/tokio-1.47.1/src/runtime/task/harness.rs:523:18
  59: tokio::runtime::task::harness::Harness<T,S>::poll_inner
             at /home/runner/.cargo/registry/src/index.crates.io-1949cf8c6b5b557f/tokio-1.47.1/src/runtime/task/harness.rs:210:27
  60: tokio::runtime::task::harness::Harness<T,S>::poll
             at /home/runner/.cargo/registry/src/index.crates.io-1949cf8c6b5b557f/tokio-1.47.1/src/runtime/task/harness.rs:155:20
  61: tokio::runtime::task::raw::poll
             at /home/runner/.cargo/registry/src/index.crates.io-1949cf8c6b5b557f/tokio-1.47.1/src/runtime/task/raw.rs:325:13
  62: tokio::runtime::task::raw::RawTask::poll
             at /home/runner/.cargo/registry/src/index.crates.io-1949cf8c6b5b557f/tokio-1.47.1/src/runtime/task/raw.rs:255:18
  63: tokio::runtime::task::UnownedTask<S>::run
             at /home/runner/.cargo/registry/src/index.crates.io-1949cf8c6b5b557f/tokio-1.47.1/src/runtime/task/mod.rs:546:13
  64: tokio::runtime::blocking::pool::Task::run
             at /home/runner/.cargo/registry/src/index.crates.io-1949cf8c6b5b557f/tokio-1.47.1/src/runtime/blocking/pool.rs:161:19
  65: tokio::runtime::blocking::pool::Inner::run
             at /home/runner/.cargo/registry/src/index.crates.io-1949cf8c6b5b557f/tokio-1.47.1/src/runtime/blocking/pool.rs:516:22
  66: tokio::runtime::blocking::pool::Spawner::spawn_thread::{{closure}}
             at /home/runner/.cargo/registry/src/index.crates.io-1949cf8c6b5b557f/tokio-1.47.1/src/runtime/blocking/pool.rs:474:47
  67: std::sys::backtrace::__rust_begin_short_backtrace
             at /rustc/1159e78c4747b02ef996e55082b704c09b970588/library/std/src/sys/backtrace.rs:158:18
  68: std::thread::Builder::spawn_unchecked_::{{closure}}::{{closure}}
             at /rustc/1159e78c4747b02ef996e55082b704c09b970588/library/std/src/thread/mod.rs:559:17
  69: <core::panic::unwind_safe::AssertUnwindSafe<F> as core::ops::function::FnOnce<()>>::call_once
             at /rustc/1159e78c4747b02ef996e55082b704c09b970588/library/core/src/panic/unwind_safe.rs:272:9
  70: std::panicking::catch_unwind::do_call
             at /rustc/1159e78c4747b02ef996e55082b704c09b970588/library/std/src/panicking.rs:589:40
  71: __rust_try
  72: std::panicking::catch_unwind
             at /rustc/1159e78c4747b02ef996e55082b704c09b970588/library/std/src/panicking.rs:552:19
  73: std::panic::catch_unwind
             at /rustc/1159e78c4747b02ef996e55082b704c09b970588/library/std/src/panic.rs:359:14
  74: std::thread::Builder::spawn_unchecked_::{{closure}}
             at /rustc/1159e78c4747b02ef996e55082b704c09b970588/library/std/src/thread/mod.rs:557:30
  75: core::ops::function::FnOnce::call_once{{vtable.shim}}
             at /rustc/1159e78c4747b02ef996e55082b704c09b970588/library/core/src/ops/function.rs:253:5
  76: <alloc::boxed::Box<F,A> as core::ops::function::FnOnce<Args>>::call_once
             at /rustc/1159e78c4747b02ef996e55082b704c09b970588/library/alloc/src/boxed.rs:1971:9
  77: std::sys::pal::unix::thread::Thread::new::thread_start
             at /rustc/1159e78c4747b02ef996e55082b704c09b970588/library/std/src/sys/pal/unix/thread.rs:107:17
  78: <unknown>
  79: <unknown>
",
sql/bronze_scope/sql-reference-functions/Semi-structured_and_structured_data/filter.slt,"SELECT order_id,
       order_date,
       FILTER(o.order_detail, i -> i:subtotal >= 1500) ORDER_DETAIL_GT_EQUAL_1500
  FROM orders o",000301 (02000): SQL compilation error: unsupported feature: Function 'filter' is not implemented yet. Details: https://docs.snowflake.com/en/sql-reference/functions/filter,
sql/bronze_scope/sql-reference-functions/Data_generation/normal.slt,"SELECT normal(0, 1, random()) FROM table(generator(rowCount => 5))",000301 (02000): SQL compilation error: unsupported feature: Function 'normal' is not implemented yet. Details: https://docs.snowflake.com/en/sql-reference/functions/normal,
sql/bronze_scope/sql-reference-functions/Data_generation/normal.slt,"SELECT normal(0, 1, 1234) FROM table(generator(rowCount => 5))",000301 (02000): SQL compilation error: unsupported feature: Function 'normal' is not implemented yet. Details: https://docs.snowflake.com/en/sql-reference/functions/normal,
sql/bronze_scope/sql-reference-functions/Geospatial/st_makepoint.slt,"SELECT ST_MAKEPOINT(37.5, 45.5)",000301 (02000): SQL compilation error: unsupported feature: Function 'st_makepoint' is not implemented yet. Details: https://docs.snowflake.com/en/sql-reference/functions/st_makepoint,
sql/bronze_scope/sql-reference-functions/Semi-structured_and_structured_data/check_json.slt,"WITH raw_data(ID, varchar1) AS (
    SELECT * FROM VALUES
        (1, '{""ValidKey1"": ""ValidValue1""}'),
        (2, '{""Malformed -- Missing value"": null}'),
        (3, NULL)
),
sample_json_table AS (
    SELECT
        ID,
        varchar1,
        PARSE_JSON(varchar1) AS variant1
    FROM raw_data
)
SELECT
    ID,
    CHECK_JSON(varchar1) AS json_check_result,
    varchar1
FROM
    sample_json_table
ORDER BY
    ID;",000301 (02000): SQL compilation error: unsupported feature: Function 'check_json' is not implemented yet. Details: https://docs.snowflake.com/en/sql-reference/functions/check_json,
sql/bronze_scope/sql-reference-functions/Table/flatten.slt,"SELECT * FROM TABLE(FLATTEN(input => parse_json('[1, ,77]'))) f",000506 (02000): Failed to deserialize JSON: expected value at line 1 column 5,
sql/bronze_scope/sql-reference-functions/Semi-structured_and_structured_data/check_json.slt,"WITH raw_data(ID, varchar1) AS (
    SELECT * FROM VALUES
        (1, '{""ValidKey1"": ""ValidValue1""}'),
        (2, '{""Malformed -- Missing value"": null}'),
        (3, NULL)
),
sample_json_table AS (
    SELECT
        ID,
        varchar1,
        PARSE_JSON(varchar1) AS variant1
    FROM raw_data
)
SELECT
    ID,
    CHECK_JSON(varchar1) AS json_check_result,
    variant1
FROM
    sample_json_table
ORDER BY
    ID;",000301 (02000): SQL compilation error: unsupported feature: Function 'check_json' is not implemented yet. Details: https://docs.snowflake.com/en/sql-reference/functions/check_json,
sql/bronze_scope/sql-reference-functions/Geospatial/to_geography.slt,SELECT TO_GEOGRAPHY('POINT(-122.35 37.55)');,000301 (02000): SQL compilation error: unsupported feature: Function 'to_geography' is not implemented yet. Details: https://docs.snowflake.com/en/sql-reference/functions/to_geography,
sql/bronze_scope/sql-reference-functions/Geospatial/to_geography.slt,SELECT TO_GEOGRAPHY('POINTZ(-122.35 37.55 30)');,000301 (02000): SQL compilation error: unsupported feature: Function 'to_geography' is not implemented yet. Details: https://docs.snowflake.com/en/sql-reference/functions/to_geography,
sql/bronze_scope/sql-reference-functions/Table/flatten.slt,"WITH persons AS (
    SELECT column1 as id, parse_json(column2) as c
    FROM VALUES
    (12712555,
    '{ name:  { first: ""John"", last: ""Smith""},
      contact: [
      { business:[
        { type: ""phone"", content:""555-1234"" },
        { type: ""email"", content:""j.smith@company.com"" } ] } ] }'),
    (98127771,
    '{ name:  { first: ""Jane"", last: ""Doe""},
      contact: [
      { business:[
        { type: ""phone"", content:""555-1236"" },
        { type: ""email"", content:""j.doe@company.com"" } ] } ] }') v
)
SELECT id as ""ID"",
   f.value AS ""Contact"",
   f1.value:type AS ""Type"",
   f1.value:content AS ""Details""
 FROM persons p,
   lateral flatten(input => p.c, path => 'contact') f,
   lateral flatten(input => f.value:business) f1;",000301 (02000): External error: No table found for reference in expression,
sql/bronze_scope/sql-reference-commands/Query_syntax/join-lateral.slt,"INSERT INTO employees (employee_ID, last_name, department_ID) VALUES
    (101, 'Richards', 1),
    (102, 'Paulson',  1),
    (103, 'Johnson',  2);","000301 (02000): Schema error: No field named last_name. Valid fields are employee_id, employee_name, department.",
sql/bronze_scope/sql-reference-functions/Numeric/round.slt,"SELECT ROUND(2.5, 0), ROUND(2.5, 0, 'HALF_TO_EVEN')","000301 (02000): Error during planning: Failed to coerce arguments to satisfy a call to 'round' function: coercion from [Decimal128(2, 1), Int64, Utf8] to the signature OneOf([Exact([Float64, Int64]), Exact([Float32, Int64]), Exact([Float64]), Exact([Float32])]) failed No function matches the given name and argument types 'round(Decimal128(2, 1), Int64, Utf8)'. You might need to add explicit type casts.
	Candidate functions:
	round(Float64, Int64)
	round(Float32, Int64)
	round(Float64)
	round(Float32)",
sql/bronze_scope/sql-reference-commands/Query_syntax/join-lateral.slt,"SELECT *
    FROM departments AS d, LATERAL (SELECT * FROM employees AS e WHERE e.department_ID = d.department_ID) AS iv2
    ORDER BY employee_ID",002003 (42000): SQL compilation error: column 'department_id' not found in 'e',
sql/bronze_scope/sql-reference-functions/Numeric/round.slt,"SELECT ROUND(-2.5, 0), ROUND(2.5, 0, 'HALF_TO_EVEN')","000301 (02000): Error during planning: Failed to coerce arguments to satisfy a call to 'round' function: coercion from [Decimal128(2, 1), Int64, Utf8] to the signature OneOf([Exact([Float64, Int64]), Exact([Float32, Int64]), Exact([Float64]), Exact([Float32])]) failed No function matches the given name and argument types 'round(Decimal128(2, 1), Int64, Utf8)'. You might need to add explicit type casts.
	Candidate functions:
	round(Float64, Int64)
	round(Float32, Int64)
	round(Float64)
	round(Float32)",
sql/bronze_scope/sql-reference-commands/Query_syntax/join-lateral.slt,"CREATE OR REPLACE TABLE employees_with_projects AS
SELECT employee_ID,
       last_name,
       department_ID,
       CASE
           WHEN employee_ID = 101 THEN ARRAY_CONSTRUCT('Materialized Views', 'UDFs')
           WHEN employee_ID = 102 THEN ARRAY_CONSTRUCT('Materialized Views', 'Lateral Joins')
           ELSE NULL
       END AS project_names
FROM employees;","000301 (02000): Schema error: No field named last_name. Valid fields are embucket.public.employees.employee_id, embucket.public.employees.employee_name, embucket.public.employees.department.",
sql/bronze_scope/sql-reference-functions/Numeric/round.slt,"SELECT ROUND(
  EXPR => -2.5,
  SCALE => 0,
  ROUNDING_MODE => 'HALF_TO_EVEN')","000301 (02000): Error during planning: Failed to coerce arguments to satisfy a call to 'round' function: coercion from [Decimal128(2, 1), Int64, Utf8] to the signature OneOf([Exact([Float64, Int64]), Exact([Float32, Int64]), Exact([Float64]), Exact([Float32])]) failed No function matches the given name and argument types 'round(Decimal128(2, 1), Int64, Utf8)'. You might need to add explicit type casts.
	Candidate functions:
	round(Float64, Int64)
	round(Float32, Int64)
	round(Float64)
	round(Float32)",
sql/bronze_scope/sql-reference-functions/Conversion/to_binary.slt,"SELECT TO_BINARY('SNOW', 'utf-8')","252005: Failed to convert: field to_binary(Utf8(""SNOW""),Utf8(""utf-8"")): BINARY::534e4f57, Error: Non-base16 digit found","0: 00000000-0000-0000-0000-077edd0b323c: Query execution error: DataFusion error: This feature is not implemented: Function 'approx_percentile' is not implemented yet. Details: https://docs.snowflake.com/en/sql-reference/functions/approx_percentile, at crates/core-executor/src/service.rs:589:60
1: DataFusion error: This feature is not implemented: Function 'approx_percentile' is not implemented yet. Details: https://docs.snowflake.com/en/sql-reference/functions/approx_percentile, at crates/core-executor/src/query.rs:303:44
2: NotImplemented(""Function 'approx_percentile' is not implemented yet. Details: https://docs.snowflake.com/en/sql-reference/functions/approx_percentile"")"
sql/bronze_scope/sql-reference-commands/Query_syntax/join-lateral.slt,ALTER TABLE employees_with_projects RENAME TO employees;,002043 (42502): SQL compilation error: Table 'embucket.public.employees_with_projects' does not exist or not authorized,
sql/bronze_scope/sql-reference-functions/Aggregate/approx_percentile.slt,"WITH testtable AS (
    SELECT * FROM (VALUES
        (0),
        (1),
        (2),
        (3),
        (4),
        (5),
        (6),
        (7),
        (8),
        (9),
        (10)
    ) AS t(c1)
)
SELECT APPROX_PERCENTILE(c1, 0.1) FROM testtable",000301 (02000): SQL compilation error: unsupported feature: Function 'approx_percentile' is not implemented yet. Details: https://docs.snowflake.com/en/sql-reference/functions/approx_percentile,
sql/bronze_scope/sql-reference-functions/Aggregate/approx_percentile.slt,"WITH testtable AS (
    SELECT * FROM (VALUES
        (0),
        (1),
        (2),
        (3),
        (4),
        (5),
        (6),
        (7),
        (8),
        (9),
        (10)
    ) AS t(c1)
)
SELECT APPROX_PERCENTILE(c1, 0.5) FROM testtable",000301 (02000): SQL compilation error: unsupported feature: Function 'approx_percentile' is not implemented yet. Details: https://docs.snowflake.com/en/sql-reference/functions/approx_percentile,
sql/bronze_scope/sql-reference-commands/Query_syntax/join-lateral.slt,"SELECT emp.employee_ID, emp.last_name, index, value AS project_name
    FROM employees AS emp, LATERAL FLATTEN(INPUT => emp.project_names) AS proj_names
    ORDER BY employee_ID","002003 (42000): SQL compilation error: error line 1 at position 87
table 'embucket.public.employees' not found",
sql/bronze_scope/sql-reference-functions/Aggregate/approx_percentile.slt,"WITH testtable AS (
    SELECT * FROM (VALUES
        (0),
        (1),
        (2),
        (3),
        (4),
        (5),
        (6),
        (7),
        (8),
        (9),
        (10)
    ) AS t(c1)
)
SELECT APPROX_PERCENTILE(c1, 0.999) FROM testtable",000301 (02000): SQL compilation error: unsupported feature: Function 'approx_percentile' is not implemented yet. Details: https://docs.snowflake.com/en/sql-reference/functions/approx_percentile,
sql/bronze_scope/sql-reference-commands/Query_syntax/join-lateral.slt,"SELECT * 
    FROM departments AS d INNER JOIN LATERAL (SELECT * FROM employees AS e WHERE e.department_ID = d.department_ID) AS iv2
    ORDER BY employee_ID","002003 (42000): SQL compilation error: error line 1 at position 79
table 'embucket.public.employees' not found",
sql/bronze_scope/other/aliases.slt,"SELECT 'test' AS MyAlias, myalias AS lower_ref",002003 (42000): SQL compilation error: column 'myalias' not found,
sql/bronze_scope/sql-reference-functions/Conversion/try_to_decimal.slt,"SELECT column1 AS orig_string,
       TO_DECIMAL(column1) AS dec,
       TO_DECIMAL(column1, 10, 2) AS dec_with_scale,
       TO_DECIMAL(column1, 4, 2) AS dec_with_range_err
  FROM VALUES ('345.123')
  AS T(column1)",000601 (02000): Arrow error: Invalid argument error: 34512 is too large to store in a Decimal128 of precision 4. Max is 9999,
sql/bronze_scope/sql-reference-functions/Conversion/try_to_decimal.slt,"SELECT column1 AS orig_string,
       TO_DECIMAL(column1, '$9,999.00') AS num,
       TO_DECIMAL(column1, '$9,999.00', 6, 2) AS num_with_scale,
       TO_DECIMAL(column1, 6, 2) AS num_with_format_err
  FROM VALUES ('$7,543.21')
  AS T(column1)","000601 (02000): Arrow error: Cast error: Cannot cast string '$7,543.21' to value of Decimal128(38, 10) type",
sql/bronze_scope/sql-reference-commands/Query_syntax/join-lateral.slt,"SELECT m.id, sub.x
FROM t_main AS m
LEFT JOIN LATERAL (
  SELECT x FROM t_sub
  WHERE t_sub.x = m.id AND x < 0
) AS sub ON TRUE
ORDER BY m.id;","000301 (02000): SQL compilation error: unsupported feature: Physical plan does not support logical expression OuterReferenceColumn(Int64, Column { relation: Some(Bare { table: ""m"" }), name: ""id"" })",
sql/bronze_scope/sql-reference-functions/Conversion/to_double.slt,"WITH double_demo AS (
    SELECT * FROM VALUES
    (1.1, '2.2', TO_VARIANT(3.14))
    AS T(d, v, o)
)
SELECT TO_DOUBLE(d), TO_DOUBLE(v), TO_DOUBLE(o) FROM double_demo;",000301 (02000): SQL compilation error: unsupported feature: Function 'to_double' is not implemented yet. Details: https://docs.snowflake.com/en/sql-reference/functions/to_double,
sql/bronze_scope/sql-reference-functions/Conversion/to_double.slt,"SELECT TO_DOUBLE(1.1)::NUMBER(38, 18)",000301 (02000): SQL compilation error: unsupported feature: Function 'to_double' is not implemented yet. Details: https://docs.snowflake.com/en/sql-reference/functions/to_double,
sql/bronze_scope/sql-reference-functions/Semi-structured_and_structured_data/is_date-value.slt,"WITH vardttm(v) AS (
    SELECT TO_VARIANT(TO_DATE('2024-02-24'))
    UNION ALL
    SELECT TO_VARIANT(TO_TIME('20:57:01.123456789+07:00'))
    UNION ALL
    SELECT TO_VARIANT(TO_TIMESTAMP('2023-02-24 12:00:00.456'))
    UNION ALL
    SELECT TO_VARIANT(TO_TIMESTAMP_LTZ('2022-02-24 13:00:00.123 +01:00'))
    UNION ALL
    SELECT TO_VARIANT(TO_TIMESTAMP_NTZ('2021-02-24 14:00:00.123 +01:00'))
    UNION ALL
    SELECT TO_VARIANT(TO_TIMESTAMP_TZ('2020-02-24 15:00:00.123 +01:00'))
)
SELECT v
FROM vardttm
WHERE IS_DATE(v);",000301 (02000): SQL compilation error: unsupported feature: Function 'is_date' is not implemented yet. Details: https://docs.snowflake.com/en/sql-reference/functions/is_date-value,
sql/bronze_scope/sql-reference-commands/Sessions/set.slt,SELECT $V1;,000301 (02000): Error during planning: No value found for placeholder with name $V1,
sql/bronze_scope/sql-reference-commands/Sessions/set.slt,SELECT $V2;,000301 (02000): Error during planning: No value found for placeholder with name $V2,
sql/bronze_scope/sql-reference-functions/Semi-structured_and_structured_data/is_timestamp.slt,"WITH vardttm AS (
  SELECT TO_VARIANT(TO_DATE('2024-02-24')) AS v UNION ALL
  SELECT TO_VARIANT(TO_TIME('20:57:01.123456789+07:00')) UNION ALL
  SELECT TO_VARIANT(TO_TIMESTAMP('2023-02-24 12:00:00.456')) UNION ALL
  SELECT TO_VARIANT(TO_TIMESTAMP_LTZ('2022-02-24 13:00:00.123 +01:00')) UNION ALL
  SELECT TO_VARIANT(TO_TIMESTAMP_NTZ('2021-02-24 14:00:00.123 +01:00')) UNION ALL
  SELECT TO_VARIANT(TO_TIMESTAMP_TZ('2020-02-24 15:00:00.123 +01:00'))
)
SELECT v, TYPEOF(v) AS type FROM vardttm","000301 (02000): type_coercion
caused by
Error during planning: Incompatible inputs for Union: Previous inputs were of type Date32, but got incompatible type Time64(Nanosecond) on column 'to_variant(to_time(Utf8(""20:57:01.123456789+07:00"")))'",
sql/bronze_scope/sql-reference-functions/Semi-structured_and_structured_data/is_timestamp.slt,"WITH vardttm AS (
  SELECT TO_VARIANT(TO_DATE('2024-02-24')) AS v UNION ALL
  SELECT TO_VARIANT(TO_TIME('20:57:01.123456789+07:00')) UNION ALL
  SELECT TO_VARIANT(TO_TIMESTAMP('2023-02-24 12:00:00.456')) UNION ALL
  SELECT TO_VARIANT(TO_TIMESTAMP_LTZ('2022-02-24 13:00:00.123 +01:00')) UNION ALL
  SELECT TO_VARIANT(TO_TIMESTAMP_NTZ('2021-02-24 14:00:00.123 +01:00')) UNION ALL
  SELECT TO_VARIANT(TO_TIMESTAMP_TZ('2020-02-24 15:00:00.123 +01:00'))
)
SELECT * FROM vardttm WHERE IS_TIMESTAMP_NTZ(v)",000301 (02000): SQL compilation error: unsupported feature: Function 'is_timestamp_ntz' is not implemented yet. Details: https://docs.snowflake.com/en/sql-reference/functions/is_timestamp,
sql/bronze_scope/sql-reference-functions/Semi-structured_and_structured_data/is_timestamp.slt,"WITH vardttm AS (
  SELECT TO_VARIANT(TO_DATE('2024-02-24')) AS v UNION ALL
  SELECT TO_VARIANT(TO_TIME('20:57:01.123456789+07:00')) UNION ALL
  SELECT TO_VARIANT(TO_TIMESTAMP('2023-02-24 12:00:00.456')) UNION ALL
  SELECT TO_VARIANT(TO_TIMESTAMP_LTZ('2022-02-24 13:00:00.123 +01:00')) UNION ALL
  SELECT TO_VARIANT(TO_TIMESTAMP_NTZ('2021-02-24 14:00:00.123 +01:00')) UNION ALL
  SELECT TO_VARIANT(TO_TIMESTAMP_TZ('2020-02-24 15:00:00.123 +01:00'))
)
SELECT * FROM vardttm WHERE IS_TIMESTAMP_LTZ(v)",000301 (02000): SQL compilation error: unsupported feature: Function 'is_timestamp_ltz' is not implemented yet. Details: https://docs.snowflake.com/en/sql-reference/functions/is_timestamp,
sql/bronze_scope/sql-reference-commands/Sessions/set.slt,SELECT $undefined_var;,000301 (02000): Error during planning: No value found for placeholder with name $undefined_var,
sql/databend/base/09_fuse_engine/09_0036_merge_into_without_distributed_enable.slt,drop stage if exists source_parquet_http;,000301 (02000): SQL compilation error: unsupported feature: Only `DROP TABLE/VIEW/SCHEMA  ...` statement is supported currently,
sql/bronze_scope/sql-reference-functions/Semi-structured_and_structured_data/is_timestamp.slt,"WITH vardttm AS (
  SELECT TO_VARIANT(TO_DATE('2024-02-24')) AS v UNION ALL
  SELECT TO_VARIANT(TO_TIME('20:57:01.123456789+07:00')) UNION ALL
  SELECT TO_VARIANT(TO_TIMESTAMP('2023-02-24 12:00:00.456')) UNION ALL
  SELECT TO_VARIANT(TO_TIMESTAMP_LTZ('2022-02-24 13:00:00.123 +01:00')) UNION ALL
  SELECT TO_VARIANT(TO_TIMESTAMP_NTZ('2021-02-24 14:00:00.123 +01:00')) UNION ALL
  SELECT TO_VARIANT(TO_TIMESTAMP_TZ('2020-02-24 15:00:00.123 +01:00'))
)
SELECT * FROM vardttm WHERE IS_TIMESTAMP_TZ(v)",000301 (02000): SQL compilation error: unsupported feature: Function 'is_timestamp_tz' is not implemented yet. Details: https://docs.snowflake.com/en/sql-reference/functions/is_timestamp,
sql/databend/base/09_fuse_engine/09_0036_merge_into_without_distributed_enable.slt,create stage source_parquet_http file_format = (type = parquet);,010001 (02000): Invalid file path: ,
sql/bronze_scope/other/aliases.slt,"SELECT
    (SELECT name FROM employees WHERE id = 1) AS result,
    (SELECT department FROM employees WHERE id = 1) AS result","000301 (02000): Error during planning: Projections require unique expression names but the expression ""(<subquery>) AS result"" at position 0 and ""(<subquery>) AS result"" at position 1 have the same name. Consider aliasing (""AS"") one of them.","0: 00000000-0000-0000-0000-077edd0b161b: Query execution error: DataFusion error: This feature is not implemented: Unsupported SQL statement: REMOVE @source_parquet_http, at crates/core-executor/src/service.rs:589:60
1: DataFusion error: This feature is not implemented: Unsupported SQL statement: REMOVE @source_parquet_http, at crates/core-executor/src/query.rs:2177:22
2: NotImplemented(""Unsupported SQL statement: REMOVE @source_parquet_http"")"
sql/bronze_scope/sql-reference-functions/Semi-structured_and_structured_data/as_timestamp.slt,"WITH test_data AS (
  SELECT TO_VARIANT(TO_TIMESTAMP_NTZ('2024-10-10 12:34:56')) AS timestamp1
)
SELECT AS_TIMESTAMP_NTZ(timestamp1) AS timestamp_value
FROM test_data",000301 (02000): SQL compilation error: unsupported feature: Function 'as_timestamp_ntz' is not implemented yet. Details: https://docs.snowflake.com/en/sql-reference/functions/as_timestamp,
sql/databend/base/09_fuse_engine/09_0036_merge_into_without_distributed_enable.slt,remove @source_parquet_http;,000301 (02000): SQL compilation error: unsupported feature: Unsupported SQL statement: REMOVE @source_parquet_http,
sql/databend/base/09_fuse_engine/09_0036_merge_into_without_distributed_enable.slt,copy into @source_parquet_http from (select * from source_test);,010001 (02000): FROM object is required for COPY INTO statements,
sql/databend/base/09_fuse_engine/09_0036_merge_into_without_distributed_enable.slt,"merge into `target_test` as tt using (select `a`,`b`,`delete_flag` from @source_parquet_http (pattern => '.*[.]parquet')) as ss on (ss.`a` = tt.`a`)
when matched and ss.`delete_flag` = true then delete when matched then update set a = ss.a, b = ss.b when not matched and ss.`delete_flag` = false then insert (a,b) values(ss.a,ss.b);","000301 (02000): SQL error: ParserError(""Expected: ), found: , at Line: 1, Column: 49"")",
sql/bronze_scope/sql-reference-functions/Conditional_expression/nullifzero.slt,SELECT NULLIFZERO(3.14159),"000301 (02000): Internal error: Function 'nullifzero' returned value of type 'Decimal128(38, 10)' while the following type was promised at planning time and expected: 'Decimal128(6, 5)'.
This issue was likely caused by a bug in DataFusion's code. Please help us to resolve this by filing a bug report in our issue tracker: https://github.com/apache/datafusion/issues",
sql/bronze_scope/sql-reference-functions/Semi-structured_and_structured_data/is_time.slt,"WITH vardttm(v) AS (
    SELECT TO_VARIANT(TO_DATE('2024-02-24'))
    UNION ALL
    SELECT TO_VARIANT(TO_TIME('20:57:01.123456789+07:00'))
    UNION ALL
    SELECT TO_VARIANT(TO_TIMESTAMP('2023-02-24 12:00:00.456'))
    UNION ALL
    SELECT TO_VARIANT(TO_TIMESTAMP_LTZ('2022-02-24 13:00:00.123 +01:00'))
    UNION ALL
    SELECT TO_VARIANT(TO_TIMESTAMP_NTZ('2021-02-24 14:00:00.123 +01:00'))
    UNION ALL
    SELECT TO_VARIANT(TO_TIMESTAMP_TZ('2020-02-24 15:00:00.123 +01:00'))
)
SELECT v
FROM vardttm
WHERE IS_TIME(v);",000301 (02000): SQL compilation error: unsupported feature: Function 'is_time' is not implemented yet. Details: https://docs.snowflake.com/en/sql-reference/functions/is_time,
sql/bronze_scope/sql-reference-functions/Semi-structured_and_structured_data/array_agg.slt,"WITH array_data AS (
  WITH data AS (
    SELECT 1 a, ARRAY_CONSTRUCT(1,3,2,4,7,8,10) b
    UNION ALL
    SELECT 2, ARRAY_CONSTRUCT(1,3,2,4,7,8,10)
  )
  SELECT 'Ord'||a o_orderkey, 'c'||value::string o_clerk, index
    FROM data, TABLE(FLATTEN(input => b))
)
SELECT o_orderkey,
    ARRAY_AGG(o_clerk) OVER(PARTITION BY o_orderkey ORDER BY o_orderkey
      ROWS BETWEEN 3 PRECEDING AND CURRENT ROW) AS result
  FROM array_data",000301 (02000): Schema error: No field named b.,
sql/bronze_scope/sql-reference-functions/Window/nth_value.slt,"WITH TEMP_VALUES_TABLE AS (
  SELECT column1, column2
  FROM VALUES
    (1, 10), (1, 11), (1, 12),
    (2, 20), (2, 21), (2, 22)
)
SELECT
  column1,
  column2,
  NTH_VALUE(column2, 2) OVER (PARTITION BY column1 ORDER BY column2) AS column2_2nd
FROM TEMP_VALUES_TABLE",002003 (42000): SQL compilation error: table 'embucket.public.temp_values_table' not found,
sql/bronze_scope/sql-reference-functions/Data_generation/randstr.slt,"SELECT randstr(5, random()) FROM table(generator(rowCount => 5))",000301 (02000): SQL compilation error: unsupported feature: Function 'generator' is not implemented yet. Details: https://docs.snowflake.com/en/sql-reference/functions/generator,
sql/bronze_scope/sql-reference-functions/Data_generation/randstr.slt,"SELECT randstr(5, 1234) FROM table(generator(rowCount => 5))",000301 (02000): SQL compilation error: unsupported feature: Function 'generator' is not implemented yet. Details: https://docs.snowflake.com/en/sql-reference/functions/generator,
sql/bronze_scope/sql-reference-functions/Data_generation/randstr.slt,"SELECT randstr(GREATEST(1, abs(random()) % 10), random()) FROM table(generator(rowCount => 5));",000301 (02000): SQL compilation error: unsupported feature: Function 'generator' is not implemented yet. Details: https://docs.snowflake.com/en/sql-reference/functions/generator,
sql/bronze_scope/sql-reference-functions/String_&_binary/ilike.slt,"WITH ilike_ex(name) AS (SELECT * FROM
  VALUES
    ('John  Dddoe'),
    ('Joe   Doe'),
    ('John_down'),
    ('Joe down'),
    (null)
)
SELECT *
  FROM ilike_ex
  WHERE name ILIKE '%j%h%^_do%' ESCAPE '^'
  ORDER BY 1",002003 (42000): SQL compilation error: LIKE does not support escape_char other than the backslash (\\),
sql/bronze_scope/sql-reference-functions/Conversion/cast.slt,"WITH test_data_type_conversion AS (
  SELECT '9.8765' AS varchar_value,
         1.2345 AS number_value,
         '2024-05-09 14:32:29.135 -0700'::TIMESTAMP AS timestamp_value
)
SELECT varchar_value::NUMBER(6,5) AS varchar_to_number2,
       SYSTEM$TYPEOF(varchar_value::NUMBER(6,5)) AS data_type
  FROM test_data_type_conversion",000601 (02000): Arrow error: Invalid argument error: 1000000 is too large to store in a Decimal128 of precision 6. Max is 999999,
sql/bronze_scope/data-types/string.slt,"CREATE OR REPLACE TABLE test_nvarchar (
    id INTEGER,
    unicode_text NVARCHAR(50)
);","000301 (02000): SQL compilation error: unsupported feature: Unsupported SQL type Nvarchar(Some(IntegerLength { length: 50, unit: None }))",
sql/databend/base/09_fuse_engine/09_0036_merge_into_without_distributed_enable.slt,"create or replace table tt2(a bool, b variant, c map(string, string));","000301 (02000): SQL compilation error: unsupported feature: Unsupported SQL type Custom(ObjectName([Identifier(Ident { value: ""map"", quote_style: None, span: Span(Location(1,67)..Location(1,70)) })]), [""string"", ""string""])",
sql/bronze_scope/data-types/string.slt,"INSERT INTO test_nvarchar VALUES
    (1, 'English text'),
    (2, 'Chinese text'),      -- Simplified Unicode
    (3, 'Japanese text'),     -- Simplified Unicode
    (4, 'Arabic text'),       -- Simplified Unicode
    (5, 'Emoji text'),        -- Simplified Unicode
    (6, NULL);",000301 (02000): Error during planning: table 'embucket.public.test_nvarchar' not found,
sql/databend/base/09_fuse_engine/09_0036_merge_into_without_distributed_enable.slt,"insert into tt2 values (true, '10', {'k1':'v1'}), (false, '20', {'k2':'v2'})",000301 (02000): Error during planning: table 'embucket.public.tt2' not found,
sql/bronze_scope/data-types/string.slt,"SELECT id, unicode_text FROM test_nvarchar ORDER BY id;",002003 (42000): SQL compilation error: table 'embucket.public.test_nvarchar' not found,
sql/bronze_scope/sql-reference-commands/Query_syntax/into.slt,"EXECUTE IMMEDIATE $$
DECLARE
  v_id INT;
  v_name STRING;
BEGIN
  SELECT 1, 'Alice'
  INTO :v_id, :v_name;
  RETURN v_id || ' ' || v_name;
END;
$$;",000301 (02000): SQL compilation error: unsupported feature: Execute statement with IMMEDIATE is not supported,
sql/databend/base/09_fuse_engine/09_0036_merge_into_without_distributed_enable.slt,merge into tt2 using(select true as x) as t on (x and tt2.a) when matched and tt2.a then update set tt2.b = parse_json('30');,000301 (02000): Error during planning: No table named 'tt2',
sql/bronze_scope/sql-reference-functions/Date_&_time/convert_timezone.slt,"SELECT CONVERT_TIMEZONE(
  'America/Los_Angeles',
  'UTC',
  '2024-04-05 12:00:00 +02:00'::TIMESTAMP_TZ
) AS time_in_la","000301 (02000): Error during planning: Failed to coerce arguments to satisfy a call to 'convert_timezone' function: coercion from [Utf8, Utf8, Timestamp(Nanosecond, Some(""America/Los_Angeles""))] to the signature OneOf([Exact([Utf8, Timestamp(Second, Some(""+TZ""))]), Exact([Utf8, Timestamp(Millisecond, Some(""+TZ""))]), Exact([Utf8, Timestamp(Microsecond, Some(""+TZ""))]), Exact([Utf8, Timestamp(Nanosecond, Some(""+TZ""))]), Exact([Utf8, Utf8, Timestamp(Second, None)]), Exact([Utf8, Utf8, Timestamp(Millisecond, None)]), Exact([Utf8, Utf8, Timestamp(Microsecond, None)]), Exact([Utf8, Utf8, Timestamp(Nanosecond, None)])]) failed No function matches the given name and argument types 'convert_timezone(Utf8, Utf8, Timestamp(Nanosecond, Some(""America/Los_Angeles"")))'. You might need to add explicit type casts.
	Candidate functions:
	convert_timezone(Utf8, Timestamp(Second, Some(""+TZ"")))
	convert_timezone(Utf8, Timestamp(Millisecond, Some(""+TZ"")))
	convert_timezone(Utf8, Timestamp(Microsecond, Some(""+TZ"")))
	convert_timezone(Utf8, Timestamp(Nanosecond, Some(""+TZ"")))
	convert_timezone(Utf8, Utf8, Timestamp(Second, None))
	convert_timezone(Utf8, Utf8, Timestamp(Millisecond, None))
	convert_timezone(Utf8, Utf8, Timestamp(Microsecond, None))
	convert_timezone(Utf8, Utf8, Timestamp(Nanosecond, None))",
sql/bronze_scope/data-types/string.slt,"CREATE OR REPLACE TABLE test_nchar (
    id INTEGER,
    fixed_unicode NCHAR(10)
);","000301 (02000): SQL compilation error: unsupported feature: Unsupported SQL type Custom(ObjectName([Identifier(Ident { value: ""NCHAR"", quote_style: None, span: Span(Location(1,79)..Location(1,84)) })]), [""10""])",
sql/databend/base/09_fuse_engine/09_0036_merge_into_without_distributed_enable.slt,"select a, b, c from tt2 order by b;",002003 (42000): SQL compilation error: table 'embucket.public.tt2' not found,
sql/bronze_scope/sql-reference-functions/Semi-structured_and_structured_data/object_construct_keep_null.slt,"WITH demo_table_1_with_nulls AS (
  SELECT * FROM VALUES
    ('Manitoba', '2024-01-18'::DATE),
    ('British Columbia', NULL),
    ('Alberta', '2024-01-19'::DATE),
    (NULL, '2024-01-20'::DATE)
  AS t(province, created_date)
)
SELECT OBJECT_CONSTRUCT(*) AS oc,
       OBJECT_CONSTRUCT_KEEP_NULL(*) AS oc_keep_null
  FROM demo_table_1_with_nulls
  ORDER BY oc_keep_null['PROVINCE']","000301 (02000): SQL compilation error: unsupported feature: Physical plan does not support logical expression Wildcard { qualifier: None, options: WildcardOptions { ilike: None, exclude: None, except: None, replace: None, rename: None } }",
sql/bronze_scope/data-types/string.slt,"INSERT INTO test_nchar VALUES
    (1, 'ABC'),
    (2, 'XYZ'),  -- Simplified instead of Unicode
    (3, NULL);",000301 (02000): Error during planning: table 'embucket.public.test_nchar' not found,
sql/bronze_scope/sql-reference-functions/Semi-structured_and_structured_data/object_construct_keep_null.slt,"SELECT OBJECT_CONSTRUCT('key_1', 'one', 'key_2', NULL) AS WITHOUT_KEEP_NULL,
       OBJECT_CONSTRUCT_KEEP_NULL('key_1', 'one', 'key_2', NULL) AS KEEP_NULL_1,
       OBJECT_CONSTRUCT_KEEP_NULL('key_1', 'one', NULL, 'two') AS KEEP_NULL_2",000506 (02000): object_construct key must be a string,
sql/bronze_scope/data-types/string.slt,"SELECT id, fixed_unicode FROM test_nchar ORDER BY id;",002003 (42000): SQL compilation error: table 'embucket.public.test_nchar' not found,
sql/bronze_scope/sql-reference-functions/Date_&_time/date_part.slt,"SELECT TO_TIMESTAMP(
  '2024-04-08T23:39:20.123-07:00') AS ""TIME_STAMP1"",
  DATE_PART(epoch_millisecond, TO_TIMESTAMP('2024-04-08T23:39:20.123-07:00')) AS ""EXTRACTED EPOCH MILLISECOND""",002003 (42000): SQL compilation error: Date part 'epoch_millisecond' not supported,
sql/bronze_scope/sql-reference-commands/Query_syntax/with.slt,"with
   album_info_1976 as (select m.album_ID, m.album_name, b.band_name
      from music_albums as m inner join music_bands as b
      where m.band_id = b.band_id and album_year = 1976),
   Journey_album_info_1976 as (select *
      from album_info_1976 
      where band_name = 'Journey')
select album_name, band_name 
   from Journey_album_info_1976",002003 (42000): SQL compilation error: table 'embucket.public.journey_album_info_1976' not found,
sql/bronze_scope/sql-reference-functions/Data_generation/random.slt,SELECT RANDOM() FROM TABLE(GENERATOR(ROWCOUNT => 3)),000301 (02000): SQL compilation error: unsupported feature: Function 'generator' is not implemented yet. Details: https://docs.snowflake.com/en/sql-reference/functions/generator,
sql/bronze_scope/sql-reference-functions/Data_generation/random.slt,SELECT RANDOM(4711) FROM TABLE(GENERATOR(ROWCOUNT => 3)),000301 (02000): SQL compilation error: unsupported feature: Function 'generator' is not implemented yet. Details: https://docs.snowflake.com/en/sql-reference/functions/generator,
sql/bronze_scope/sql-reference-commands/Query_syntax/with.slt,"with
  album_IDs_by_bands as (select album_ID, music_bands.band_id, band_name
                          from music_albums inner join music_bands
                          where music_albums.band_id = music_bands.band_ID),
  musicians_in_bands as (select distinct musicians.musician_id, musician_name, band_name
                          from musicians inner join musicians_and_albums inner join album_IDs_by_bands
                          where musicians.musician_ID = musicians_and_albums.musician_ID
                            and musicians_and_albums.album_ID = album_IDs_by_bands.album_ID)
select musician_ID, musician_name from musicians_in_bands where band_name = 'Santana'
intersect
select musician_ID, musician_name from musicians_in_bands where band_name = 'Journey'
order by musician_ID",002003 (42000): SQL compilation error: table 'embucket.public.album_ids_by_bands' not found,
sql/bronze_scope/sql-reference-functions/Data_generation/random.slt,"SELECT RANDOM(), RANDOM() FROM TABLE(GENERATOR(ROWCOUNT => 3))",000301 (02000): SQL compilation error: unsupported feature: Function 'generator' is not implemented yet. Details: https://docs.snowflake.com/en/sql-reference/functions/generator,
sql/bronze_scope/sql-reference-commands/Query_syntax/with.slt,"WITH RECURSIVE current_f (current_val, previous_val) AS
    (
    SELECT 0, 1
    UNION ALL 
    SELECT current_val + previous_val, current_val FROM current_f
      WHERE current_val + previous_val < 100
    )
  SELECT current_val FROM current_f ORDER BY current_val",002003 (42000): SQL compilation error: column 'current_val' not found,
sql/bronze_scope/sql-reference-functions/Data_generation/random.slt,"SELECT RANDOM(4711), RANDOM(4711) FROM TABLE(GENERATOR(ROWCOUNT => 3))",000301 (02000): SQL compilation error: unsupported feature: Function 'generator' is not implemented yet. Details: https://docs.snowflake.com/en/sql-reference/functions/generator,
sql/bronze_scope/sql-reference-functions/Aggregate/approx_count_distinct.slt,"WITH RECURSIVE sequence_demo(i) AS (
    SELECT 1
    UNION ALL
    SELECT i + 1 FROM sequence_demo WHERE i < 1024
)
SELECT COUNT(i),
       COUNT(DISTINCT i),
       APPROX_COUNT_DISTINCT(i),
       HLL(i)
  FROM sequence_demo;",000301 (02000): SQL compilation error: unsupported feature: Function 'approx_count_distinct' is not implemented yet. Details: https://docs.snowflake.com/en/sql-reference/functions/approx_count_distinct,
sql/bronze_scope/sql-reference-commands/Query_syntax/with.slt,"WITH RECURSIVE current_layer (indent, layer_ID, parent_component_ID, component_id, description, sort_key) AS (
  SELECT 
      '...', 
      1, 
      parent_component_ID, 
      component_id, 
      description, 
      '0001'
    FROM components WHERE component_id = 1
  UNION ALL
  SELECT indent || '...',
      layer_ID + 1,
      components.parent_component_ID,
      components.component_id, 
      components.description,
      sort_key || SUBSTRING('000' || components.component_ID, -4)
    FROM current_layer JOIN components 
      ON (components.parent_component_id = current_layer.component_id)
  )
SELECT
  indent || description AS description, 
  component_id,
  parent_component_ID
  FROM current_layer
  ORDER BY sort_key","000301 (02000): Schema error: No field named indent. Valid fields are current_layer.""Utf8(""""..."""")"", current_layer.""Int64(1)"", current_layer.parent_component_id, current_layer.component_id, current_layer.description, current_layer.""Utf8(""""0001"""")"", embucket.public.components.description, embucket.public.components.component_id, embucket.public.components.quantity, embucket.public.components.parent_component_id.",
sql/bronze_scope/sql-reference-commands/Query_syntax/with.slt,"WITH bad_cte AS (
  SELECT 1
  UNION
  SELECT * FROM bad_cte
)
SELECT * FROM bad_cte;","002003 (42000): SQL compilation error: error line 1 at position 47
table 'bad_cte' not found",
sql/bronze_scope/sql-reference-functions/String_&_binary/hex_decode_string.slt,"WITH binary_table AS (
    SELECT 'HELLO' AS v, HEX_DECODE_BINARY(HEX_ENCODE('HELLO')) AS b
)
SELECT v, b, HEX_DECODE_STRING(TO_VARCHAR(b)) FROM binary_table","252005: Failed to convert: field b: BINARY::48454c4c4f, Error: Non-base16 digit found",
sql/databend/base/09_fuse_engine/09_0036_merge_into_without_distributed_enable.slt,merge into t1 using t2 on t1.a = t2.a when matched and t1.a = 1 then delete when matched and t1.a = 2 then update * when matched and t1.a = 3 then delete;,"000301 (02000): SQL error: ParserError(""Expected: SET, found: * at Line: 1, Column: 115"")",
sql/bronze_scope/sql-reference-functions/Data_generation/seq1.slt,SELECT seq8() FROM table(generator(rowCount => 5)),000301 (02000): SQL compilation error: unsupported feature: Function 'seq8' is not implemented yet. Details: https://docs.snowflake.com/en/sql-reference/functions/seq1,
sql/bronze_scope/sql-reference-functions/Data_generation/seq1.slt,"SELECT * FROM (SELECT seq2(0), seq1(1) FROM table(generator(rowCount => 132))) ORDER BY seq2(0) LIMIT 7 OFFSET 125",000301 (02000): SQL compilation error: unsupported feature: Function 'seq2' is not implemented yet. Details: https://docs.snowflake.com/en/sql-reference/functions/seq1,"0: 00000000-0000-0000-0000-077edd0adca8: Query execution error: DataFusion error: This feature is not implemented: Function 'base64_encode' is not implemented yet. Details: https://docs.snowflake.com/en/sql-reference/functions/base64_encode, at crates/core-executor/src/service.rs:589:60
1: DataFusion error: This feature is not implemented: Function 'base64_encode' is not implemented yet. Details: https://docs.snowflake.com/en/sql-reference/functions/base64_encode, at crates/core-executor/src/query.rs:303:44
2: NotImplemented(""Function 'base64_encode' is not implemented yet. Details: https://docs.snowflake.com/en/sql-reference/functions/base64_encode"")"
sql/bronze_scope/sql-reference-functions/Semi-structured_and_structured_data/object_construct.slt,"WITH demo_table_1 AS (
  SELECT * FROM VALUES
    ('Manitoba', '2024-01-18'::DATE),
    ('Alberta', '2024-01-19'::DATE)
  AS t(province, created_date)
)
SELECT OBJECT_CONSTRUCT(*) AS oc
  FROM demo_table_1
  ORDER BY oc['PROVINCE']","000301 (02000): SQL compilation error: unsupported feature: Physical plan does not support logical expression Wildcard { qualifier: None, options: WildcardOptions { ilike: None, exclude: None, except: None, replace: None, rename: None } }",
sql/bronze_scope/sql-reference-functions/String_&_binary/try_base64_decode_string.slt,"WITH base64 AS (
  SELECT 'HELLO' AS v, BASE64_ENCODE('HELLO') AS base64_string, '127' AS garbage
)
SELECT TRY_BASE64_DECODE_STRING(BASE64_ENCODE('HELLO'))",000301 (02000): SQL compilation error: unsupported feature: Function 'base64_encode' is not implemented yet. Details: https://docs.snowflake.com/en/sql-reference/functions/base64_encode,"0: 00000000-0000-0000-0000-077edd0adbe2: Query execution error: DataFusion error: This feature is not implemented: Function 'seq4' is not implemented yet. Details: https://docs.snowflake.com/en/sql-reference/functions/seq1, at crates/core-executor/src/service.rs:589:60
1: DataFusion error: This feature is not implemented: Function 'seq4' is not implemented yet. Details: https://docs.snowflake.com/en/sql-reference/functions/seq1, at crates/core-executor/src/query.rs:303:44
2: NotImplemented(""Function 'seq4' is not implemented yet. Details: https://docs.snowflake.com/en/sql-reference/functions/seq1"")"
sql/bronze_scope/sql-reference-functions/Data_generation/seq1.slt,"SELECT ROW_NUMBER() OVER (ORDER BY seq4()) 
    FROM TABLE(generator(rowcount => 10))",000301 (02000): SQL compilation error: unsupported feature: Function 'seq4' is not implemented yet. Details: https://docs.snowflake.com/en/sql-reference/functions/seq1,
sql/databend/base/09_fuse_engine/09_0036_merge_into_without_distributed_enable.slt,merge into t1 using t2 on t1.a = t2.a when matched and t1.a = 2 then update * when matched and t1.a = 1 then delete when matched and t1.a = 3 then update *;,"000301 (02000): SQL error: ParserError(""Expected: SET, found: * at Line: 1, Column: 77"")",
sql/bronze_scope/sql-reference-functions/Semi-structured_and_structured_data/object_construct.slt,"WITH demo_table_1 AS (
  SELECT * FROM VALUES
    ('Manitoba', '2024-01-18'::DATE),
    ('Alberta', '2024-01-19'::DATE)
  AS t(province, created_date)
)
SELECT OBJECT_CONSTRUCT(*) AS oc
  FROM demo_table_1
  WHERE province ILIKE 'prov%'
  ORDER BY oc['PROVINCE']","000301 (02000): SQL compilation error: unsupported feature: Physical plan does not support logical expression Wildcard { qualifier: None, options: WildcardOptions { ilike: None, exclude: None, except: None, replace: None, rename: None } }",
sql/bronze_scope/sql-reference-functions/String_&_binary/try_base64_decode_string.slt,"WITH base64 AS (
  SELECT 'HELLO' AS v, BASE64_ENCODE('HELLO') AS base64_string, '127' AS garbage
)
SELECT v, base64_string, TRY_BASE64_DECODE_STRING(base64_string), TRY_BASE64_DECODE_STRING(garbage) FROM base64",000301 (02000): SQL compilation error: unsupported feature: Function 'base64_encode' is not implemented yet. Details: https://docs.snowflake.com/en/sql-reference/functions/base64_encode,"0: 00000000-0000-0000-0000-077edd0ada48: Query execution error: DataFusion error: This feature is not implemented: Physical plan does not support logical expression AggregateFunction(AggregateFunction { func: AggregateUDF { inner: Count { name: ""count"", signature: Signature { type_signature: OneOf([VariadicAny, Nullary]), volatility: Immutable } } }, params: AggregateFunctionParams { args: [Alias(Alias { expr: Column(Column { relation: None, name: ""__common_expr_1"" }), relation: None, name: ""count(basic_example.i_col)"", metadata: None })], distinct: true, filter: None, order_by: [], null_treatment: None } }), at crates/core-executor/src/service.rs:589:60
1: DataFusion error: This feature is not implemented: Physical plan does not support logical expression AggregateFunction(AggregateFunction { func: AggregateUDF { inner: Count { name: ""count"", signature: Signature { type_signature: OneOf([VariadicAny, Nullary]), volatility: Immutable } } }, params: AggregateFunctionParams { args: [Alias(Alias { expr: Column(Column { relation: None, name: ""__common_expr_1"" }), relation: None, name: ""count(basic_example.i_col)"", metadata: None })], distinct: true, filter: None, order_by: [], null_treatment: None } }), at crates/core-executor/src/query.rs:2205:22
2: NotImplemented(""Physical plan does not support logical expression AggregateFunction(AggregateFunction { func: AggregateUDF { inner: Count { name: \\""count\\"", signature: Signature { type_signature: OneOf([VariadicAny, Nullary]), volatility: Immutable } } }, params: AggregateFunctionParams { args: [Alias(Alias { expr: Column(Column { relation: None, name: \\""__common_expr_1\\"" }), relation: None, name: \\""count(basic_example.i_col)\\"", metadata: None })], distinct: true, filter: None, order_by: [], null_treatment: None } })"")"
sql/bronze_scope/sql-reference-functions/Aggregate/count.slt,"WITH basic_example AS (
    SELECT * FROM VALUES
    (11,101), (11,102), (11,NULL), (12,101), (NULL,101), (NULL,102)
    AS basic_example(i_col, j_col)
)
SELECT COUNT(*) AS ""All"",
       COUNT(i_col ILIKE 'i_c%') AS ""ILIKE"",
       COUNT(i_col) AS ""EXCLUDE"",
       COUNT(i_col) AS ""i_col"",
       COUNT(DISTINCT i_col) AS ""DISTINCT i_col"",
       COUNT(j_col) AS ""j_col"",
       COUNT(DISTINCT j_col) AS ""DISTINCT j_col""
  FROM basic_example","000301 (02000): SQL compilation error: unsupported feature: Physical plan does not support logical expression AggregateFunction(AggregateFunction { func: AggregateUDF { inner: Count { name: ""count"", signature: Signature { type_signature: OneOf([VariadicAny, Nullary]), volatility: Immutable } } }, params: AggregateFunctionParams { args: [Alias(Alias { expr: Column(Column { relation: None, name: ""__common_expr_1"" }), relation: None, name: ""count(basic_example.i_col)"", metadata: None })], distinct: true, filter: None, order_by: [], null_treatment: None } })","0: 00000000-0000-0000-0000-077edd0ad97d: Query execution error: DataFusion error: This feature is not implemented: Function 'try_to_double' is not implemented yet. Details: https://docs.snowflake.com/en/sql-reference/functions/try_to_double, at crates/core-executor/src/service.rs:589:60
1: DataFusion error: This feature is not implemented: Function 'try_to_double' is not implemented yet. Details: https://docs.snowflake.com/en/sql-reference/functions/try_to_double, at crates/core-executor/src/query.rs:303:44
2: NotImplemented(""Function 'try_to_double' is not implemented yet. Details: https://docs.snowflake.com/en/sql-reference/functions/try_to_double"")"
sql/bronze_scope/sql-reference-functions/Semi-structured_and_structured_data/object_construct.slt,"WITH demo_table_1 AS (
  SELECT * FROM VALUES
    ('Manitoba', '2024-01-18'::DATE),
    ('Alberta', '2024-01-19'::DATE)
  AS t(province, created_date)
)
SELECT OBJECT_CONSTRUCT(* EXCLUDE province) AS oc
  FROM demo_table_1
  ORDER BY oc['PROVINCE']","000301 (02000): SQL error: ParserError(""Expected: ), found: EXCLUDE at Line: 7, Column: 27"")",
sql/bronze_scope/sql-reference-functions/Conversion/try_to_double.slt,"SELECT TRY_TO_DOUBLE('3.1415926'), TRY_TO_DOUBLE('Invalid')",000301 (02000): SQL compilation error: unsupported feature: Function 'try_to_double' is not implemented yet. Details: https://docs.snowflake.com/en/sql-reference/functions/try_to_double,
sql/bronze_scope/sql-reference-functions/Semi-structured_and_structured_data/object_construct.slt,"WITH demo_table_1 AS (
  SELECT * FROM VALUES
    ('Manitoba', '2024-01-18'::DATE),
    ('Alberta', '2024-01-19'::DATE)
  AS t(province, created_date)
)
SELECT OBJECT_CONSTRUCT(* EXCLUDE province) AS oc
  FROM demo_table_1
  ORDER BY oc['PROVINCE']","000301 (02000): SQL error: ParserError(""Expected: ), found: EXCLUDE at Line: 7, Column: 27"")",
sql/bronze_scope/sql-reference-functions/String_&_binary/like_any.slt,"WITH like_example(name) AS (SELECT * FROM
    VALUES
    ('John  Dddoe'),
    ('Joe   Doe'),
    ('John_down'),
    ('Joe down'),
    ('Tom   Doe'),
    ('Tim down'),
    (null)
)
SELECT *
  FROM like_example
  WHERE name LIKE ANY ('%J%h%^_do%', 'T%^%e') ESCAPE '^'
  ORDER BY name;",002003 (42000): SQL compilation error: LIKE does not support escape_char other than the backslash (\\),"0: 00000000-0000-0000-0000-077edd0ad656: Query execution error: DataFusion error: This feature is not implemented: Function 'editdistance' is not implemented yet. Details: https://docs.snowflake.com/en/sql-reference/functions/editdistance, at crates/core-executor/src/service.rs:589:60
1: DataFusion error: This feature is not implemented: Function 'editdistance' is not implemented yet. Details: https://docs.snowflake.com/en/sql-reference/functions/editdistance, at crates/core-executor/src/query.rs:303:44
2: NotImplemented(""Function 'editdistance' is not implemented yet. Details: https://docs.snowflake.com/en/sql-reference/functions/editdistance"")"
sql/bronze_scope/sql-reference-functions/Semi-structured_and_structured_data/object_construct.slt,"SELECT OBJECT_CONSTRUCT(*) FROM (VALUES(1,'x'), (2,'y')) AS t","000301 (02000): SQL compilation error: unsupported feature: Physical plan does not support logical expression Wildcard { qualifier: None, options: WildcardOptions { ilike: None, exclude: None, except: None, replace: None, rename: None } }",
sql/bronze_scope/sql-reference-functions/String_&_binary/editdistance.slt,"WITH ed(s, t) AS (SELECT * FROM
    VALUES
        ('', ''),
        ('Gute nacht', 'Ich weis nicht'),
        ('Ich wei nicht', 'Ich wei? nicht'),
        ('Ich wei nicht', 'Ich weiss nicht'),
        ('Ich wei nicht', NULL),
        ('Snowflake', 'Oracle'),
        ('wita', 'swieta'),
        (NULL, ''),
        (NULL, NULL)
)
SELECT s,
       t,
       EDITDISTANCE(s, t),
       EDITDISTANCE(t, s),
       EDITDISTANCE(s, t, 3),
       EDITDISTANCE(s, t, -1)
  FROM ed;",000301 (02000): SQL compilation error: unsupported feature: Function 'editdistance' is not implemented yet. Details: https://docs.snowflake.com/en/sql-reference/functions/editdistance,
sql/bronze_scope/sql-reference-functions/Semi-structured_and_structured_data/object_construct.slt,"SELECT OBJECT_CONSTRUCT(
  'Key_One', PARSE_JSON('NULL'), 
  'Key_Two', NULL, 
  'Key_Three', 'null') AS obj",000506 (02000): Failed to deserialize JSON: expected value at line 1 column 1,
sql/bronze_scope/sql-reference-functions/String_&_binary/editdistance.slt,"SELECT EDITDISTANCE('future', 'past', 2) < 2;",000301 (02000): SQL compilation error: unsupported feature: Function 'editdistance' is not implemented yet. Details: https://docs.snowflake.com/en/sql-reference/functions/editdistance,
sql/bronze_scope/sql-reference-functions/Semi-structured_and_structured_data/object_construct.slt,"WITH demo_table_1 AS (
  SELECT * FROM VALUES
    ('Manitoba', '2024-01-18'::DATE),
    ('Alberta', '2024-01-19'::DATE)
  AS t(province, created_date)
)
SELECT OBJECT_CONSTRUCT(
    'foo', 1234567,
    'dataset_size', (SELECT COUNT(*) FROM demo_table_1),
    'distinct_province', (SELECT COUNT(DISTINCT province) FROM demo_table_1),
    'created_date_seconds', extract(epoch_seconds, created_date)
  )  AS json_object
  FROM demo_table_1",002003 (42000): SQL compilation error: Date part 'epoch_seconds' not supported,
sql/bronze_scope/sql-reference-functions/Aggregate/mode.slt,"with aggr(k, v) as (
    select * from values
    (1, 10.00),
    (1, 10.00),
    (1, 10.00),
    (1, 10.00),
    (1, 20.00),
    (1, 21.00),
    (2, 20.00),
    (2, 20.00),
    (2, 25.00),
    (2, 30.00),
    (3, null)
)
select mode(v) from aggr",000301 (02000): SQL compilation error: unsupported feature: Function 'mode' is not implemented yet. Details: https://docs.snowflake.com/en/sql-reference/functions/mode,
sql/bronze_scope/sql-reference-functions/Semi-structured_and_structured_data/array_construct_compact.slt,"SELECT ARRAY_CONSTRUCT_COMPACT(null,'hello',3::double,4,5)",000301 (02000): SQL compilation error: unsupported feature: Function 'array_construct_compact' is not implemented yet. Details: https://docs.snowflake.com/en/sql-reference/functions/array_construct_compact,
sql/bronze_scope/sql-reference-functions/Aggregate/mode.slt,"with aggr(k, v) as (
    select * from values
    (1, 10.00),
    (1, 10.00),
    (1, 10.00),
    (1, 10.00),
    (1, 20.00),
    (1, 21.00),
    (2, 20.00),
    (2, 20.00),
    (2, 25.00),
    (2, 30.00),
    (3, null)
)
select k, mode(v) 
    from aggr 
    group by k
    order by k",000301 (02000): SQL compilation error: unsupported feature: Function 'mode' is not implemented yet. Details: https://docs.snowflake.com/en/sql-reference/functions/mode,
sql/bronze_scope/sql-reference-functions/Aggregate/mode.slt,"with aggr(k, v) as (
    select * from values
    (1, 10.00),
    (1, 10.00),
    (1, 10.00),
    (1, 10.00),
    (1, 20.00),
    (1, 21.00),
    (2, 20.00),
    (2, 20.00),
    (2, 25.00),
    (2, 30.00),
    (3, null)
)
select k, v, mode(v) over (partition by k) 
    from aggr 
    order by k, v",000301 (02000): SQL compilation error: unsupported feature: Function 'mode' is not implemented yet. Details: https://docs.snowflake.com/en/sql-reference/functions/mode,
sql/databend/base/09_fuse_engine/09_0036_merge_into_without_distributed_enable.slt,MERGE INTO t11 USING(SELECT NULL AS c0 FROM t12) AS t12 ON (t11.a OR TRUE) WHEN MATCHED AND TRUE THEN DELETE;,"000301 (02000): type_coercion
caused by
Error during planning: Cannot infer common argument type for logical boolean operation Int64 OR Boolean",
sql/bronze_scope/sql-reference-functions/String_&_binary/like.slt,"WITH like_ex(name) AS ( SELECT * FROM
  VALUES
    ('John  Dddoe'),
    ('John ''alias'' Doe'),
    ('Joe   Doe'),
    ('John_down'),
    ('Joe down'),
    ('Elaine'),
    (null)
)
SELECT name
  FROM like_ex
  WHERE name LIKE '%J%h%^_do%' ESCAPE '^'
  ORDER BY name",002003 (42000): SQL compilation error: LIKE does not support escape_char other than the backslash (\\),
sql/databend/base/09_fuse_engine/09_0036_merge_into_without_distributed_enable.slt,"CREATE OR REPLACE TABLE orders AS SELECT
    number % 5000 AS order_id,
    number % 10000 AS user_id,
    CASE WHEN (rand() * 10)::int % 2 = 0 THEN 'buy'
         ELSE 'sell'
    END AS order_type,
    CASE WHEN (rand() * 10)::int % 3 = 0 THEN 'BTC'
         WHEN (rand() * 10)::int % 3 = 1 THEN 'ETH'
         ELSE 'XRP'
    END AS asset_type,
    (rand() * 100)::decimal(18, 8) AS quantity,
    (rand() * 1000)::decimal(18, 8) AS price,
    CASE WHEN (rand() * 10)::int % 3 = 0 THEN 'completed'
         WHEN (rand() * 10)::int % 3 = 1 THEN 'pending'
         ELSE 'cancelled'
    END AS status,
    date_add('day', floor(rand() * 10 % 365)::int, '2021-01-01') AS created_at,
    date_add('day', floor(rand() * 10 % 365)::int, '2021-01-01') AS updated_at
FROM numbers(5000);",000301 (02000): Error during planning: table function 'embucket' not found,
sql/bronze_scope/sql-reference-functions/Semi-structured_and_structured_data/as_binary.slt,"WITH as_binary_example AS (
  SELECT TO_VARIANT(TO_BINARY('F0A5')) AS binary1
)
SELECT AS_BINARY(binary1) AS binary_value
  FROM as_binary_example",000301 (02000): SQL compilation error: unsupported feature: Function 'as_binary' is not implemented yet. Details: https://docs.snowflake.com/en/sql-reference/functions/as_binary,
sql/databend/base/09_fuse_engine/09_0036_merge_into_without_distributed_enable.slt,"MERGE INTO orders USING
(
    SELECT
        number % 5000 AS order_id,
        number % 100000 AS user_id,
        CASE WHEN (rand() * 10)::int % 2 = 0 THEN 'buy'
             ELSE 'sell'
        END AS order_type,
        CASE WHEN (rand() * 10)::int % 3 = 0 THEN 'BTC'
             WHEN (rand() * 10)::int % 3 = 1 THEN 'ETH'
             ELSE 'XRP'
        END AS asset_type,
        (rand() * 100)::decimal(18, 8) AS quantity,
        (rand() * 1000)::decimal(18, 8) AS price,
        CASE WHEN (rand() * 10)::int % 3 = 0 THEN 'completed'
             WHEN (rand() * 10)::int % 3 = 1 THEN 'pending'
             ELSE 'cancelled'
        END AS status,
        date_add('day', floor(rand() * 10 % 365)::int, '2021-01-01') AS created_at,
        date_add('day', floor(rand() * 10 % 365)::int, '2021-01-01') AS updated_at
    FROM numbers(5000)
) AS source
ON orders.order_id = source.order_id
WHEN MATCHED THEN
    UPDATE SET
        orders.user_id = source.user_id,
        orders.order_type = source.order_type,
        orders.asset_type = source.asset_type,
        orders.quantity = source.quantity,
        orders.price = source.price,
        orders.status = source.status,
        orders.created_at = source.created_at,
        orders.updated_at = source.updated_at
WHEN NOT MATCHED THEN
    INSERT (order_id, user_id, order_type, asset_type, quantity, price, status, created_at, updated_at)
    VALUES (source.order_id, source.user_id, source.order_type, source.asset_type, source.quantity, source.price, source.status, source.created_at, source.updated_at);",000301 (02000): Error during planning: table function 'numbers' not found,
sql/bronze_scope/sql-reference-functions/String_&_binary/like.slt,"WITH like_ex(name) AS ( SELECT * FROM
  VALUES
    ('John  Dddoe'),
    ('John ''alias'' Doe'),
    ('Joe   Doe'),
    ('John_down'),
    ('Joe down'),
    ('Elaine'),
    (null),
    ('100 times'),
    ('1000 times'),
    ('100%')
)
SELECT * FROM like_ex WHERE name LIKE '100^%' ESCAPE '^'
  ORDER BY 1",002003 (42000): SQL compilation error: LIKE does not support escape_char other than the backslash (\\),
sql/databend/base/09_fuse_engine/09_0036_merge_into_without_distributed_enable.slt,"CREATE OR REPLACE TABLE transactions AS SELECT
    number % 1000000 AS transaction_id,
    number % 100000 AS user_id,
    CASE WHEN (rand() * 10)::int % 3 = 0 THEN 'deposit'
    WHEN (rand() * 10)::int % 3 = 1 THEN 'withdrawal'
    ELSE 'trade'
END AS transaction_type,
    CASE WHEN (rand() * 10)::int % 3 = 0 THEN 'BTC'
         WHEN (rand() * 10)::int % 3 = 1 THEN 'ETH'
         ELSE 'XRP'
END AS asset_type,
    (rand() * 100)::decimal(18, 8) AS quantity,
    date_add('day', floor(rand() * 10 % 365)::int, '2021-01-01') AS transaction_time
FROM numbers(1000000);",000301 (02000): Error during planning: table function 'embucket' not found,
sql/bronze_scope/sql-reference-functions/String_&_binary/like.slt,"WITH like_ex(name) AS ( SELECT * FROM
  VALUES
    ('John  Dddoe'),
    ('John ''alias'' Doe'),
    ('Joe   Doe'),
    ('John_down'),
    ('Joe down'),
    ('Elaine'),
    (null),
    ('100 times'),
    ('1000 times'),
    ('100%')
)
SELECT * FROM like_ex WHERE name LIKE '100\\\\%' ESCAPE '\\\\'
  ORDER BY 1","000301 (02000): SQL error: TokenizerError(""Unterminated string literal at Line: 1, Column: 247"")",
sql/bronze_scope/data-types/structured.slt,"INSERT INTO test_basic_array
SELECT 1, ARRAY_CONSTRUCT(1, 2, 3), ARRAY_CONSTRUCT('apple', 'banana', 'cherry'), ARRAY_CONSTRUCT(1.1, 2.2, 3.3)
UNION ALL SELECT 2, ARRAY_CONSTRUCT(10, 20, 30, 40), ARRAY_CONSTRUCT('hello', 'world'), ARRAY_CONSTRUCT(10.5, 20.5)
UNION ALL SELECT 3, ARRAY_CONSTRUCT(), ARRAY_CONSTRUCT(), ARRAY_CONSTRUCT()  -- Empty arrays
UNION ALL SELECT 4, ARRAY_CONSTRUCT(0), ARRAY_CONSTRUCT('single'), ARRAY_CONSTRUCT(0.0)
UNION ALL SELECT 5, NULL, NULL, NULL;","000301 (02000): Error during planning: Projections require unique expression names but the expression ""array_construct()"" at position 1 and ""array_construct()"" at position 2 have the same name. Consider aliasing (""AS"") one of them.","0: 00000000-0000-0000-0000-077edd0ac4e7: Query execution error: DataFusion error: This feature is not implemented: Function 'as_boolean' is not implemented yet. Details: https://docs.snowflake.com/en/sql-reference/functions/as_boolean, at crates/core-executor/src/service.rs:589:60
1: DataFusion error: This feature is not implemented: Function 'as_boolean' is not implemented yet. Details: https://docs.snowflake.com/en/sql-reference/functions/as_boolean, at crates/core-executor/src/query.rs:303:44
2: NotImplemented(""Function 'as_boolean' is not implemented yet. Details: https://docs.snowflake.com/en/sql-reference/functions/as_boolean"")"
sql/databend/base/09_fuse_engine/09_0036_merge_into_without_distributed_enable.slt,"MERGE INTO orders AS tt USING
(
    SELECT
        CASE
            WHEN number % 2 = 0 THEN (number / 2) % 250000
            ELSE (SELECT MAX(order_id) FROM orders) + number + 1
        END AS order_id,
        number % 100000 AS user_id,
        CASE WHEN (rand() * 10)::int % 2 = 0 THEN 'buy'
             ELSE 'sell'
        END AS order_type,
        CASE WHEN (rand() * 10)::int % 3 = 0 THEN 'BTC'
             WHEN (rand() * 10)::int % 3 = 1 THEN 'ETH'
             ELSE 'XRP'
        END AS asset_type,
        (rand() * 100)::decimal(18, 8) AS quantity,
        (rand() * 1000)::decimal(18, 8) AS price,
        CASE WHEN (rand() * 10)::int % 3 = 0 THEN 'completed'
             WHEN (rand() * 10)::int % 3 = 1 THEN 'pending'
             ELSE 'cancelled'
        END AS status,
        date_add('day', floor(rand() * 10 % 365)::int, '2021-01-01') AS created_at,
        date_add('day', floor(rand() * 10 % 365)::int, '2021-01-01') AS updated_at,
        CASE WHEN number % 2 = 0 THEN false ELSE true END AS is_delete
    FROM numbers(5000)
) AS ss
ON (tt.user_id = ss.user_id AND tt.asset_type = ss.asset_type)
WHEN MATCHED AND ss.is_delete = true THEN
    DELETE
WHEN MATCHED AND ss.is_delete = false THEN
    UPDATE  * WHEN NOT MATCHED THEN
    INSERT *;","000301 (02000): SQL error: ParserError(""Expected: SET, found: * at Line: 31, Column: 13"")",
sql/bronze_scope/sql-reference-functions/Semi-structured_and_structured_data/as_boolean.slt,"WITH as_boolean_example AS (
  SELECT
    TO_VARIANT(TO_BOOLEAN(TRUE)) AS boolean1,
    TO_VARIANT(TO_BOOLEAN(FALSE)) AS boolean2
)
SELECT AS_BOOLEAN(boolean1) AS boolean_true,
       AS_BOOLEAN(boolean2) AS boolean_false
  FROM as_boolean_example",000301 (02000): SQL compilation error: unsupported feature: Function 'as_boolean' is not implemented yet. Details: https://docs.snowflake.com/en/sql-reference/functions/as_boolean,
sql/bronze_scope/sql-reference-functions/String_&_binary/chr.slt,"SELECT column1, CHR(column1)
FROM (VALUES(-1))",002003 (42000): SQL compilation error: invalid Unicode scalar value: -1,
sql/bronze_scope/sql-reference-functions/String_&_binary/chr.slt,"SELECT column1, CHR(column1)
FROM (VALUES(999999999999))",002003 (42000): SQL compilation error: invalid Unicode scalar value: 999999999999,
sql/bronze_scope/sql-reference-commands/Query_syntax/group-by-grouping-sets.slt,"SELECT COUNT(*), medical_license, radio_license
  FROM nurses
  GROUP BY GROUPING SETS (medical_license, radio_license)","000301 (02000): SQL error: ParserError(""Expected: (, found: medical_license at Line: 3, Column: 27"")",
sql/bronze_scope/sql-reference-functions/Hash/hash_agg.slt,"WITH orders AS (
  SELECT * FROM VALUES
    (1, 101, '2023-01-15', 'P'),
    (2, 102, '2023-01-16', 'F'),
    (3, 103, '2023-01-17', 'P'),
    (4, 104, '2023-01-18', 'F'),
    (5, 105, '2023-01-19', 'P')
  AS orders(order_id, customer_id, order_date, order_status)
)
SELECT HASH_AGG(*) FROM orders;",000301 (02000): SQL compilation error: unsupported feature: Function 'hash_agg' is not implemented yet. Details: https://docs.snowflake.com/en/sql-reference/functions/hash_agg,
sql/bronze_scope/data-types/structured.slt,"INSERT INTO test_basic_object
SELECT 1, OBJECT_CONSTRUCT('name', 'Alice', 'age', 30, 'active', true), OBJECT_CONSTRUCT('x', 1.0, 'y', 2.0, 'z', 3.0)
UNION ALL SELECT 2, OBJECT_CONSTRUCT('name', 'Bob', 'age', 25, 'active', false), OBJECT_CONSTRUCT('x', 10.5, 'y', 20.5, 'z', 30.5)
UNION ALL SELECT 3, OBJECT_CONSTRUCT('name', 'Charlie', 'age', 35, 'active', true), OBJECT_CONSTRUCT('x', 0.0, 'y', 0.0, 'z', 0.0)
UNION ALL SELECT 4, NULL, NULL;","000301 (02000): Error during planning: Projections require unique expression names but the expression ""NULL"" at position 1 and ""NULL"" at position 2 have the same name. Consider aliasing (""AS"") one of them.",
sql/databend/base/09_fuse_engine/09_0036_merge_into_without_distributed_enable.slt,create or replace table tmp_01 like tb_01;,010001 (02000): SQL parser error: sql parser error: syntax error unexpected end of input,
sql/bronze_scope/data-types/structured.slt,"INSERT INTO test_map_alternative
SELECT 1, OBJECT_CONSTRUCT('apple', 1, 'banana', 2, 'cherry', 3), OBJECT_CONSTRUCT('pi', 3.14, 'e', 2.71)
UNION ALL SELECT 2, OBJECT_CONSTRUCT('hello', 100, 'world', 200), OBJECT_CONSTRUCT('half', 0.5, 'quarter', 0.25)
UNION ALL SELECT 3, OBJECT_CONSTRUCT(), OBJECT_CONSTRUCT()  -- Empty objects
UNION ALL SELECT 4, OBJECT_CONSTRUCT('single', 42), OBJECT_CONSTRUCT('zero', 0.0)
UNION ALL SELECT 5, NULL, NULL;","000301 (02000): Error during planning: Projections require unique expression names but the expression ""object_construct()"" at position 1 and ""object_construct()"" at position 2 have the same name. Consider aliasing (""AS"") one of them.",
sql/bronze_scope/sql-reference-functions/String_&_binary/parse_url.slt,"WITH parse_url_test AS (
  SELECT * FROM VALUES
    (1, 'mailto:abc@xyz.com'),
    (2, 'https://www.snowflake.com/'),
    (3, 'http://USER:PASS@EXAMPLE.INT:4345/HELLO.PHP?USER=1'),
    (4, NULL)
  AS t(id, sample_url)
)
SELECT
  id,
  PARSE_URL(sample_url) AS parsed_url
FROM
  parse_url_test
ORDER BY
  id;",000301 (02000): SQL compilation error: unsupported feature: Function 'parse_url' is not implemented yet. Details: https://docs.snowflake.com/en/sql-reference/functions/parse_url,"0: 00000000-0000-0000-0000-077edd0aba2d: Query execution error: DataFusion error: This feature is not implemented: Function 'months_between' is not implemented yet. Details: https://docs.snowflake.com/en/sql-reference/functions/months_between, at crates/core-executor/src/service.rs:589:60
1: DataFusion error: This feature is not implemented: Function 'months_between' is not implemented yet. Details: https://docs.snowflake.com/en/sql-reference/functions/months_between, at crates/core-executor/src/query.rs:303:44
2: NotImplemented(""Function 'months_between' is not implemented yet. Details: https://docs.snowflake.com/en/sql-reference/functions/months_between"")"
sql/databend/base/09_fuse_engine/09_0036_merge_into_without_distributed_enable.slt,"insert into tmp_01 values(1,'abc',to_date('2023-11-29'),parse_json('{""a"":1}'));",000301 (02000): Error during planning: table 'embucket.public.tmp_01' not found,"0: 00000000-0000-0000-0000-077edd0aba2d: Query execution error: DataFusion error: This feature is not implemented: Function 'months_between' is not implemented yet. Details: https://docs.snowflake.com/en/sql-reference/functions/months_between, at crates/core-executor/src/service.rs:589:60
1: DataFusion error: This feature is not implemented: Function 'months_between' is not implemented yet. Details: https://docs.snowflake.com/en/sql-reference/functions/months_between, at crates/core-executor/src/query.rs:303:44
2: NotImplemented(""Function 'months_between' is not implemented yet. Details: https://docs.snowflake.com/en/sql-reference/functions/months_between"")"
sql/bronze_scope/sql-reference-functions/Date_&_time/months_between.slt,"WITH test_data AS (
    SELECT
        '2019-03-15'::DATE AS date1,
        '2019-02-15'::DATE AS date2,
        '2019-03-31'::DATE AS date3,
        '2019-02-28'::DATE AS date4
)
SELECT
    MONTHS_BETWEEN(date1, date2) AS MonthsBetween1,
    MONTHS_BETWEEN(date3, date4) AS MonthsBetween2
FROM test_data",000301 (02000): SQL compilation error: unsupported feature: Function 'months_between' is not implemented yet. Details: https://docs.snowflake.com/en/sql-reference/functions/months_between,"0: 00000000-0000-0000-0000-077edd0ab969: Query execution error: DataFusion error when building logical plan for merge source: Error during planning: table 'embucket.public.tmp_01' not found, at crates/core-executor/src/service.rs:589:60
1: DataFusion error when building logical plan for merge source: Error during planning: table 'embucket.public.tmp_01' not found, at crates/core-executor/src/query.rs:1379:22
2: Diagnostic(Diagnostic { kind: Error, message: ""table 'tmp_01' not found"", span: Some(Span(Location(1,46)..Location(1,52))), notes: [], helps: [] }, Plan(""table 'embucket.public.tmp_01' not found""))"
sql/bronze_scope/sql-reference-functions/String_&_binary/parse_url.slt,"WITH parse_url_test AS (
  SELECT * FROM VALUES
    (1, 'mailto:abc@xyz.com'),
    (2, 'https://www.snowflake.com/'),
    (3, 'http://USER:PASS@EXAMPLE.INT:4345/HELLO.PHP?USER=1'),
    (4, NULL)
  AS t(id, sample_url)
)
SELECT
  id,
  sample_url,
  PARSE_URL(sample_url):host AS host
FROM
  parse_url_test
ORDER BY
  id;",000301 (02000): SQL compilation error: unsupported feature: Function 'parse_url' is not implemented yet. Details: https://docs.snowflake.com/en/sql-reference/functions/parse_url,"0: 00000000-0000-0000-0000-077edd0ab89f: Query execution error: DataFusion error: This feature is not implemented: Function 'months_between' is not implemented yet. Details: https://docs.snowflake.com/en/sql-reference/functions/months_between, at crates/core-executor/src/service.rs:589:60
1: DataFusion error: This feature is not implemented: Function 'months_between' is not implemented yet. Details: https://docs.snowflake.com/en/sql-reference/functions/months_between, at crates/core-executor/src/query.rs:303:44
2: NotImplemented(""Function 'months_between' is not implemented yet. Details: https://docs.snowflake.com/en/sql-reference/functions/months_between"")"
sql/databend/base/09_fuse_engine/09_0036_merge_into_without_distributed_enable.slt,"merge into  tb_01 as T using ( select * from tmp_01) as S on t.id = s.id when matched then update set id = s.id, c1 = s.c1, c2 = s.c2, c3 = s.c3 when not matched then insert (id, c1, c2, c3) values(s.id, s.c1, s.c2, s.c3);","002003 (42000): SQL compilation error: error line 1 at position 46
table 'tmp_01' not found","0: 00000000-0000-0000-0000-077edd0ab89f: Query execution error: DataFusion error: This feature is not implemented: Function 'months_between' is not implemented yet. Details: https://docs.snowflake.com/en/sql-reference/functions/months_between, at crates/core-executor/src/service.rs:589:60
1: DataFusion error: This feature is not implemented: Function 'months_between' is not implemented yet. Details: https://docs.snowflake.com/en/sql-reference/functions/months_between, at crates/core-executor/src/query.rs:303:44
2: NotImplemented(""Function 'months_between' is not implemented yet. Details: https://docs.snowflake.com/en/sql-reference/functions/months_between"")"
sql/bronze_scope/sql-reference-functions/Date_&_time/months_between.slt,"WITH test_data AS (
    SELECT
        '2019-03-01'::DATE AS date1,
        '2019-02-15'::DATE AS date2,
        '2019-03-01 02:00:00'::TIMESTAMP AS timestamp1,
        '2019-02-15 01:00:00'::TIMESTAMP AS timestamp2,
        '2019-02-15 02:00:00'::TIMESTAMP AS timestamp3
)
SELECT
    MONTHS_BETWEEN(date1, date2) AS MonthsBetween1,
    MONTHS_BETWEEN(timestamp1, timestamp2) AS MonthsBetween2,
    MONTHS_BETWEEN(timestamp3, timestamp2) AS MonthsBetween3
FROM test_data",000301 (02000): SQL compilation error: unsupported feature: Function 'months_between' is not implemented yet. Details: https://docs.snowflake.com/en/sql-reference/functions/months_between,
sql/bronze_scope/sql-reference-functions/String_&_binary/parse_url.slt,"WITH parse_url_test AS (
  SELECT * FROM VALUES
    (1, 'mailto:abc@xyz.com'),
    (2, 'https://www.snowflake.com/'),
    (3, 'http://USER:PASS@EXAMPLE.INT:4345/HELLO.PHP?USER=1'),
    (4, NULL)
  AS t(id, sample_url)
)
SELECT *
  FROM parse_url_test
  WHERE PARSE_URL(sample_url):port = '4345';",000301 (02000): SQL compilation error: unsupported feature: Function 'parse_url' is not implemented yet. Details: https://docs.snowflake.com/en/sql-reference/functions/parse_url,"0: 00000000-0000-0000-0000-077edd0ab708: Query execution error: DataFusion error: This feature is not implemented: Function 'months_between' is not implemented yet. Details: https://docs.snowflake.com/en/sql-reference/functions/months_between, at crates/core-executor/src/service.rs:589:60
1: DataFusion error: This feature is not implemented: Function 'months_between' is not implemented yet. Details: https://docs.snowflake.com/en/sql-reference/functions/months_between, at crates/core-executor/src/query.rs:303:44
2: NotImplemented(""Function 'months_between' is not implemented yet. Details: https://docs.snowflake.com/en/sql-reference/functions/months_between"")"
sql/bronze_scope/sql-reference-functions/Date_&_time/months_between.slt,"WITH test_data AS (
    SELECT
        '2019-03-28'::DATE AS date1,
        '2019-02-28'::DATE AS date2,
        '2019-03-30'::DATE AS date3,
        '2019-03-31'::DATE AS date4
)
SELECT
    MONTHS_BETWEEN(date1, date2) AS MonthsBetween1,
    MONTHS_BETWEEN(date3, date2) AS MonthsBetween2,
    MONTHS_BETWEEN(date4, date2) AS MonthsBetween3
FROM test_data",000301 (02000): SQL compilation error: unsupported feature: Function 'months_between' is not implemented yet. Details: https://docs.snowflake.com/en/sql-reference/functions/months_between,"0: 00000000-0000-0000-0000-077edd0ab640: Query execution error: DataFusion error: This feature is not implemented: Function 'parse_url' is not implemented yet. Details: https://docs.snowflake.com/en/sql-reference/functions/parse_url, at crates/core-executor/src/service.rs:589:60
1: DataFusion error: This feature is not implemented: Function 'parse_url' is not implemented yet. Details: https://docs.snowflake.com/en/sql-reference/functions/parse_url, at crates/core-executor/src/query.rs:303:44
2: NotImplemented(""Function 'parse_url' is not implemented yet. Details: https://docs.snowflake.com/en/sql-reference/functions/parse_url"")"
sql/bronze_scope/sql-reference-functions/String_&_binary/parse_url.slt,"WITH parse_url_test AS (
  SELECT * FROM VALUES
    (1, 'mailto:abc@xyz.com'),
    (2, 'https://www.snowflake.com/'),
    (3, 'http://USER:PASS@EXAMPLE.INT:4345/HELLO.PHP?USER=1'),
    (4, NULL)
  AS t(id, sample_url)
)
SELECT *
  FROM parse_url_test
  WHERE PARSE_URL(sample_url):host = 'www.snowflake.com';",000301 (02000): SQL compilation error: unsupported feature: Function 'parse_url' is not implemented yet. Details: https://docs.snowflake.com/en/sql-reference/functions/parse_url,
sql/bronze_scope/sql-reference-functions/Date_&_time/months_between.slt,"WITH test_data AS (
    SELECT
        '2019-03-01'::DATE AS date1,
        '2019-02-01'::DATE AS date2
)
SELECT
    MONTHS_BETWEEN(date1, date2) AS MonthsBetween1,
    MONTHS_BETWEEN(date2, date1) AS MonthsBetween2
FROM test_data",000301 (02000): SQL compilation error: unsupported feature: Function 'months_between' is not implemented yet. Details: https://docs.snowflake.com/en/sql-reference/functions/months_between,"0: 00000000-0000-0000-0000-077edd0ab4a9: Query execution error: DataFusion error: This feature is not implemented: Function 'parse_url' is not implemented yet. Details: https://docs.snowflake.com/en/sql-reference/functions/parse_url, at crates/core-executor/src/service.rs:589:60
1: DataFusion error: This feature is not implemented: Function 'parse_url' is not implemented yet. Details: https://docs.snowflake.com/en/sql-reference/functions/parse_url, at crates/core-executor/src/query.rs:303:44
2: NotImplemented(""Function 'parse_url' is not implemented yet. Details: https://docs.snowflake.com/en/sql-reference/functions/parse_url"")"
sql/bronze_scope/sql-reference-functions/String_&_binary/parse_url.slt,"SELECT PARSE_URL('example.int/hello.php?user=12#nofragment', 0)",000301 (02000): SQL compilation error: unsupported feature: Function 'parse_url' is not implemented yet. Details: https://docs.snowflake.com/en/sql-reference/functions/parse_url,
sql/bronze_scope/sql-reference-functions/String_&_binary/parse_url.slt,"SELECT PARSE_URL('example.int/hello.php?user=12#nofragment', 1)",000301 (02000): SQL compilation error: unsupported feature: Function 'parse_url' is not implemented yet. Details: https://docs.snowflake.com/en/sql-reference/functions/parse_url,
sql/bronze_scope/sql-reference-functions/Conditional_expression/boolnot.slt,"SELECT BOOLNOT(0), BOOLNOT(10), BOOLNOT(-3.79), BOOLNOT(NULL)",000301 (02000): SQL compilation error: unsupported feature: Function 'boolnot' is not implemented yet. Details: https://docs.snowflake.com/en/sql-reference/functions/boolnot,
sql/databend/base/09_fuse_engine/09_0036_merge_into_without_distributed_enable.slt,delete from null_source where a = 3;,000301 (02000): SQL compilation error: unsupported feature: Unsupported logical plan: Dml(Delete),
sql/bronze_scope/data-types/float.slt,"INSERT INTO test_float VALUES 
    (1, 123.456),
    (2, -123.456),
    (3, 0.0),
    (4, 1.7976931348623157e+308),  -- Near max double
    (5, -1.7976931348623157e+308), -- Near min double
    (6, 2.2250738585072014e-308),  -- Near min positive double
    (7, 'NaN'::FLOAT),
    (8, 'inf'::FLOAT),
    (9, '-inf'::FLOAT),
    (10, NULL);",000301 (02000): SQL compilation error: unsupported feature: Decimal scale -292 exceeds the minimum supported scale: -128,
sql/databend/base/09_fuse_engine/09_0036_merge_into_without_distributed_enable.slt,"merge into null_target using null_source on null_target.a = null_source.a when matched then update *
when not matched then insert (b) values(null_source.b);","000301 (02000): SQL error: ParserError(""Expected: SET, found: * at Line: 1, Column: 100"")",
sql/bronze_scope/sql-reference-functions/Semi-structured_and_structured_data/as_double-real.slt,"WITH as_double_example AS (
  SELECT TO_VARIANT(TO_DOUBLE(1.23)) AS double1
)
SELECT AS_DOUBLE(double1) double_value
FROM as_double_example",000301 (02000): SQL compilation error: unsupported feature: Function 'to_double' is not implemented yet. Details: https://docs.snowflake.com/en/sql-reference/functions/to_double,
sql/bronze_scope/sql-reference-commands/Query_syntax/qualify.slt,SELECT * FROM qual_test QUALIFY x > 0;,000301 (02000): Error during planning: QUALIFY clause requires window functions in the SELECT list or QUALIFY clause,
sql/bronze_scope/sql-reference-functions/Numeric/trunc.slt,"WITH numeric_trunc_demo(n, scale) AS (SELECT * FROM
  VALUES
    (-975.975, -1), (-975.975, 0), (-975.975, 2),
    (135.135, -2), (135.135, 0), (135.135, 1),
    (135.135, 3), (135.135, 50), (135.135, NULL)
)
SELECT DISTINCT n, TRUNCATE(n)
FROM numeric_trunc_demo ORDER BY n",000301 (02000): SQL compilation error: unsupported feature: Function 'truncate' is not implemented yet. Details: https://docs.snowflake.com/en/sql-reference/functions/trunc,
sql/bronze_scope/sql-reference-functions/Aggregate/min_by.slt,"WITH employees(employee_id, department_id, salary) AS (
  SELECT * FROM VALUES
    (1001, 10, 10000),
    (1020, 10, 9000),
    (1030, 10, 8000),
    (900, 20, 15000),
    (2000, 20, NULL),
    (2010, 20, 15000),
    (2020, 20, 8000)
)
SELECT MIN_BY(employee_id, salary) FROM employees;",000301 (02000): SQL compilation error: unsupported feature: Function 'min_by' is not implemented yet. Details: https://docs.snowflake.com/en/sql-reference/functions/min_by,
sql/bronze_scope/sql-reference-functions/Aggregate/min_by.slt,"WITH employees(employee_id, department_id, salary) AS (
  SELECT * FROM VALUES
    (1001, 10, 10000),
    (1020, 10, 9000),
    (1030, 10, 8000),
    (900, 20, 15000),
    (2000, 20, NULL),
    (2010, 20, 15000),
    (2020, 20, 8000)
)
SELECT MIN_BY(employee_id, salary, 3) FROM employees;",000301 (02000): SQL compilation error: unsupported feature: Function 'min_by' is not implemented yet. Details: https://docs.snowflake.com/en/sql-reference/functions/min_by,
sql/bronze_scope/sql-reference-functions/Conditional_expression/in.slt,"SELECT (1, 2, 3) IN (
    SELECT col_1, col_2, col_3 FROM my_table
    ) AS RESULT","002003 (42000): SQL compilation error: error line 1 at position 29
Too many columns! The subquery should only return one column",
sql/bronze_scope/sql-reference-functions/Bitwise_expression/bitand.slt,"WITH bits AS (
  SELECT * FROM VALUES
    (11, 1, 1),
    (24, 2, 4),
    (42, 4, 2),
    (1624, 16, 24),
    (65504, 0, 65504),
    (0, NULL, NULL) AS t(ID, bit1, bit2))
SELECT bit1,
       bit2,
       BITAND(bit1, bit2),
       BITOR(bit1, bit2),
       BITXOR(bit1, BIT2)
  FROM bits
  ORDER BY bit1;",000301 (02000): SQL compilation error: unsupported feature: Function 'bitand' is not implemented yet. Details: https://docs.snowflake.com/en/sql-reference/functions/bitand,
sql/bronze_scope/sql-reference-functions/Date_&_time/trunc2.slt,"WITH test_date_trunc AS (
  SELECT * FROM VALUES
  ('2024-05-09'::DATE, '08:50:48'::TIME, '2024-05-09 08:50:57.891 -0700'::TIMESTAMP)
  AS V(mydate, mytime, mytimestamp)
)
SELECT mydate AS ""DATE"",
       TRUNC(mydate, 'year') AS ""TRUNCATED TO YEAR"",
       TRUNC(mydate, 'month') AS ""TRUNCATED TO MONTH"",
       TRUNC(mydate, 'day') AS ""TRUNCATED TO DAY""
  FROM test_date_trunc","000301 (02000): Error during planning: Failed to coerce arguments to satisfy a call to 'trunc' function: coercion from [Date32, Utf8] to the signature OneOf([Exact([Float32, Int64]), Exact([Float64, Int64]), Exact([Float64]), Exact([Float32])]) failed No function matches the given name and argument types 'trunc(Date32, Utf8)'. You might need to add explicit type casts.
	Candidate functions:
	trunc(Float32, Int64)
	trunc(Float64, Int64)
	trunc(Float64)
	trunc(Float32)",
sql/bronze_scope/sql-reference-functions/Bitwise_expression/bitand.slt,"WITH bits AS (
  SELECT * FROM VALUES
    (1, x'1010', x'0101', x'11001010'),
    (2, x'1100', x'0011', x'01011010'),
    (3, x'BCBC', x'EEFF', x'ABCDABCD'),
    (4, NULL, NULL, NULL) AS t(ID, bit1, bit2, bit3))
SELECT bit1,
       bit2,
       BITAND(bit1, bit2),
       BITOR(bit1, bit2),
       BITXOR(bit1, bit2)
  FROM bits",000301 (02000): SQL compilation error: unsupported feature: Function 'bitand' is not implemented yet. Details: https://docs.snowflake.com/en/sql-reference/functions/bitand,
sql/bronze_scope/sql-reference-functions/Date_&_time/trunc2.slt,"WITH test_date_trunc AS (
  SELECT * FROM VALUES
  ('2024-05-09'::DATE, '08:50:48'::TIME, '2024-05-09 08:50:57.891 -0700'::TIMESTAMP)
  AS V(mydate, mytime, mytimestamp)
)
SELECT mytime AS ""TIME"",
       TRUNC(mytime, 'minute') AS ""TRUNCATED TO MINUTE""
  FROM test_date_trunc","000301 (02000): Error during planning: Failed to coerce arguments to satisfy a call to 'trunc' function: coercion from [Time64(Nanosecond), Utf8] to the signature OneOf([Exact([Float32, Int64]), Exact([Float64, Int64]), Exact([Float64]), Exact([Float32])]) failed No function matches the given name and argument types 'trunc(Time64(Nanosecond), Utf8)'. You might need to add explicit type casts.
	Candidate functions:
	trunc(Float32, Int64)
	trunc(Float64, Int64)
	trunc(Float64)
	trunc(Float32)",
sql/bronze_scope/sql-reference-functions/Bitwise_expression/bitand.slt,"SELECT bit1,
       bit3,
       BITAND(bit1, bit3),
       BITOR(bit1, bit3),
       BITXOR(bit1, bit3)
  FROM bits",000301 (02000): SQL compilation error: unsupported feature: Function 'bitand' is not implemented yet. Details: https://docs.snowflake.com/en/sql-reference/functions/bitand,
sql/bronze_scope/sql-reference-functions/Date_&_time/trunc2.slt,"WITH test_date_trunc AS (
  SELECT * FROM VALUES
  ('2024-05-09'::DATE, '08:50:48'::TIME, '2024-05-09 08:50:57.891 -0700'::TIMESTAMP)
  AS V(mydate, mytime, mytimestamp)
)
SELECT mytimestamp AS ""TIMESTAMP"",
       TRUNC(mytimestamp, 'hour') AS ""TRUNCATED TO HOUR"",
       TRUNC(mytimestamp, 'minute') AS ""TRUNCATED TO MINUTE"",
       TRUNC(mytimestamp, 'second') AS ""TRUNCATED TO SECOND""
  FROM test_date_trunc","000301 (02000): Error during planning: Failed to coerce arguments to satisfy a call to 'trunc' function: coercion from [Timestamp(Nanosecond, None), Utf8] to the signature OneOf([Exact([Float32, Int64]), Exact([Float64, Int64]), Exact([Float64]), Exact([Float32])]) failed No function matches the given name and argument types 'trunc(Timestamp(Nanosecond, None), Utf8)'. You might need to add explicit type casts.
	Candidate functions:
	trunc(Float32, Int64)
	trunc(Float64, Int64)
	trunc(Float64)
	trunc(Float32)",
sql/bronze_scope/sql-reference-functions/Bitwise_expression/bitand.slt,"SELECT bit1,
       bit3,
       BITAND(bit1, bit3, 'LEFT'),
       BITOR(bit1, bit3, 'LEFT'),
       BITXOR(bit1, bit3, 'LEFT')
  FROM bits",000301 (02000): SQL compilation error: unsupported feature: Function 'bitand' is not implemented yet. Details: https://docs.snowflake.com/en/sql-reference/functions/bitand,
sql/bronze_scope/sql-reference-functions/Date_&_time/trunc2.slt,"WITH test_date_trunc AS (
  SELECT * FROM VALUES
  ('2024-05-09'::DATE, '08:50:48'::TIME, '2024-05-09 08:50:57.891 -0700'::TIMESTAMP)
  AS V(mydate, mytime, mytimestamp)
)
SELECT TRUNC(mytimestamp, 'quarter') AS ""TRUNCATED"",
       EXTRACT('quarter', mytimestamp) AS ""EXTRACTED""
  FROM test_date_trunc","000301 (02000): Error during planning: Failed to coerce arguments to satisfy a call to 'trunc' function: coercion from [Timestamp(Nanosecond, None), Utf8] to the signature OneOf([Exact([Float32, Int64]), Exact([Float64, Int64]), Exact([Float64]), Exact([Float32])]) failed No function matches the given name and argument types 'trunc(Timestamp(Nanosecond, None), Utf8)'. You might need to add explicit type casts.
	Candidate functions:
	trunc(Float32, Int64)
	trunc(Float64, Int64)
	trunc(Float64)
	trunc(Float32)",
sql/bronze_scope/sql-reference-functions/Bitwise_expression/bitand.slt,"SELECT bit1,
       bit3,
       BITAND(bit1, bit3, 'RIGHT'),
       BITOR(bit1, bit3, 'RIGHT'),
       BITXOR(bit1, bit3, 'RIGHT')
  FROM bits",000301 (02000): SQL compilation error: unsupported feature: Function 'bitand' is not implemented yet. Details: https://docs.snowflake.com/en/sql-reference/functions/bitand,
sql/bronze_scope/sql-reference-functions/String_&_binary/split_part.slt,"SELECT column1 part_number_value, column2 portion
  FROM VALUES
    (0, SPLIT_PART('11.22.33', '.',  0)),
    (1, SPLIT_PART('11.22.33', '.',  1)),
    (2, SPLIT_PART('11.22.33', '.',  2)),
    (3, SPLIT_PART('11.22.33', '.',  3)),
    (4, SPLIT_PART('11.22.33', '.',  4)),
    (-1, SPLIT_PART('11.22.33', '.',  -1)),
    (-2, SPLIT_PART('11.22.33', '.',  -2)),
    (-3, SPLIT_PART('11.22.33', '.',  -3)),
    (-4, SPLIT_PART('11.22.33', '.',  -4))",002003 (42000): SQL compilation error: field position must not be zero,
sql/bronze_scope/sql-reference-commands/Query_syntax/select.slt,"SELECT t1.product_id AS prod_id, t2.prod_id
FROM table1 AS t1 JOIN table2 AS t2
  ON t1.product_id=t2.prod_id
GROUP BY prod_id, t2.prod_id;",000301 (02000): Schema error: Schema contains qualified field name t2.prod_id and unqualified field name prod_id which would be ambiguous,
sql/bronze_scope/sql-reference-functions/Semi-structured_and_structured_data/as_char-varchar.slt,"WITH as_varchar_example AS (
  SELECT TO_VARIANT('My VARCHAR value') AS varchar1
)
SELECT AS_VARCHAR(varchar1) AS varchar_value
  FROM as_varchar_example",000301 (02000): SQL compilation error: unsupported feature: Function 'as_varchar' is not implemented yet. Details: https://docs.snowflake.com/en/sql-reference/functions/as_char-varchar,
sql/bronze_scope/sql-reference-functions/Semi-structured_and_structured_data/parse_json.slt,"SELECT PARSE_JSON('{ ""a"" : ""123"", ""b"" : ""456"", ""a"": ""789""} ')",,
sql/bronze_scope/sql-reference-functions/Semi-structured_and_structured_data/parse_json.slt,"WITH vartab AS (
  SELECT column1 AS n, PARSE_JSON(column2, 'd') AS v
  FROM VALUES (10, '{ ""a"" : ""123"", ""b"" : ""456"", ""a"": ""789""} ')
  AS vals
)
SELECT v
  FROM vartab
  WHERE n = 10","000301 (02000): Error during planning: Internal error: Function 'parse_json' failed to match any signature, errors: Error during planning: The function 'parse_json' expected 1 arguments but received 2.
This issue was likely caused by a bug in DataFusion's code. Please help us to resolve this by filing a bug report in our issue tracker: https://github.com/apache/datafusion/issues No function matches the given name and argument types 'parse_json(Utf8, Utf8)'. You might need to add explicit type casts.
	Candidate functions:
	parse_json(Any)",
sql/bronze_scope/sql-reference-functions/Semi-structured_and_structured_data/parse_json.slt,"SELECT TO_JSON(NULL), TO_JSON('null'::VARIANT),
       PARSE_JSON(NULL), PARSE_JSON('null')",000301 (02000): SQL compilation error: unsupported feature: Function 'to_json' is not implemented yet. Details: https://docs.snowflake.com/en/sql-reference/functions/to_json,
sql/bronze_scope/sql-reference-functions/Semi-structured_and_structured_data/parse_json.slt,"WITH jdemo2 AS (
  SELECT '{""PI"":3.14}' AS varchar1, PARSE_JSON('{""PI"":3.14}') AS variant1
)
SELECT varchar1,
       PARSE_JSON(varchar1),
       variant1,
       TO_JSON(variant1),
       PARSE_JSON(varchar1) = variant1,
       TO_JSON(variant1) = varchar1
  FROM jdemo2",000301 (02000): SQL compilation error: unsupported feature: Function 'to_json' is not implemented yet. Details: https://docs.snowflake.com/en/sql-reference/functions/to_json,
sql/bronze_scope/sql-reference-functions/Semi-structured_and_structured_data/as_decimal.slt,"SELECT AS_DECIMAL(TO_VARIANT(1.23::DECIMAL(6, 3)), 6, 3) AS decimal_value",000301 (02000): SQL compilation error: unsupported feature: Function 'as_decimal' is not implemented yet. Details: https://docs.snowflake.com/en/sql-reference/functions/as_decimal-number,
sql/bronze_scope/sql-reference-functions/Semi-structured_and_structured_data/parse_json.slt,"SELECT TO_JSON(PARSE_JSON('{""b"":1,""a"":2}')),
       TO_JSON(PARSE_JSON('{""b"":1,""a"":2}')) = '{""b"":1,""a"":2}',
       TO_JSON(PARSE_JSON('{""b"":1,""a"":2}')) = '{""a"":2,""b"":1}'",000301 (02000): SQL compilation error: unsupported feature: Function 'to_json' is not implemented yet. Details: https://docs.snowflake.com/en/sql-reference/functions/to_json,
sql/bronze_scope/sql-reference-functions/String_&_binary/like_all.slt,"WITH like_all_example(name) AS (SELECT * FROM
    VALUES
    ('John  Dddoe'),
    ('Joe   Doe'),
    ('John_do%wn'),
    ('Joe down'),
    ('Tom   Doe'),
    ('Tim down'),
    (null)
)
SELECT *
  FROM like_all_example
  WHERE name LIKE ALL ('%Jo%oe%','J%e')
  ORDER BY name;","002003 (42000): SQL compilation error: error line 1 at position 203
Invalid function 'all'",
sql/bronze_scope/sql-reference-functions/Numeric/ceil.slt,"WITH test_ceiling AS (
  SELECT * FROM VALUES
    (-975.975, -1),
    (-975.975,  0),
    (-975.975,  2),
    ( 135.135, -2),
    ( 135.135,  0),
    ( 135.135,  1),
    ( 135.135,  3),
    ( 135.135, 50),
    ( 135.135, NULL)
  AS t(n, scale)
)
SELECT n, scale, CEIL(n, scale)
  FROM test_ceiling
  ORDER BY n, scale","000301 (02000): Error during planning: Failed to coerce arguments to satisfy a call to 'ceil' function: coercion from [Decimal128(6, 3), Int64] to the signature Uniform(1, [Float64, Float32]) failed No function matches the given name and argument types 'ceil(Decimal128(6, 3), Int64)'. You might need to add explicit type casts.
	Candidate functions:
	ceil(Float64/Float32)",
sql/bronze_scope/sql-reference-functions/Semi-structured_and_structured_data/array_size.slt,"WITH colors AS (
  SELECT parse_json(column1) AS v
  FROM VALUES
    ('[{r:255,g:12,b:0},{r:0,g:255,b:0},{r:0,g:0,b:255}]'),
    ('[{r:255,g:128,b:0},{r:128,g:255,b:0},{r:0,g:255,b:128},{r:0,g:128,b:255},{r:128,g:0,b:255},{r:255,g:0,b:128}]')
  AS t(column1)
)
SELECT ARRAY_SIZE(v) from colors",000506 (02000): Failed to deserialize JSON: key must be a string at line 1 column 3,
sql/bronze_scope/sql-reference-functions/String_&_binary/like_all.slt,"WITH like_all_example(name) AS (SELECT * FROM
    VALUES
    ('John  Dddoe'),
    ('Joe   Doe'),
    ('John_do%wn'),
    ('Joe down'),
    ('Tom   Doe'),
    ('Tim down'),
    (null)
)
SELECT *
  FROM like_all_example
  WHERE name LIKE ALL ('%Jo%oe%','J%n')
  ORDER BY name","002003 (42000): SQL compilation error: error line 1 at position 203
Invalid function 'all'",
sql/bronze_scope/sql-reference-functions/Date_&_time/timediff.slt,"SELECT TIMEDIFF(MONTH, '2017-01-1', '2017-12-31') AS Months;",000503 (02000): Can't get timestamp,
sql/bronze_scope/sql-reference-functions/Semi-structured_and_structured_data/array_size.slt,"WITH colors AS (
  SELECT parse_json(column1) AS v
  FROM VALUES
    ('[{r:255,g:12,b:0},{r:0,g:255,b:0},{r:0,g:0,b:255}]'),
    ('[{r:255,g:128,b:0},{r:128,g:255,b:0},{r:0,g:255,b:128},{r:0,g:128,b:255},{r:128,g:0,b:255},{r:255,g:0,b:128}]')
  AS t(column1)
)
SELECT GET(v, ARRAY_SIZE(v)-1) FROM colors",000506 (02000): Failed to deserialize JSON: key must be a string at line 1 column 3,
sql/bronze_scope/sql-reference-functions/String_&_binary/like_all.slt,"WITH like_all_example(name) AS (SELECT * FROM
    VALUES
    ('John  Dddoe'),
    ('Joe   Doe'),
    ('John_do%wn'),
    ('Joe down'),
    ('Tom   Doe'),
    ('Tim down'),
    (null)
)
SELECT *
  FROM like_all_example
  WHERE name LIKE ALL ('%J%h%^_do%', 'J%^%wn') ESCAPE '^'
  ORDER BY name;","002003 (42000): SQL compilation error: error line 1 at position 203
Invalid function 'all'",
sql/bronze_scope/sql-reference-functions/Semi-structured_and_structured_data/array_insert.slt,"SELECT ARRAY_INSERT(ARRAY_CONSTRUCT(0,1,2,3),5,'hello')",000506 (02000): Position 5 is out of bounds for array of length 4,
sql/bronze_scope/sql-reference-commands/Query_operators/operators-arithmetic.slt,SELECT val/0 FROM arith_test;,000601 (02000): Arrow error: Divide by zero error,
